2025/12/06 18:25:37 - mmengine - INFO - 
------------------------------------------------------------
System environment:
    sys.platform: linux
    Python: 3.8.20 (default, Oct  3 2024, 15:24:27) [GCC 11.2.0]
    CUDA available: True
    MUSA available: False
    numpy_random_seed: 1804412065
    GPU 0: NVIDIA GeForce GTX 1060 6GB
    CUDA_HOME: /usr/local/cuda
    NVCC: Cuda compilation tools, release 12.9, V12.9.86
    GCC: gcc (Ubuntu 13.3.0-6ubuntu2~24.04) 13.3.0
    PyTorch: 1.13.1
    PyTorch compiling details: PyTorch built with:
  - GCC 9.3
  - C++ Version: 201402
  - Intel(R) oneAPI Math Kernel Library Version 2023.1-Product Build 20230303 for Intel(R) 64 architecture applications
  - Intel(R) MKL-DNN v2.6.0 (Git Hash 52b5f107dd9cf10910aaa19cb47f3abf9b349815)
  - OpenMP 201511 (a.k.a. OpenMP 4.5)
  - LAPACK is enabled (usually provided by MKL)
  - NNPACK is enabled
  - CPU capability usage: AVX2
  - CUDA Runtime 11.7
  - NVCC architecture flags: -gencode;arch=compute_37,code=sm_37;-gencode;arch=compute_50,code=sm_50;-gencode;arch=compute_60,code=sm_60;-gencode;arch=compute_61,code=sm_61;-gencode;arch=compute_70,code=sm_70;-gencode;arch=compute_75,code=sm_75;-gencode;arch=compute_80,code=sm_80;-gencode;arch=compute_86,code=sm_86;-gencode;arch=compute_37,code=compute_37
  - CuDNN 8.5
  - Magma 2.6.1
  - Build settings: BLAS_INFO=mkl, BUILD_TYPE=Release, CUDA_VERSION=11.7, CUDNN_VERSION=8.5.0, CXX_COMPILER=/opt/rh/devtoolset-9/root/usr/bin/c++, CXX_FLAGS= -fabi-version=11 -Wno-deprecated -fvisibility-inlines-hidden -DUSE_PTHREADPOOL -fopenmp -DNDEBUG -DUSE_KINETO -DUSE_FBGEMM -DUSE_QNNPACK -DUSE_PYTORCH_QNNPACK -DUSE_XNNPACK -DSYMBOLICATE_MOBILE_DEBUG_HANDLE -DEDGE_PROFILER_USE_KINETO -O2 -fPIC -Wno-narrowing -Wall -Wextra -Werror=return-type -Werror=non-virtual-dtor -Wno-missing-field-initializers -Wno-type-limits -Wno-array-bounds -Wno-unknown-pragmas -Wunused-local-typedefs -Wno-unused-parameter -Wno-unused-function -Wno-unused-result -Wno-strict-overflow -Wno-strict-aliasing -Wno-error=deprecated-declarations -Wno-stringop-overflow -Wno-psabi -Wno-error=pedantic -Wno-error=redundant-decls -Wno-error=old-style-cast -fdiagnostics-color=always -faligned-new -Wno-unused-but-set-variable -Wno-maybe-uninitialized -fno-math-errno -fno-trapping-math -Werror=format -Werror=cast-function-type -Wno-stringop-overflow, LAPACK_INFO=mkl, PERF_WITH_AVX=1, PERF_WITH_AVX2=1, PERF_WITH_AVX512=1, TORCH_VERSION=1.13.1, USE_CUDA=ON, USE_CUDNN=ON, USE_EXCEPTION_PTR=1, USE_GFLAGS=OFF, USE_GLOG=OFF, USE_MKL=ON, USE_MKLDNN=ON, USE_MPI=OFF, USE_NCCL=ON, USE_NNPACK=ON, USE_OPENMP=ON, USE_ROCM=OFF, 

    TorchVision: 0.14.1
    OpenCV: 4.12.0
    MMEngine: 0.10.7

Runtime environment:
    cudnn_benchmark: False
    mp_cfg: {'mp_start_method': 'fork', 'opencv_num_threads': 0}
    dist_cfg: {'backend': 'nccl'}
    seed: 1804412065
    Distributed launcher: none
    Distributed training: False
    GPU number: 1
------------------------------------------------------------

2025/12/06 18:25:38 - mmengine - INFO - Config:
aug_pipeline = [
    dict(
        backend_args=None,
        coord_type='LIDAR',
        load_dim=5,
        type='LoadPointsFromFile',
        use_dim=5),
    dict(type='LoadAnnotations3D', with_bbox_3d=True, with_label_3d=True),
    dict(
        rot_range=[
            -0.3925,
            0.3925,
        ],
        scale_ratio_range=[
            0.95,
            1.05,
        ],
        translation_std=[
            0,
            0,
            0,
        ],
        type='GlobalRotScaleTrans'),
    dict(flip_ratio_bev_horizontal=0.5, type='RandomFlip3D'),
    dict(
        point_cloud_range=[
            -51.2,
            -51.2,
            -5.0,
            51.2,
            51.2,
            3.0,
        ],
        type='PointsRangeFilter'),
    dict(
        point_cloud_range=[
            -51.2,
            -51.2,
            -5.0,
            51.2,
            51.2,
            3.0,
        ],
        type='ObjectRangeFilter'),
    dict(classes=('car', ), type='ObjectNameFilter'),
    dict(type='PointShuffle'),
    dict(
        keys=[
            'points',
            'gt_bboxes_3d',
            'gt_labels_3d',
        ],
        type='Pack3DDetInputs'),
]
backend_args = None
base_train_dataloader = dict(
    batch_size=2,
    dataset=dict(
        ann_file='custom_infos_small_train.pkl',
        backend_args=None,
        box_type_3d='LiDAR',
        data_prefix=dict(img='', pts='samples/LIDAR_TOP', sweeps=''),
        data_root='data/nuscenes/',
        metainfo=dict(classes=('car', )),
        modality=dict(use_camera=False, use_lidar=True),
        pipeline=[
            dict(
                backend_args=None,
                coord_type='LIDAR',
                load_dim=5,
                type='LoadPointsFromFile',
                use_dim=5),
            dict(
                type='LoadAnnotations3D',
                with_bbox_3d=True,
                with_label_3d=True),
            dict(
                point_cloud_range=[
                    -51.2,
                    -51.2,
                    -5.0,
                    51.2,
                    51.2,
                    3.0,
                ],
                type='PointsRangeFilter'),
            dict(
                point_cloud_range=[
                    -51.2,
                    -51.2,
                    -5.0,
                    51.2,
                    51.2,
                    3.0,
                ],
                type='ObjectRangeFilter'),
            dict(classes=('car', ), type='ObjectNameFilter'),
            dict(type='PointShuffle'),
            dict(
                keys=[
                    'points',
                    'gt_bboxes_3d',
                    'gt_labels_3d',
                ],
                type='Pack3DDetInputs'),
        ],
        type='NuScenesDataset'),
    num_workers=2,
    persistent_workers=True,
    sampler=dict(shuffle=True, type='DefaultSampler'))
class_names = ('car', )
data_prefix = dict(img='', pts='samples/LIDAR_TOP', sweeps='')
data_root = 'data/nuscenes/'
db_info_path = data / nuscenes / custom_dbinfos_train.pkl
default_hooks = dict(
    checkpoint=dict(interval=1, max_keep_ckpts=3, type='CheckpointHook'),
    logger=dict(interval=10, type='LoggerHook'))
default_scope = 'mmdet3d'
env_cfg = dict(
    cudnn_benchmark=False,
    dist_cfg=dict(backend='nccl'),
    mp_cfg=dict(mp_start_method='fork', opencv_num_threads=0))
input_modality = dict(use_camera=False, use_lidar=True)
launcher = 'none'
load_from = None
log_level = 'INFO'
log_processor = dict(by_epoch=True, type='LogProcessor', window_size=50)
max_epochs = 50
metainfo = dict(classes=('car', ))
model = dict(
    data_preprocessor=dict(
        type='Det3DDataPreprocessor',
        voxel=True,
        voxel_layer=dict(
            max_num_points=32,
            max_voxels=(
                12000,
                12000,
            ),
            point_cloud_range=[
                -51.2,
                -51.2,
                -5.0,
                51.2,
                51.2,
                3.0,
            ],
            voxel_size=[
                0.16,
                0.16,
                0.2,
            ])),
    pts_backbone=dict(
        in_channels=64,
        layer_nums=[
            3,
            5,
            5,
        ],
        layer_strides=[
            2,
            2,
            2,
        ],
        norm_cfg=dict(eps=0.001, momentum=0.01, type='naiveSyncBN2d'),
        out_channels=[
            64,
            128,
            256,
        ],
        type='SECOND'),
    pts_bbox_head=dict(
        anchor_generator=dict(
            custom_values=[
                0,
                0,
            ],
            ranges=[
                [
                    -51.2,
                    -51.2,
                    -1.78,
                    51.2,
                    51.2,
                    -1.78,
                ],
            ],
            reshape_out=True,
            rotations=[
                0,
                1.57,
            ],
            scales=[
                1,
                2,
                4,
            ],
            sizes=[
                [
                    4.63,
                    1.97,
                    1.73,
                ],
            ],
            type='AlignedAnchor3DRangeGenerator'),
        assigner_per_size=False,
        bbox_coder=dict(code_size=9, type='DeltaXYZWLHRBBoxCoder'),
        diff_rad_by_sin=True,
        dir_offset=-0.7854,
        feat_channels=256,
        in_channels=256,
        loss_bbox=dict(
            beta=0.1111111111111111,
            loss_weight=1.0,
            type='mmdet.SmoothL1Loss'),
        loss_cls=dict(
            alpha=0.25,
            gamma=2.0,
            loss_weight=1.0,
            type='mmdet.FocalLoss',
            use_sigmoid=True),
        loss_dir=dict(
            loss_weight=0.2, type='mmdet.CrossEntropyLoss', use_sigmoid=False),
        num_classes=1,
        type='Anchor3DHead',
        use_direction_classifier=True),
    pts_middle_encoder=dict(
        in_channels=64, output_shape=[
            640,
            640,
        ], type='PointPillarsScatter'),
    pts_neck=dict(
        act_cfg=dict(type='ReLU'),
        in_channels=[
            64,
            128,
            256,
        ],
        norm_cfg=dict(eps=0.001, momentum=0.01, type='naiveSyncBN2d'),
        num_outs=3,
        out_channels=256,
        start_level=0,
        type='mmdet.FPN'),
    pts_voxel_encoder=dict(
        feat_channels=[
            64,
            64,
        ],
        in_channels=5,
        norm_cfg=dict(eps=0.001, momentum=0.01, type='naiveSyncBN1d'),
        point_cloud_range=[
            -51.2,
            -51.2,
            -5.0,
            51.2,
            51.2,
            3.0,
        ],
        type='HardVFE',
        voxel_size=[
            0.16,
            0.16,
            0.2,
        ],
        with_cluster_center=True,
        with_distance=False,
        with_voxel_center=True),
    test_cfg=dict(
        pts=dict(
            max_num=500,
            min_bbox_size=0,
            nms_across_levels=False,
            nms_pre=1000,
            nms_thr=0.2,
            score_thr=0.05,
            use_rotate_nms=True)),
    train_cfg=dict(
        pts=dict(
            allowed_border=0,
            assigner=dict(
                ignore_iof_thr=-1,
                iou_calculator=dict(type='BboxOverlapsNearest3D'),
                min_pos_iou=0.3,
                neg_iou_thr=0.3,
                pos_iou_thr=0.6,
                type='Max3DIoUAssigner'),
            code_weight=[
                1.0,
                1.0,
                1.0,
                1.0,
                1.0,
                1.0,
                1.0,
                0.2,
                0.2,
            ],
            debug=False,
            pos_weight=-1)),
    type='MVXFasterRCNN')
optim_wrapper = dict(
    clip_grad=dict(max_norm=10, norm_type=2),
    optimizer=dict(lr=0.001, type='AdamW', weight_decay=0.01),
    type='OptimWrapper')
param_scheduler = [
    dict(begin=0, by_epoch=False, end=500, start_factor=0.1, type='LinearLR'),
    dict(
        T_max=50,
        begin=0,
        by_epoch=True,
        end=50,
        eta_min=1e-05,
        type='CosineAnnealingLR'),
]
point_cloud_range = [
    -51.2,
    -51.2,
    -5.0,
    51.2,
    51.2,
    3.0,
]
resume = False
test_cfg = dict(type='TestLoop')
test_dataloader = dict(
    batch_size=1,
    dataset=dict(
        ann_file='custom_infos_val.pkl',
        backend_args=None,
        box_type_3d='LiDAR',
        data_prefix=dict(img='', pts='samples/LIDAR_TOP', sweeps=''),
        data_root='data/nuscenes/',
        metainfo=dict(classes=('car', )),
        modality=dict(use_camera=False, use_lidar=True),
        pipeline=[
            dict(
                backend_args=None,
                coord_type='LIDAR',
                load_dim=5,
                type='LoadPointsFromFile',
                use_dim=5),
            dict(
                point_cloud_range=[
                    -51.2,
                    -51.2,
                    -5.0,
                    51.2,
                    51.2,
                    3.0,
                ],
                type='PointsRangeFilter'),
            dict(keys=[
                'points',
            ], type='Pack3DDetInputs'),
        ],
        test_mode=True,
        type='NuScenesDataset'),
    num_workers=2,
    persistent_workers=True,
    sampler=dict(shuffle=False, type='DefaultSampler'))
test_evaluator = dict(
    ann_file='data/nuscenes/custom_infos_val.pkl',
    backend_args=None,
    classes=('car', ),
    data_root='data/nuscenes/',
    metric='bbox',
    type='NuScenesMetric')
test_pipeline = [
    dict(
        backend_args=None,
        coord_type='LIDAR',
        load_dim=5,
        type='LoadPointsFromFile',
        use_dim=5),
    dict(
        point_cloud_range=[
            -51.2,
            -51.2,
            -5.0,
            51.2,
            51.2,
            3.0,
        ],
        type='PointsRangeFilter'),
    dict(keys=[
        'points',
    ], type='Pack3DDetInputs'),
]
train_cfg = dict(max_epochs=1, type='EpochBasedTrainLoop', val_interval=1)
train_dataloader = dict(
    batch_size=2,
    dataset=dict(
        ann_file='custom_infos_small_train.pkl',
        backend_args=None,
        box_type_3d='LiDAR',
        data_prefix=dict(img='', pts='samples/LIDAR_TOP', sweeps=''),
        data_root='data/nuscenes/',
        metainfo=dict(classes=('car', )),
        modality=dict(use_camera=False, use_lidar=True),
        pipeline=[
            dict(
                backend_args=None,
                coord_type='LIDAR',
                load_dim=5,
                type='LoadPointsFromFile',
                use_dim=5),
            dict(
                type='LoadAnnotations3D',
                with_bbox_3d=True,
                with_label_3d=True),
            dict(
                rot_range=[
                    -0.3925,
                    0.3925,
                ],
                scale_ratio_range=[
                    0.95,
                    1.05,
                ],
                translation_std=[
                    0,
                    0,
                    0,
                ],
                type='GlobalRotScaleTrans'),
            dict(flip_ratio_bev_horizontal=0.5, type='RandomFlip3D'),
            dict(
                point_cloud_range=[
                    -51.2,
                    -51.2,
                    -5.0,
                    51.2,
                    51.2,
                    3.0,
                ],
                type='PointsRangeFilter'),
            dict(
                point_cloud_range=[
                    -51.2,
                    -51.2,
                    -5.0,
                    51.2,
                    51.2,
                    3.0,
                ],
                type='ObjectRangeFilter'),
            dict(classes=('car', ), type='ObjectNameFilter'),
            dict(type='PointShuffle'),
            dict(
                keys=[
                    'points',
                    'gt_bboxes_3d',
                    'gt_labels_3d',
                ],
                type='Pack3DDetInputs'),
        ],
        type='NuScenesDataset'),
    num_workers=2,
    persistent_workers=True,
    sampler=dict(shuffle=True, type='DefaultSampler'))
train_pipeline = [
    dict(
        backend_args=None,
        coord_type='LIDAR',
        load_dim=5,
        type='LoadPointsFromFile',
        use_dim=5),
    dict(type='LoadAnnotations3D', with_bbox_3d=True, with_label_3d=True),
    dict(
        point_cloud_range=[
            -51.2,
            -51.2,
            -5.0,
            51.2,
            51.2,
            3.0,
        ],
        type='PointsRangeFilter'),
    dict(
        point_cloud_range=[
            -51.2,
            -51.2,
            -5.0,
            51.2,
            51.2,
            3.0,
        ],
        type='ObjectRangeFilter'),
    dict(classes=('car', ), type='ObjectNameFilter'),
    dict(type='PointShuffle'),
    dict(
        keys=[
            'points',
            'gt_bboxes_3d',
            'gt_labels_3d',
        ],
        type='Pack3DDetInputs'),
]
val_cfg = dict(type='ValLoop')
val_dataloader = dict(
    batch_size=1,
    dataset=dict(
        ann_file='custom_infos_val.pkl',
        backend_args=None,
        box_type_3d='LiDAR',
        data_prefix=dict(img='', pts='samples/LIDAR_TOP', sweeps=''),
        data_root='data/nuscenes/',
        metainfo=dict(classes=('car', )),
        modality=dict(use_camera=False, use_lidar=True),
        pipeline=[
            dict(
                backend_args=None,
                coord_type='LIDAR',
                load_dim=5,
                type='LoadPointsFromFile',
                use_dim=5),
            dict(
                point_cloud_range=[
                    -51.2,
                    -51.2,
                    -5.0,
                    51.2,
                    51.2,
                    3.0,
                ],
                type='PointsRangeFilter'),
            dict(keys=[
                'points',
            ], type='Pack3DDetInputs'),
        ],
        test_mode=True,
        type='NuScenesDataset'),
    num_workers=2,
    persistent_workers=True,
    sampler=dict(shuffle=False, type='DefaultSampler'))
val_evaluator = dict(
    ann_file='data/nuscenes/custom_infos_val.pkl',
    backend_args=None,
    classes=('car', ),
    data_root='data/nuscenes/',
    metric='bbox',
    type='NuScenesMetric')
voxel_size = [
    0.16,
    0.16,
    0.2,
]
work_dir = '../outputs/mmdet/exp2_augmentation'

2025/12/06 18:25:40 - mmengine - INFO - Distributed training is not used, all SyncBatchNorm (SyncBN) layers in the model will be automatically reverted to BatchNormXd layers if they are used.
2025/12/06 18:25:40 - mmengine - INFO - Hooks will be executed in the following order:
before_run:
(VERY_HIGH   ) RuntimeInfoHook                    
(BELOW_NORMAL) LoggerHook                         
 -------------------- 
before_train:
(VERY_HIGH   ) RuntimeInfoHook                    
(NORMAL      ) IterTimerHook                      
(VERY_LOW    ) CheckpointHook                     
 -------------------- 
before_train_epoch:
(VERY_HIGH   ) RuntimeInfoHook                    
(NORMAL      ) IterTimerHook                      
(NORMAL      ) DistSamplerSeedHook                
 -------------------- 
before_train_iter:
(VERY_HIGH   ) RuntimeInfoHook                    
(NORMAL      ) IterTimerHook                      
 -------------------- 
after_train_iter:
(VERY_HIGH   ) RuntimeInfoHook                    
(NORMAL      ) IterTimerHook                      
(BELOW_NORMAL) LoggerHook                         
(LOW         ) ParamSchedulerHook                 
(VERY_LOW    ) CheckpointHook                     
 -------------------- 
after_train_epoch:
(NORMAL      ) IterTimerHook                      
(LOW         ) ParamSchedulerHook                 
(VERY_LOW    ) CheckpointHook                     
 -------------------- 
before_val:
(VERY_HIGH   ) RuntimeInfoHook                    
 -------------------- 
before_val_epoch:
(NORMAL      ) IterTimerHook                      
 -------------------- 
before_val_iter:
(NORMAL      ) IterTimerHook                      
 -------------------- 
after_val_iter:
(NORMAL      ) IterTimerHook                      
(BELOW_NORMAL) LoggerHook                         
 -------------------- 
after_val_epoch:
(VERY_HIGH   ) RuntimeInfoHook                    
(NORMAL      ) IterTimerHook                      
(BELOW_NORMAL) LoggerHook                         
(LOW         ) ParamSchedulerHook                 
(VERY_LOW    ) CheckpointHook                     
 -------------------- 
after_val:
(VERY_HIGH   ) RuntimeInfoHook                    
 -------------------- 
after_train:
(VERY_HIGH   ) RuntimeInfoHook                    
(VERY_LOW    ) CheckpointHook                     
 -------------------- 
before_test:
(VERY_HIGH   ) RuntimeInfoHook                    
 -------------------- 
before_test_epoch:
(NORMAL      ) IterTimerHook                      
 -------------------- 
before_test_iter:
(NORMAL      ) IterTimerHook                      
 -------------------- 
after_test_iter:
(NORMAL      ) IterTimerHook                      
(BELOW_NORMAL) LoggerHook                         
 -------------------- 
after_test_epoch:
(VERY_HIGH   ) RuntimeInfoHook                    
(NORMAL      ) IterTimerHook                      
(BELOW_NORMAL) LoggerHook                         
 -------------------- 
after_test:
(VERY_HIGH   ) RuntimeInfoHook                    
 -------------------- 
after_run:
(BELOW_NORMAL) LoggerHook                         
 -------------------- 
2025/12/06 18:25:41 - mmengine - INFO - Loading legacy nuScenes infos format.
2025/12/06 18:25:42 - mmengine - INFO - ------------------------------
2025/12/06 18:25:42 - mmengine - INFO - The length of training dataset: 1192
2025/12/06 18:25:42 - mmengine - INFO - The number of instances per category in the dataset:
+----------+--------+
| category | number |
+----------+--------+
| car      | 14206  |
+----------+--------+
2025/12/06 18:25:42 - mmengine - INFO - Loading legacy nuScenes infos format.
2025/12/06 18:25:43 - mmengine - INFO - ------------------------------
2025/12/06 18:25:43 - mmengine - INFO - The length of test dataset: 198
2025/12/06 18:25:43 - mmengine - INFO - The number of instances per category in the dataset:
+----------+--------+
| category | number |
+----------+--------+
| car      | 3508   |
+----------+--------+
Name of parameter - Initialization information

pts_voxel_encoder.vfe_layers.0.norm.weight - torch.Size([64]): 
The value is the same before and after calling `init_weights` of MVXFasterRCNN  

pts_voxel_encoder.vfe_layers.0.norm.bias - torch.Size([64]): 
The value is the same before and after calling `init_weights` of MVXFasterRCNN  

pts_voxel_encoder.vfe_layers.0.linear.weight - torch.Size([64, 11]): 
The value is the same before and after calling `init_weights` of MVXFasterRCNN  

pts_voxel_encoder.vfe_layers.1.norm.weight - torch.Size([64]): 
The value is the same before and after calling `init_weights` of MVXFasterRCNN  

pts_voxel_encoder.vfe_layers.1.norm.bias - torch.Size([64]): 
The value is the same before and after calling `init_weights` of MVXFasterRCNN  

pts_voxel_encoder.vfe_layers.1.linear.weight - torch.Size([64, 128]): 
The value is the same before and after calling `init_weights` of MVXFasterRCNN  

pts_backbone.blocks.0.0.weight - torch.Size([64, 64, 3, 3]): 
KaimingInit: a=0, mode=fan_out, nonlinearity=relu, distribution =normal, bias=0 

pts_backbone.blocks.0.1.weight - torch.Size([64]): 
The value is the same before and after calling `init_weights` of MVXFasterRCNN  

pts_backbone.blocks.0.1.bias - torch.Size([64]): 
The value is the same before and after calling `init_weights` of MVXFasterRCNN  

pts_backbone.blocks.0.3.weight - torch.Size([64, 64, 3, 3]): 
KaimingInit: a=0, mode=fan_out, nonlinearity=relu, distribution =normal, bias=0 

pts_backbone.blocks.0.4.weight - torch.Size([64]): 
The value is the same before and after calling `init_weights` of MVXFasterRCNN  

pts_backbone.blocks.0.4.bias - torch.Size([64]): 
The value is the same before and after calling `init_weights` of MVXFasterRCNN  

pts_backbone.blocks.0.6.weight - torch.Size([64, 64, 3, 3]): 
KaimingInit: a=0, mode=fan_out, nonlinearity=relu, distribution =normal, bias=0 

pts_backbone.blocks.0.7.weight - torch.Size([64]): 
The value is the same before and after calling `init_weights` of MVXFasterRCNN  

pts_backbone.blocks.0.7.bias - torch.Size([64]): 
The value is the same before and after calling `init_weights` of MVXFasterRCNN  

pts_backbone.blocks.0.9.weight - torch.Size([64, 64, 3, 3]): 
KaimingInit: a=0, mode=fan_out, nonlinearity=relu, distribution =normal, bias=0 

pts_backbone.blocks.0.10.weight - torch.Size([64]): 
The value is the same before and after calling `init_weights` of MVXFasterRCNN  

pts_backbone.blocks.0.10.bias - torch.Size([64]): 
The value is the same before and after calling `init_weights` of MVXFasterRCNN  

pts_backbone.blocks.1.0.weight - torch.Size([128, 64, 3, 3]): 
KaimingInit: a=0, mode=fan_out, nonlinearity=relu, distribution =normal, bias=0 

pts_backbone.blocks.1.1.weight - torch.Size([128]): 
The value is the same before and after calling `init_weights` of MVXFasterRCNN  

pts_backbone.blocks.1.1.bias - torch.Size([128]): 
The value is the same before and after calling `init_weights` of MVXFasterRCNN  

pts_backbone.blocks.1.3.weight - torch.Size([128, 128, 3, 3]): 
KaimingInit: a=0, mode=fan_out, nonlinearity=relu, distribution =normal, bias=0 

pts_backbone.blocks.1.4.weight - torch.Size([128]): 
The value is the same before and after calling `init_weights` of MVXFasterRCNN  

pts_backbone.blocks.1.4.bias - torch.Size([128]): 
The value is the same before and after calling `init_weights` of MVXFasterRCNN  

pts_backbone.blocks.1.6.weight - torch.Size([128, 128, 3, 3]): 
KaimingInit: a=0, mode=fan_out, nonlinearity=relu, distribution =normal, bias=0 

pts_backbone.blocks.1.7.weight - torch.Size([128]): 
The value is the same before and after calling `init_weights` of MVXFasterRCNN  

pts_backbone.blocks.1.7.bias - torch.Size([128]): 
The value is the same before and after calling `init_weights` of MVXFasterRCNN  

pts_backbone.blocks.1.9.weight - torch.Size([128, 128, 3, 3]): 
KaimingInit: a=0, mode=fan_out, nonlinearity=relu, distribution =normal, bias=0 

pts_backbone.blocks.1.10.weight - torch.Size([128]): 
The value is the same before and after calling `init_weights` of MVXFasterRCNN  

pts_backbone.blocks.1.10.bias - torch.Size([128]): 
The value is the same before and after calling `init_weights` of MVXFasterRCNN  

pts_backbone.blocks.1.12.weight - torch.Size([128, 128, 3, 3]): 
KaimingInit: a=0, mode=fan_out, nonlinearity=relu, distribution =normal, bias=0 

pts_backbone.blocks.1.13.weight - torch.Size([128]): 
The value is the same before and after calling `init_weights` of MVXFasterRCNN  

pts_backbone.blocks.1.13.bias - torch.Size([128]): 
The value is the same before and after calling `init_weights` of MVXFasterRCNN  

pts_backbone.blocks.1.15.weight - torch.Size([128, 128, 3, 3]): 
KaimingInit: a=0, mode=fan_out, nonlinearity=relu, distribution =normal, bias=0 

pts_backbone.blocks.1.16.weight - torch.Size([128]): 
The value is the same before and after calling `init_weights` of MVXFasterRCNN  

pts_backbone.blocks.1.16.bias - torch.Size([128]): 
The value is the same before and after calling `init_weights` of MVXFasterRCNN  

pts_backbone.blocks.2.0.weight - torch.Size([256, 128, 3, 3]): 
KaimingInit: a=0, mode=fan_out, nonlinearity=relu, distribution =normal, bias=0 

pts_backbone.blocks.2.1.weight - torch.Size([256]): 
The value is the same before and after calling `init_weights` of MVXFasterRCNN  

pts_backbone.blocks.2.1.bias - torch.Size([256]): 
The value is the same before and after calling `init_weights` of MVXFasterRCNN  

pts_backbone.blocks.2.3.weight - torch.Size([256, 256, 3, 3]): 
KaimingInit: a=0, mode=fan_out, nonlinearity=relu, distribution =normal, bias=0 

pts_backbone.blocks.2.4.weight - torch.Size([256]): 
The value is the same before and after calling `init_weights` of MVXFasterRCNN  

pts_backbone.blocks.2.4.bias - torch.Size([256]): 
The value is the same before and after calling `init_weights` of MVXFasterRCNN  

pts_backbone.blocks.2.6.weight - torch.Size([256, 256, 3, 3]): 
KaimingInit: a=0, mode=fan_out, nonlinearity=relu, distribution =normal, bias=0 

pts_backbone.blocks.2.7.weight - torch.Size([256]): 
The value is the same before and after calling `init_weights` of MVXFasterRCNN  

pts_backbone.blocks.2.7.bias - torch.Size([256]): 
The value is the same before and after calling `init_weights` of MVXFasterRCNN  

pts_backbone.blocks.2.9.weight - torch.Size([256, 256, 3, 3]): 
KaimingInit: a=0, mode=fan_out, nonlinearity=relu, distribution =normal, bias=0 

pts_backbone.blocks.2.10.weight - torch.Size([256]): 
The value is the same before and after calling `init_weights` of MVXFasterRCNN  

pts_backbone.blocks.2.10.bias - torch.Size([256]): 
The value is the same before and after calling `init_weights` of MVXFasterRCNN  

pts_backbone.blocks.2.12.weight - torch.Size([256, 256, 3, 3]): 
KaimingInit: a=0, mode=fan_out, nonlinearity=relu, distribution =normal, bias=0 

pts_backbone.blocks.2.13.weight - torch.Size([256]): 
The value is the same before and after calling `init_weights` of MVXFasterRCNN  

pts_backbone.blocks.2.13.bias - torch.Size([256]): 
The value is the same before and after calling `init_weights` of MVXFasterRCNN  

pts_backbone.blocks.2.15.weight - torch.Size([256, 256, 3, 3]): 
KaimingInit: a=0, mode=fan_out, nonlinearity=relu, distribution =normal, bias=0 

pts_backbone.blocks.2.16.weight - torch.Size([256]): 
The value is the same before and after calling `init_weights` of MVXFasterRCNN  

pts_backbone.blocks.2.16.bias - torch.Size([256]): 
The value is the same before and after calling `init_weights` of MVXFasterRCNN  

pts_neck.lateral_convs.0.conv.weight - torch.Size([256, 64, 1, 1]): 
XavierInit: gain=1, distribution=uniform, bias=0 

pts_neck.lateral_convs.0.bn.weight - torch.Size([256]): 
The value is the same before and after calling `init_weights` of MVXFasterRCNN  

pts_neck.lateral_convs.0.bn.bias - torch.Size([256]): 
The value is the same before and after calling `init_weights` of MVXFasterRCNN  

pts_neck.lateral_convs.1.conv.weight - torch.Size([256, 128, 1, 1]): 
XavierInit: gain=1, distribution=uniform, bias=0 

pts_neck.lateral_convs.1.bn.weight - torch.Size([256]): 
The value is the same before and after calling `init_weights` of MVXFasterRCNN  

pts_neck.lateral_convs.1.bn.bias - torch.Size([256]): 
The value is the same before and after calling `init_weights` of MVXFasterRCNN  

pts_neck.lateral_convs.2.conv.weight - torch.Size([256, 256, 1, 1]): 
XavierInit: gain=1, distribution=uniform, bias=0 

pts_neck.lateral_convs.2.bn.weight - torch.Size([256]): 
The value is the same before and after calling `init_weights` of MVXFasterRCNN  

pts_neck.lateral_convs.2.bn.bias - torch.Size([256]): 
The value is the same before and after calling `init_weights` of MVXFasterRCNN  

pts_neck.fpn_convs.0.conv.weight - torch.Size([256, 256, 3, 3]): 
XavierInit: gain=1, distribution=uniform, bias=0 

pts_neck.fpn_convs.0.bn.weight - torch.Size([256]): 
The value is the same before and after calling `init_weights` of MVXFasterRCNN  

pts_neck.fpn_convs.0.bn.bias - torch.Size([256]): 
The value is the same before and after calling `init_weights` of MVXFasterRCNN  

pts_neck.fpn_convs.1.conv.weight - torch.Size([256, 256, 3, 3]): 
XavierInit: gain=1, distribution=uniform, bias=0 

pts_neck.fpn_convs.1.bn.weight - torch.Size([256]): 
The value is the same before and after calling `init_weights` of MVXFasterRCNN  

pts_neck.fpn_convs.1.bn.bias - torch.Size([256]): 
The value is the same before and after calling `init_weights` of MVXFasterRCNN  

pts_neck.fpn_convs.2.conv.weight - torch.Size([256, 256, 3, 3]): 
XavierInit: gain=1, distribution=uniform, bias=0 

pts_neck.fpn_convs.2.bn.weight - torch.Size([256]): 
The value is the same before and after calling `init_weights` of MVXFasterRCNN  

pts_neck.fpn_convs.2.bn.bias - torch.Size([256]): 
The value is the same before and after calling `init_weights` of MVXFasterRCNN  

pts_bbox_head.conv_cls.weight - torch.Size([2, 256, 1, 1]): 
NormalInit: mean=0, std=0.01, bias=-4.59511985013459 

pts_bbox_head.conv_cls.bias - torch.Size([2]): 
NormalInit: mean=0, std=0.01, bias=-4.59511985013459 

pts_bbox_head.conv_reg.weight - torch.Size([18, 256, 1, 1]): 
NormalInit: mean=0, std=0.01, bias=0 

pts_bbox_head.conv_reg.bias - torch.Size([18]): 
NormalInit: mean=0, std=0.01, bias=0 

pts_bbox_head.conv_dir_cls.weight - torch.Size([4, 256, 1, 1]): 
NormalInit: mean=0, std=0.01, bias=0 

pts_bbox_head.conv_dir_cls.bias - torch.Size([4]): 
NormalInit: mean=0, std=0.01, bias=0 
2025/12/06 18:25:43 - mmengine - WARNING - "FileClient" will be deprecated in future. Please use io functions in https://mmengine.readthedocs.io/en/latest/api/fileio.html#file-io
2025/12/06 18:25:43 - mmengine - WARNING - "HardDiskBackend" is the alias of "LocalBackend" and the former will be deprecated in future.
2025/12/06 18:25:43 - mmengine - INFO - Checkpoints will be saved to /home/ziqi/Projects/CS5330/final_project/outputs/mmdet/exp2_augmentation.
2025/12/06 18:25:50 - mmengine - INFO - Epoch(train) [1][ 10/596]  lr: 1.1623e-04  eta: 0:06:52  time: 0.7048  data_time: 0.0158  memory: 4450  grad_norm: 23.0064  loss: 4.2371  loss_cls: 1.1289  loss_bbox: 2.9706  loss_dir: 0.1377
2025/12/06 18:25:57 - mmengine - INFO - Epoch(train) [1][ 20/596]  lr: 1.3427e-04  eta: 0:06:26  time: 0.6719  data_time: 0.0095  memory: 4456  grad_norm: 21.7448  loss: 3.9842  loss_cls: 1.1054  loss_bbox: 2.7372  loss_dir: 0.1415
2025/12/06 18:26:03 - mmengine - INFO - Epoch(train) [1][ 30/596]  lr: 1.5230e-04  eta: 0:06:13  time: 0.6595  data_time: 0.0072  memory: 4456  grad_norm: 22.7299  loss: 3.7412  loss_cls: 1.0849  loss_bbox: 2.5155  loss_dir: 0.1408
2025/12/06 18:26:10 - mmengine - INFO - Epoch(train) [1][ 40/596]  lr: 1.7034e-04  eta: 0:06:04  time: 0.6556  data_time: 0.0063  memory: 4441  grad_norm: 20.9942  loss: 3.5377  loss_cls: 1.0636  loss_bbox: 2.3339  loss_dir: 0.1402
2025/12/06 18:26:16 - mmengine - INFO - Epoch(train) [1][ 50/596]  lr: 1.8838e-04  eta: 0:05:56  time: 0.6529  data_time: 0.0056  memory: 4456  grad_norm: 20.4908  loss: 3.3565  loss_cls: 1.0377  loss_bbox: 2.1789  loss_dir: 0.1398
2025/12/06 18:26:22 - mmengine - INFO - Epoch(train) [1][ 60/596]  lr: 2.0641e-04  eta: 0:05:48  time: 0.6401  data_time: 0.0030  memory: 4446  grad_norm: 19.0889  loss: 2.9580  loss_cls: 0.9839  loss_bbox: 1.8343  loss_dir: 0.1398
2025/12/06 18:26:29 - mmengine - INFO - Epoch(train) [1][ 70/596]  lr: 2.2445e-04  eta: 0:05:41  time: 0.6406  data_time: 0.0029  memory: 4455  grad_norm: 18.4385  loss: 2.6796  loss_cls: 0.9399  loss_bbox: 1.6010  loss_dir: 0.1386
2025/12/06 18:26:35 - mmengine - INFO - Epoch(train) [1][ 80/596]  lr: 2.4248e-04  eta: 0:05:34  time: 0.6410  data_time: 0.0029  memory: 4456  grad_norm: 18.1960  loss: 2.5328  loss_cls: 0.9221  loss_bbox: 1.4724  loss_dir: 0.1383
2025/12/06 18:26:42 - mmengine - INFO - Epoch(train) [1][ 90/596]  lr: 2.6052e-04  eta: 0:05:27  time: 0.6400  data_time: 0.0028  memory: 4431  grad_norm: 18.3188  loss: 2.3895  loss_cls: 0.9006  loss_bbox: 1.3505  loss_dir: 0.1384
2025/12/06 18:26:48 - mmengine - INFO - Epoch(train) [1][100/596]  lr: 2.7856e-04  eta: 0:05:20  time: 0.6395  data_time: 0.0028  memory: 4456  grad_norm: 17.4217  loss: 2.2863  loss_cls: 0.8839  loss_bbox: 1.2644  loss_dir: 0.1380
2025/12/06 18:26:54 - mmengine - INFO - Epoch(train) [1][110/596]  lr: 2.9659e-04  eta: 0:05:13  time: 0.6399  data_time: 0.0028  memory: 4456  grad_norm: 16.4281  loss: 2.2634  loss_cls: 0.8726  loss_bbox: 1.2527  loss_dir: 0.1381
2025/12/06 18:27:01 - mmengine - INFO - Epoch(train) [1][120/596]  lr: 3.1463e-04  eta: 0:05:07  time: 0.6394  data_time: 0.0028  memory: 4456  grad_norm: 15.3977  loss: 2.2524  loss_cls: 0.8761  loss_bbox: 1.2389  loss_dir: 0.1374
2025/12/06 18:27:07 - mmengine - INFO - Epoch(train) [1][130/596]  lr: 3.3267e-04  eta: 0:05:00  time: 0.6399  data_time: 0.0028  memory: 4449  grad_norm: 12.7296  loss: 2.1352  loss_cls: 0.8412  loss_bbox: 1.1563  loss_dir: 0.1377
2025/12/06 18:27:14 - mmengine - INFO - Epoch(train) [1][140/596]  lr: 3.5070e-04  eta: 0:04:53  time: 0.6397  data_time: 0.0028  memory: 4456  grad_norm: 11.7582  loss: 2.0802  loss_cls: 0.8174  loss_bbox: 1.1252  loss_dir: 0.1375
