2025/12/06 16:31:32 - mmengine - INFO - 
------------------------------------------------------------
System environment:
    sys.platform: linux
    Python: 3.8.20 (default, Oct  3 2024, 15:24:27) [GCC 11.2.0]
    CUDA available: True
    MUSA available: False
    numpy_random_seed: 361112591
    GPU 0: NVIDIA GeForce GTX 1060 6GB
    CUDA_HOME: /usr/local/cuda
    NVCC: Cuda compilation tools, release 12.9, V12.9.86
    GCC: gcc (Ubuntu 13.3.0-6ubuntu2~24.04) 13.3.0
    PyTorch: 1.13.1
    PyTorch compiling details: PyTorch built with:
  - GCC 9.3
  - C++ Version: 201402
  - Intel(R) oneAPI Math Kernel Library Version 2023.1-Product Build 20230303 for Intel(R) 64 architecture applications
  - Intel(R) MKL-DNN v2.6.0 (Git Hash 52b5f107dd9cf10910aaa19cb47f3abf9b349815)
  - OpenMP 201511 (a.k.a. OpenMP 4.5)
  - LAPACK is enabled (usually provided by MKL)
  - NNPACK is enabled
  - CPU capability usage: AVX2
  - CUDA Runtime 11.7
  - NVCC architecture flags: -gencode;arch=compute_37,code=sm_37;-gencode;arch=compute_50,code=sm_50;-gencode;arch=compute_60,code=sm_60;-gencode;arch=compute_61,code=sm_61;-gencode;arch=compute_70,code=sm_70;-gencode;arch=compute_75,code=sm_75;-gencode;arch=compute_80,code=sm_80;-gencode;arch=compute_86,code=sm_86;-gencode;arch=compute_37,code=compute_37
  - CuDNN 8.5
  - Magma 2.6.1
  - Build settings: BLAS_INFO=mkl, BUILD_TYPE=Release, CUDA_VERSION=11.7, CUDNN_VERSION=8.5.0, CXX_COMPILER=/opt/rh/devtoolset-9/root/usr/bin/c++, CXX_FLAGS= -fabi-version=11 -Wno-deprecated -fvisibility-inlines-hidden -DUSE_PTHREADPOOL -fopenmp -DNDEBUG -DUSE_KINETO -DUSE_FBGEMM -DUSE_QNNPACK -DUSE_PYTORCH_QNNPACK -DUSE_XNNPACK -DSYMBOLICATE_MOBILE_DEBUG_HANDLE -DEDGE_PROFILER_USE_KINETO -O2 -fPIC -Wno-narrowing -Wall -Wextra -Werror=return-type -Werror=non-virtual-dtor -Wno-missing-field-initializers -Wno-type-limits -Wno-array-bounds -Wno-unknown-pragmas -Wunused-local-typedefs -Wno-unused-parameter -Wno-unused-function -Wno-unused-result -Wno-strict-overflow -Wno-strict-aliasing -Wno-error=deprecated-declarations -Wno-stringop-overflow -Wno-psabi -Wno-error=pedantic -Wno-error=redundant-decls -Wno-error=old-style-cast -fdiagnostics-color=always -faligned-new -Wno-unused-but-set-variable -Wno-maybe-uninitialized -fno-math-errno -fno-trapping-math -Werror=format -Werror=cast-function-type -Wno-stringop-overflow, LAPACK_INFO=mkl, PERF_WITH_AVX=1, PERF_WITH_AVX2=1, PERF_WITH_AVX512=1, TORCH_VERSION=1.13.1, USE_CUDA=ON, USE_CUDNN=ON, USE_EXCEPTION_PTR=1, USE_GFLAGS=OFF, USE_GLOG=OFF, USE_MKL=ON, USE_MKLDNN=ON, USE_MPI=OFF, USE_NCCL=ON, USE_NNPACK=ON, USE_OPENMP=ON, USE_ROCM=OFF, 

    TorchVision: 0.14.1
    OpenCV: 4.12.0
    MMEngine: 0.10.7

Runtime environment:
    cudnn_benchmark: False
    mp_cfg: {'mp_start_method': 'fork', 'opencv_num_threads': 0}
    dist_cfg: {'backend': 'nccl'}
    seed: 361112591
    Distributed launcher: none
    Distributed training: False
    GPU number: 1
------------------------------------------------------------

2025/12/06 16:31:32 - mmengine - INFO - Config:
backend_args = None
base_train_dataloader = dict(
    batch_size=2,
    dataset=dict(
        ann_file='custom_infos_small_train.pkl',
        backend_args=None,
        box_type_3d='LiDAR',
        data_prefix=dict(img='', pts='samples/LIDAR_TOP', sweeps=''),
        data_root='data/nuscenes/',
        metainfo=dict(classes=('car', )),
        modality=dict(use_camera=False, use_lidar=True),
        pipeline=[
            dict(
                backend_args=None,
                coord_type='LIDAR',
                load_dim=5,
                type='LoadPointsFromFile',
                use_dim=5),
            dict(
                type='LoadAnnotations3D',
                with_bbox_3d=True,
                with_label_3d=True),
            dict(
                point_cloud_range=[
                    -51.2,
                    -51.2,
                    -5.0,
                    51.2,
                    51.2,
                    3.0,
                ],
                type='PointsRangeFilter'),
            dict(
                point_cloud_range=[
                    -51.2,
                    -51.2,
                    -5.0,
                    51.2,
                    51.2,
                    3.0,
                ],
                type='ObjectRangeFilter'),
            dict(classes=('car', ), type='ObjectNameFilter'),
            dict(type='PointShuffle'),
            dict(
                keys=[
                    'points',
                    'gt_bboxes_3d',
                    'gt_labels_3d',
                ],
                type='Pack3DDetInputs'),
        ],
        type='NuScenesDataset'),
    num_workers=2,
    persistent_workers=True,
    sampler=dict(shuffle=True, type='DefaultSampler'))
class_names = ('car', )
data_prefix = dict(img='', pts='samples/LIDAR_TOP', sweeps='')
data_root = 'data/nuscenes/'
db_info_path = data / nuscenes / custom_dbinfos_train.pkl
default_hooks = dict(
    checkpoint=dict(interval=1, max_keep_ckpts=3, type='CheckpointHook'),
    logger=dict(interval=10, type='LoggerHook'))
default_scope = 'mmdet3d'
env_cfg = dict(
    cudnn_benchmark=False,
    dist_cfg=dict(backend='nccl'),
    mp_cfg=dict(mp_start_method='fork', opencv_num_threads=0))
input_modality = dict(use_camera=False, use_lidar=True)
launcher = 'none'
load_from = None
log_level = 'INFO'
log_processor = dict(by_epoch=True, type='LogProcessor', window_size=50)
max_epochs = 50
metainfo = dict(classes=('car', ))
model = dict(
    data_preprocessor=dict(
        type='Det3DDataPreprocessor',
        voxel=True,
        voxel_layer=dict(
            max_num_points=32,
            max_voxels=(
                12000,
                12000,
            ),
            point_cloud_range=[
                -51.2,
                -51.2,
                -5.0,
                51.2,
                51.2,
                3.0,
            ],
            voxel_size=[
                0.16,
                0.16,
                0.2,
            ])),
    pts_backbone=dict(
        in_channels=64,
        layer_nums=[
            3,
            5,
            5,
        ],
        layer_strides=[
            2,
            2,
            2,
        ],
        norm_cfg=dict(eps=0.001, momentum=0.01, type='naiveSyncBN2d'),
        out_channels=[
            64,
            128,
            256,
        ],
        type='SECOND'),
    pts_bbox_head=dict(
        anchor_generator=dict(
            custom_values=[
                0,
                0,
            ],
            ranges=[
                [
                    -51.2,
                    -51.2,
                    -1.78,
                    51.2,
                    51.2,
                    -1.78,
                ],
            ],
            reshape_out=True,
            rotations=[
                0,
                1.57,
            ],
            scales=[
                1,
                2,
                4,
            ],
            sizes=[
                [
                    4.63,
                    1.97,
                    1.73,
                ],
            ],
            type='AlignedAnchor3DRangeGenerator'),
        assigner_per_size=False,
        bbox_coder=dict(code_size=9, type='DeltaXYZWLHRBBoxCoder'),
        diff_rad_by_sin=True,
        dir_offset=-0.7854,
        feat_channels=256,
        in_channels=256,
        loss_bbox=dict(
            beta=0.1111111111111111,
            loss_weight=1.0,
            type='mmdet.SmoothL1Loss'),
        loss_cls=dict(
            alpha=0.25,
            gamma=2.0,
            loss_weight=1.0,
            type='mmdet.FocalLoss',
            use_sigmoid=True),
        loss_dir=dict(
            loss_weight=0.2, type='mmdet.CrossEntropyLoss', use_sigmoid=False),
        num_classes=1,
        type='Anchor3DHead',
        use_direction_classifier=True),
    pts_middle_encoder=dict(
        in_channels=64, output_shape=[
            640,
            640,
        ], type='PointPillarsScatter'),
    pts_neck=dict(
        act_cfg=dict(type='ReLU'),
        in_channels=[
            64,
            128,
            256,
        ],
        norm_cfg=dict(eps=0.001, momentum=0.01, type='naiveSyncBN2d'),
        num_outs=3,
        out_channels=256,
        start_level=0,
        type='mmdet.FPN'),
    pts_voxel_encoder=dict(
        feat_channels=[
            64,
            64,
        ],
        in_channels=5,
        norm_cfg=dict(eps=0.001, momentum=0.01, type='naiveSyncBN1d'),
        point_cloud_range=[
            -51.2,
            -51.2,
            -5.0,
            51.2,
            51.2,
            3.0,
        ],
        type='HardVFE',
        voxel_size=[
            0.16,
            0.16,
            0.2,
        ],
        with_cluster_center=True,
        with_distance=False,
        with_voxel_center=True),
    test_cfg=dict(
        pts=dict(
            max_num=500,
            min_bbox_size=0,
            nms_across_levels=False,
            nms_pre=1000,
            nms_thr=0.2,
            score_thr=0.05,
            use_rotate_nms=True)),
    train_cfg=dict(
        pts=dict(
            allowed_border=0,
            assigner=dict(
                ignore_iof_thr=-1,
                iou_calculator=dict(type='BboxOverlapsNearest3D'),
                min_pos_iou=0.3,
                neg_iou_thr=0.3,
                pos_iou_thr=0.6,
                type='Max3DIoUAssigner'),
            code_weight=[
                1.0,
                1.0,
                1.0,
                1.0,
                1.0,
                1.0,
                1.0,
                0.2,
                0.2,
            ],
            debug=False,
            pos_weight=-1)),
    type='MVXFasterRCNN')
optim_wrapper = dict(
    clip_grad=dict(max_norm=10, norm_type=2),
    optimizer=dict(lr=0.001, type='AdamW', weight_decay=0.01),
    type='OptimWrapper')
param_scheduler = [
    dict(begin=0, by_epoch=False, end=500, start_factor=0.1, type='LinearLR'),
    dict(
        T_max=50,
        begin=0,
        by_epoch=True,
        end=50,
        eta_min=1e-05,
        type='CosineAnnealingLR'),
]
point_cloud_range = [
    -51.2,
    -51.2,
    -5.0,
    51.2,
    51.2,
    3.0,
]
resume = False
test_cfg = dict(type='TestLoop')
test_dataloader = dict(
    batch_size=1,
    dataset=dict(
        ann_file='custom_infos_val.pkl',
        backend_args=None,
        box_type_3d='LiDAR',
        data_prefix=dict(img='', pts='samples/LIDAR_TOP', sweeps=''),
        data_root='data/nuscenes/',
        metainfo=dict(classes=('car', )),
        modality=dict(use_camera=False, use_lidar=True),
        pipeline=[
            dict(
                backend_args=None,
                coord_type='LIDAR',
                load_dim=5,
                type='LoadPointsFromFile',
                use_dim=5),
            dict(
                point_cloud_range=[
                    -51.2,
                    -51.2,
                    -5.0,
                    51.2,
                    51.2,
                    3.0,
                ],
                type='PointsRangeFilter'),
            dict(keys=[
                'points',
            ], type='Pack3DDetInputs'),
        ],
        test_mode=True,
        type='NuScenesDataset'),
    num_workers=2,
    persistent_workers=True,
    sampler=dict(shuffle=False, type='DefaultSampler'))
test_evaluator = dict(
    ann_file='data/nuscenes/custom_infos_val.pkl',
    backend_args=None,
    data_root='data/nuscenes/',
    metric='bbox',
    type='NuScenesMetric')
test_pipeline = [
    dict(
        backend_args=None,
        coord_type='LIDAR',
        load_dim=5,
        type='LoadPointsFromFile',
        use_dim=5),
    dict(
        point_cloud_range=[
            -51.2,
            -51.2,
            -5.0,
            51.2,
            51.2,
            3.0,
        ],
        type='PointsRangeFilter'),
    dict(keys=[
        'points',
    ], type='Pack3DDetInputs'),
]
train_cfg = dict(max_epochs=1, type='EpochBasedTrainLoop', val_interval=1)
train_dataloader = dict(
    batch_size=2,
    dataset=dict(
        ann_file='custom_infos_small_train.pkl',
        backend_args=None,
        box_type_3d='LiDAR',
        data_prefix=dict(img='', pts='samples/LIDAR_TOP', sweeps=''),
        data_root='data/nuscenes/',
        metainfo=dict(classes=('car', )),
        modality=dict(use_camera=False, use_lidar=True),
        pipeline=[
            dict(
                backend_args=None,
                coord_type='LIDAR',
                load_dim=5,
                type='LoadPointsFromFile',
                use_dim=5),
            dict(
                type='LoadAnnotations3D',
                with_bbox_3d=True,
                with_label_3d=True),
            dict(
                point_cloud_range=[
                    -51.2,
                    -51.2,
                    -5.0,
                    51.2,
                    51.2,
                    3.0,
                ],
                type='PointsRangeFilter'),
            dict(
                point_cloud_range=[
                    -51.2,
                    -51.2,
                    -5.0,
                    51.2,
                    51.2,
                    3.0,
                ],
                type='ObjectRangeFilter'),
            dict(classes=('car', ), type='ObjectNameFilter'),
            dict(type='PointShuffle'),
            dict(
                keys=[
                    'points',
                    'gt_bboxes_3d',
                    'gt_labels_3d',
                ],
                type='Pack3DDetInputs'),
        ],
        type='NuScenesDataset'),
    num_workers=2,
    persistent_workers=True,
    sampler=dict(shuffle=True, type='DefaultSampler'))
train_pipeline = [
    dict(
        backend_args=None,
        coord_type='LIDAR',
        load_dim=5,
        type='LoadPointsFromFile',
        use_dim=5),
    dict(type='LoadAnnotations3D', with_bbox_3d=True, with_label_3d=True),
    dict(
        point_cloud_range=[
            -51.2,
            -51.2,
            -5.0,
            51.2,
            51.2,
            3.0,
        ],
        type='PointsRangeFilter'),
    dict(
        point_cloud_range=[
            -51.2,
            -51.2,
            -5.0,
            51.2,
            51.2,
            3.0,
        ],
        type='ObjectRangeFilter'),
    dict(classes=('car', ), type='ObjectNameFilter'),
    dict(type='PointShuffle'),
    dict(
        keys=[
            'points',
            'gt_bboxes_3d',
            'gt_labels_3d',
        ],
        type='Pack3DDetInputs'),
]
val_cfg = dict(type='ValLoop')
val_dataloader = dict(
    batch_size=1,
    dataset=dict(
        ann_file='custom_infos_val.pkl',
        backend_args=None,
        box_type_3d='LiDAR',
        data_prefix=dict(img='', pts='samples/LIDAR_TOP', sweeps=''),
        data_root='data/nuscenes/',
        metainfo=dict(classes=('car', )),
        modality=dict(use_camera=False, use_lidar=True),
        pipeline=[
            dict(
                backend_args=None,
                coord_type='LIDAR',
                load_dim=5,
                type='LoadPointsFromFile',
                use_dim=5),
            dict(
                point_cloud_range=[
                    -51.2,
                    -51.2,
                    -5.0,
                    51.2,
                    51.2,
                    3.0,
                ],
                type='PointsRangeFilter'),
            dict(keys=[
                'points',
            ], type='Pack3DDetInputs'),
        ],
        test_mode=True,
        type='NuScenesDataset'),
    num_workers=2,
    persistent_workers=True,
    sampler=dict(shuffle=False, type='DefaultSampler'))
val_evaluator = dict(
    ann_file='data/nuscenes/custom_infos_val.pkl',
    backend_args=None,
    data_root='data/nuscenes/',
    metric='bbox',
    type='NuScenesMetric')
voxel_size = [
    0.16,
    0.16,
    0.2,
]
work_dir = 'outputs/mmdet/exp1_baseline'

2025/12/06 16:31:34 - mmengine - INFO - Distributed training is not used, all SyncBatchNorm (SyncBN) layers in the model will be automatically reverted to BatchNormXd layers if they are used.
2025/12/06 16:31:34 - mmengine - INFO - Hooks will be executed in the following order:
before_run:
(VERY_HIGH   ) RuntimeInfoHook                    
(BELOW_NORMAL) LoggerHook                         
 -------------------- 
before_train:
(VERY_HIGH   ) RuntimeInfoHook                    
(NORMAL      ) IterTimerHook                      
(VERY_LOW    ) CheckpointHook                     
 -------------------- 
before_train_epoch:
(VERY_HIGH   ) RuntimeInfoHook                    
(NORMAL      ) IterTimerHook                      
(NORMAL      ) DistSamplerSeedHook                
 -------------------- 
before_train_iter:
(VERY_HIGH   ) RuntimeInfoHook                    
(NORMAL      ) IterTimerHook                      
 -------------------- 
after_train_iter:
(VERY_HIGH   ) RuntimeInfoHook                    
(NORMAL      ) IterTimerHook                      
(BELOW_NORMAL) LoggerHook                         
(LOW         ) ParamSchedulerHook                 
(VERY_LOW    ) CheckpointHook                     
 -------------------- 
after_train_epoch:
(NORMAL      ) IterTimerHook                      
(LOW         ) ParamSchedulerHook                 
(VERY_LOW    ) CheckpointHook                     
 -------------------- 
before_val:
(VERY_HIGH   ) RuntimeInfoHook                    
 -------------------- 
before_val_epoch:
(NORMAL      ) IterTimerHook                      
 -------------------- 
before_val_iter:
(NORMAL      ) IterTimerHook                      
 -------------------- 
after_val_iter:
(NORMAL      ) IterTimerHook                      
(BELOW_NORMAL) LoggerHook                         
 -------------------- 
after_val_epoch:
(VERY_HIGH   ) RuntimeInfoHook                    
(NORMAL      ) IterTimerHook                      
(BELOW_NORMAL) LoggerHook                         
(LOW         ) ParamSchedulerHook                 
(VERY_LOW    ) CheckpointHook                     
 -------------------- 
after_val:
(VERY_HIGH   ) RuntimeInfoHook                    
 -------------------- 
after_train:
(VERY_HIGH   ) RuntimeInfoHook                    
(VERY_LOW    ) CheckpointHook                     
 -------------------- 
before_test:
(VERY_HIGH   ) RuntimeInfoHook                    
 -------------------- 
before_test_epoch:
(NORMAL      ) IterTimerHook                      
 -------------------- 
before_test_iter:
(NORMAL      ) IterTimerHook                      
 -------------------- 
after_test_iter:
(NORMAL      ) IterTimerHook                      
(BELOW_NORMAL) LoggerHook                         
 -------------------- 
after_test_epoch:
(VERY_HIGH   ) RuntimeInfoHook                    
(NORMAL      ) IterTimerHook                      
(BELOW_NORMAL) LoggerHook                         
 -------------------- 
after_test:
(VERY_HIGH   ) RuntimeInfoHook                    
 -------------------- 
after_run:
(BELOW_NORMAL) LoggerHook                         
 -------------------- 
2025/12/06 16:31:35 - mmengine - INFO - Loading legacy nuScenes infos format.
2025/12/06 16:31:37 - mmengine - INFO - ------------------------------
2025/12/06 16:31:37 - mmengine - INFO - The length of training dataset: 1192
2025/12/06 16:31:37 - mmengine - INFO - The number of instances per category in the dataset:
+----------+--------+
| category | number |
+----------+--------+
| car      | 14206  |
+----------+--------+
2025/12/06 16:31:37 - mmengine - INFO - Loading legacy nuScenes infos format.
2025/12/06 16:31:37 - mmengine - INFO - ------------------------------
2025/12/06 16:31:37 - mmengine - INFO - The length of test dataset: 198
2025/12/06 16:31:37 - mmengine - INFO - The number of instances per category in the dataset:
+----------+--------+
| category | number |
+----------+--------+
| car      | 3508   |
+----------+--------+
Name of parameter - Initialization information

pts_voxel_encoder.vfe_layers.0.norm.weight - torch.Size([64]): 
The value is the same before and after calling `init_weights` of MVXFasterRCNN  

pts_voxel_encoder.vfe_layers.0.norm.bias - torch.Size([64]): 
The value is the same before and after calling `init_weights` of MVXFasterRCNN  

pts_voxel_encoder.vfe_layers.0.linear.weight - torch.Size([64, 11]): 
The value is the same before and after calling `init_weights` of MVXFasterRCNN  

pts_voxel_encoder.vfe_layers.1.norm.weight - torch.Size([64]): 
The value is the same before and after calling `init_weights` of MVXFasterRCNN  

pts_voxel_encoder.vfe_layers.1.norm.bias - torch.Size([64]): 
The value is the same before and after calling `init_weights` of MVXFasterRCNN  

pts_voxel_encoder.vfe_layers.1.linear.weight - torch.Size([64, 128]): 
The value is the same before and after calling `init_weights` of MVXFasterRCNN  

pts_backbone.blocks.0.0.weight - torch.Size([64, 64, 3, 3]): 
KaimingInit: a=0, mode=fan_out, nonlinearity=relu, distribution =normal, bias=0 

pts_backbone.blocks.0.1.weight - torch.Size([64]): 
The value is the same before and after calling `init_weights` of MVXFasterRCNN  

pts_backbone.blocks.0.1.bias - torch.Size([64]): 
The value is the same before and after calling `init_weights` of MVXFasterRCNN  

pts_backbone.blocks.0.3.weight - torch.Size([64, 64, 3, 3]): 
KaimingInit: a=0, mode=fan_out, nonlinearity=relu, distribution =normal, bias=0 

pts_backbone.blocks.0.4.weight - torch.Size([64]): 
The value is the same before and after calling `init_weights` of MVXFasterRCNN  

pts_backbone.blocks.0.4.bias - torch.Size([64]): 
The value is the same before and after calling `init_weights` of MVXFasterRCNN  

pts_backbone.blocks.0.6.weight - torch.Size([64, 64, 3, 3]): 
KaimingInit: a=0, mode=fan_out, nonlinearity=relu, distribution =normal, bias=0 

pts_backbone.blocks.0.7.weight - torch.Size([64]): 
The value is the same before and after calling `init_weights` of MVXFasterRCNN  

pts_backbone.blocks.0.7.bias - torch.Size([64]): 
The value is the same before and after calling `init_weights` of MVXFasterRCNN  

pts_backbone.blocks.0.9.weight - torch.Size([64, 64, 3, 3]): 
KaimingInit: a=0, mode=fan_out, nonlinearity=relu, distribution =normal, bias=0 

pts_backbone.blocks.0.10.weight - torch.Size([64]): 
The value is the same before and after calling `init_weights` of MVXFasterRCNN  

pts_backbone.blocks.0.10.bias - torch.Size([64]): 
The value is the same before and after calling `init_weights` of MVXFasterRCNN  

pts_backbone.blocks.1.0.weight - torch.Size([128, 64, 3, 3]): 
KaimingInit: a=0, mode=fan_out, nonlinearity=relu, distribution =normal, bias=0 

pts_backbone.blocks.1.1.weight - torch.Size([128]): 
The value is the same before and after calling `init_weights` of MVXFasterRCNN  

pts_backbone.blocks.1.1.bias - torch.Size([128]): 
The value is the same before and after calling `init_weights` of MVXFasterRCNN  

pts_backbone.blocks.1.3.weight - torch.Size([128, 128, 3, 3]): 
KaimingInit: a=0, mode=fan_out, nonlinearity=relu, distribution =normal, bias=0 

pts_backbone.blocks.1.4.weight - torch.Size([128]): 
The value is the same before and after calling `init_weights` of MVXFasterRCNN  

pts_backbone.blocks.1.4.bias - torch.Size([128]): 
The value is the same before and after calling `init_weights` of MVXFasterRCNN  

pts_backbone.blocks.1.6.weight - torch.Size([128, 128, 3, 3]): 
KaimingInit: a=0, mode=fan_out, nonlinearity=relu, distribution =normal, bias=0 

pts_backbone.blocks.1.7.weight - torch.Size([128]): 
The value is the same before and after calling `init_weights` of MVXFasterRCNN  

pts_backbone.blocks.1.7.bias - torch.Size([128]): 
The value is the same before and after calling `init_weights` of MVXFasterRCNN  

pts_backbone.blocks.1.9.weight - torch.Size([128, 128, 3, 3]): 
KaimingInit: a=0, mode=fan_out, nonlinearity=relu, distribution =normal, bias=0 

pts_backbone.blocks.1.10.weight - torch.Size([128]): 
The value is the same before and after calling `init_weights` of MVXFasterRCNN  

pts_backbone.blocks.1.10.bias - torch.Size([128]): 
The value is the same before and after calling `init_weights` of MVXFasterRCNN  

pts_backbone.blocks.1.12.weight - torch.Size([128, 128, 3, 3]): 
KaimingInit: a=0, mode=fan_out, nonlinearity=relu, distribution =normal, bias=0 

pts_backbone.blocks.1.13.weight - torch.Size([128]): 
The value is the same before and after calling `init_weights` of MVXFasterRCNN  

pts_backbone.blocks.1.13.bias - torch.Size([128]): 
The value is the same before and after calling `init_weights` of MVXFasterRCNN  

pts_backbone.blocks.1.15.weight - torch.Size([128, 128, 3, 3]): 
KaimingInit: a=0, mode=fan_out, nonlinearity=relu, distribution =normal, bias=0 

pts_backbone.blocks.1.16.weight - torch.Size([128]): 
The value is the same before and after calling `init_weights` of MVXFasterRCNN  

pts_backbone.blocks.1.16.bias - torch.Size([128]): 
The value is the same before and after calling `init_weights` of MVXFasterRCNN  

pts_backbone.blocks.2.0.weight - torch.Size([256, 128, 3, 3]): 
KaimingInit: a=0, mode=fan_out, nonlinearity=relu, distribution =normal, bias=0 

pts_backbone.blocks.2.1.weight - torch.Size([256]): 
The value is the same before and after calling `init_weights` of MVXFasterRCNN  

pts_backbone.blocks.2.1.bias - torch.Size([256]): 
The value is the same before and after calling `init_weights` of MVXFasterRCNN  

pts_backbone.blocks.2.3.weight - torch.Size([256, 256, 3, 3]): 
KaimingInit: a=0, mode=fan_out, nonlinearity=relu, distribution =normal, bias=0 

pts_backbone.blocks.2.4.weight - torch.Size([256]): 
The value is the same before and after calling `init_weights` of MVXFasterRCNN  

pts_backbone.blocks.2.4.bias - torch.Size([256]): 
The value is the same before and after calling `init_weights` of MVXFasterRCNN  

pts_backbone.blocks.2.6.weight - torch.Size([256, 256, 3, 3]): 
KaimingInit: a=0, mode=fan_out, nonlinearity=relu, distribution =normal, bias=0 

pts_backbone.blocks.2.7.weight - torch.Size([256]): 
The value is the same before and after calling `init_weights` of MVXFasterRCNN  

pts_backbone.blocks.2.7.bias - torch.Size([256]): 
The value is the same before and after calling `init_weights` of MVXFasterRCNN  

pts_backbone.blocks.2.9.weight - torch.Size([256, 256, 3, 3]): 
KaimingInit: a=0, mode=fan_out, nonlinearity=relu, distribution =normal, bias=0 

pts_backbone.blocks.2.10.weight - torch.Size([256]): 
The value is the same before and after calling `init_weights` of MVXFasterRCNN  

pts_backbone.blocks.2.10.bias - torch.Size([256]): 
The value is the same before and after calling `init_weights` of MVXFasterRCNN  

pts_backbone.blocks.2.12.weight - torch.Size([256, 256, 3, 3]): 
KaimingInit: a=0, mode=fan_out, nonlinearity=relu, distribution =normal, bias=0 

pts_backbone.blocks.2.13.weight - torch.Size([256]): 
The value is the same before and after calling `init_weights` of MVXFasterRCNN  

pts_backbone.blocks.2.13.bias - torch.Size([256]): 
The value is the same before and after calling `init_weights` of MVXFasterRCNN  

pts_backbone.blocks.2.15.weight - torch.Size([256, 256, 3, 3]): 
KaimingInit: a=0, mode=fan_out, nonlinearity=relu, distribution =normal, bias=0 

pts_backbone.blocks.2.16.weight - torch.Size([256]): 
The value is the same before and after calling `init_weights` of MVXFasterRCNN  

pts_backbone.blocks.2.16.bias - torch.Size([256]): 
The value is the same before and after calling `init_weights` of MVXFasterRCNN  

pts_neck.lateral_convs.0.conv.weight - torch.Size([256, 64, 1, 1]): 
XavierInit: gain=1, distribution=uniform, bias=0 

pts_neck.lateral_convs.0.bn.weight - torch.Size([256]): 
The value is the same before and after calling `init_weights` of MVXFasterRCNN  

pts_neck.lateral_convs.0.bn.bias - torch.Size([256]): 
The value is the same before and after calling `init_weights` of MVXFasterRCNN  

pts_neck.lateral_convs.1.conv.weight - torch.Size([256, 128, 1, 1]): 
XavierInit: gain=1, distribution=uniform, bias=0 

pts_neck.lateral_convs.1.bn.weight - torch.Size([256]): 
The value is the same before and after calling `init_weights` of MVXFasterRCNN  

pts_neck.lateral_convs.1.bn.bias - torch.Size([256]): 
The value is the same before and after calling `init_weights` of MVXFasterRCNN  

pts_neck.lateral_convs.2.conv.weight - torch.Size([256, 256, 1, 1]): 
XavierInit: gain=1, distribution=uniform, bias=0 

pts_neck.lateral_convs.2.bn.weight - torch.Size([256]): 
The value is the same before and after calling `init_weights` of MVXFasterRCNN  

pts_neck.lateral_convs.2.bn.bias - torch.Size([256]): 
The value is the same before and after calling `init_weights` of MVXFasterRCNN  

pts_neck.fpn_convs.0.conv.weight - torch.Size([256, 256, 3, 3]): 
XavierInit: gain=1, distribution=uniform, bias=0 

pts_neck.fpn_convs.0.bn.weight - torch.Size([256]): 
The value is the same before and after calling `init_weights` of MVXFasterRCNN  

pts_neck.fpn_convs.0.bn.bias - torch.Size([256]): 
The value is the same before and after calling `init_weights` of MVXFasterRCNN  

pts_neck.fpn_convs.1.conv.weight - torch.Size([256, 256, 3, 3]): 
XavierInit: gain=1, distribution=uniform, bias=0 

pts_neck.fpn_convs.1.bn.weight - torch.Size([256]): 
The value is the same before and after calling `init_weights` of MVXFasterRCNN  

pts_neck.fpn_convs.1.bn.bias - torch.Size([256]): 
The value is the same before and after calling `init_weights` of MVXFasterRCNN  

pts_neck.fpn_convs.2.conv.weight - torch.Size([256, 256, 3, 3]): 
XavierInit: gain=1, distribution=uniform, bias=0 

pts_neck.fpn_convs.2.bn.weight - torch.Size([256]): 
The value is the same before and after calling `init_weights` of MVXFasterRCNN  

pts_neck.fpn_convs.2.bn.bias - torch.Size([256]): 
The value is the same before and after calling `init_weights` of MVXFasterRCNN  

pts_bbox_head.conv_cls.weight - torch.Size([2, 256, 1, 1]): 
NormalInit: mean=0, std=0.01, bias=-4.59511985013459 

pts_bbox_head.conv_cls.bias - torch.Size([2]): 
NormalInit: mean=0, std=0.01, bias=-4.59511985013459 

pts_bbox_head.conv_reg.weight - torch.Size([18, 256, 1, 1]): 
NormalInit: mean=0, std=0.01, bias=0 

pts_bbox_head.conv_reg.bias - torch.Size([18]): 
NormalInit: mean=0, std=0.01, bias=0 

pts_bbox_head.conv_dir_cls.weight - torch.Size([4, 256, 1, 1]): 
NormalInit: mean=0, std=0.01, bias=0 

pts_bbox_head.conv_dir_cls.bias - torch.Size([4]): 
NormalInit: mean=0, std=0.01, bias=0 
2025/12/06 16:31:38 - mmengine - WARNING - "FileClient" will be deprecated in future. Please use io functions in https://mmengine.readthedocs.io/en/latest/api/fileio.html#file-io
2025/12/06 16:31:38 - mmengine - WARNING - "HardDiskBackend" is the alias of "LocalBackend" and the former will be deprecated in future.
2025/12/06 16:31:38 - mmengine - INFO - Checkpoints will be saved to /home/ziqi/Projects/CS5330/final_project/experiments/outputs/mmdet/exp1_baseline.
2025/12/06 16:31:45 - mmengine - INFO - Epoch(train) [1][ 10/596]  lr: 1.1623e-04  eta: 0:06:51  time: 0.7029  data_time: 0.0126  memory: 4438  grad_norm: 20.4574  loss: 4.1433  loss_cls: 1.0834  loss_bbox: 2.9197  loss_dir: 0.1402
2025/12/06 16:31:51 - mmengine - INFO - Epoch(train) [1][ 20/596]  lr: 1.3427e-04  eta: 0:06:26  time: 0.6708  data_time: 0.0075  memory: 4445  grad_norm: 19.3005  loss: 3.8526  loss_cls: 1.0686  loss_bbox: 2.6447  loss_dir: 0.1393
2025/12/06 16:31:57 - mmengine - INFO - Epoch(train) [1][ 30/596]  lr: 1.5230e-04  eta: 0:06:13  time: 0.6607  data_time: 0.0058  memory: 4456  grad_norm: 19.3514  loss: 3.6647  loss_cls: 1.0499  loss_bbox: 2.4755  loss_dir: 0.1393
2025/12/06 16:32:04 - mmengine - INFO - Epoch(train) [1][ 40/596]  lr: 1.7034e-04  eta: 0:06:04  time: 0.6551  data_time: 0.0050  memory: 4456  grad_norm: 18.8961  loss: 3.4611  loss_cls: 1.0245  loss_bbox: 2.2981  loss_dir: 0.1386
2025/12/06 16:32:10 - mmengine - INFO - Epoch(train) [1][ 50/596]  lr: 1.8838e-04  eta: 0:05:55  time: 0.6515  data_time: 0.0045  memory: 4456  grad_norm: 18.7365  loss: 3.2521  loss_cls: 0.9944  loss_bbox: 2.1191  loss_dir: 0.1385
2025/12/06 16:32:17 - mmengine - INFO - Epoch(train) [1][ 60/596]  lr: 2.0641e-04  eta: 0:05:48  time: 0.6395  data_time: 0.0024  memory: 4456  grad_norm: 17.6755  loss: 2.8567  loss_cls: 0.9418  loss_bbox: 1.7765  loss_dir: 0.1384
2025/12/06 16:32:23 - mmengine - INFO - Epoch(train) [1][ 70/596]  lr: 2.2445e-04  eta: 0:05:40  time: 0.6391  data_time: 0.0024  memory: 4454  grad_norm: 17.6166  loss: 2.5988  loss_cls: 0.9021  loss_bbox: 1.5595  loss_dir: 0.1372
2025/12/06 16:32:29 - mmengine - INFO - Epoch(train) [1][ 80/596]  lr: 2.4248e-04  eta: 0:05:34  time: 0.6396  data_time: 0.0025  memory: 4456  grad_norm: 16.3971  loss: 2.3565  loss_cls: 0.8624  loss_bbox: 1.3568  loss_dir: 0.1373
2025/12/06 16:32:36 - mmengine - INFO - Epoch(train) [1][ 90/596]  lr: 2.6052e-04  eta: 0:05:27  time: 0.6401  data_time: 0.0025  memory: 4456  grad_norm: 16.1584  loss: 2.1975  loss_cls: 0.8358  loss_bbox: 1.2239  loss_dir: 0.1378
2025/12/06 16:32:42 - mmengine - INFO - Epoch(train) [1][100/596]  lr: 2.7856e-04  eta: 0:05:20  time: 0.6400  data_time: 0.0024  memory: 4439  grad_norm: 15.5170  loss: 2.1055  loss_cls: 0.8278  loss_bbox: 1.1403  loss_dir: 0.1375
2025/12/06 16:32:48 - mmengine - INFO - Epoch(train) [1][110/596]  lr: 2.9659e-04  eta: 0:05:13  time: 0.6383  data_time: 0.0024  memory: 4448  grad_norm: 14.6035  loss: 2.0435  loss_cls: 0.8173  loss_bbox: 1.0896  loss_dir: 0.1367
2025/12/06 16:32:55 - mmengine - INFO - Epoch(train) [1][120/596]  lr: 3.1463e-04  eta: 0:05:06  time: 0.6386  data_time: 0.0024  memory: 4456  grad_norm: 13.4705  loss: 2.0206  loss_cls: 0.8113  loss_bbox: 1.0717  loss_dir: 0.1377
2025/12/06 16:33:01 - mmengine - INFO - Epoch(train) [1][130/596]  lr: 3.3267e-04  eta: 0:05:00  time: 0.6383  data_time: 0.0025  memory: 4443  grad_norm: 12.8601  loss: 1.9605  loss_cls: 0.8054  loss_bbox: 1.0187  loss_dir: 0.1364
2025/12/06 16:33:08 - mmengine - INFO - Epoch(train) [1][140/596]  lr: 3.5070e-04  eta: 0:04:53  time: 0.6377  data_time: 0.0024  memory: 4432  grad_norm: 12.1807  loss: 1.9327  loss_cls: 0.8089  loss_bbox: 0.9872  loss_dir: 0.1365
2025/12/06 16:33:14 - mmengine - INFO - Epoch(train) [1][150/596]  lr: 3.6874e-04  eta: 0:04:46  time: 0.6383  data_time: 0.0025  memory: 4439  grad_norm: 11.5712  loss: 1.8984  loss_cls: 0.7986  loss_bbox: 0.9634  loss_dir: 0.1365
2025/12/06 16:33:20 - mmengine - INFO - Epoch(train) [1][160/596]  lr: 3.8677e-04  eta: 0:04:40  time: 0.6391  data_time: 0.0024  memory: 4455  grad_norm: 12.2387  loss: 1.8932  loss_cls: 0.8105  loss_bbox: 0.9467  loss_dir: 0.1360
2025/12/06 16:33:27 - mmengine - INFO - Epoch(train) [1][170/596]  lr: 4.0481e-04  eta: 0:04:33  time: 0.6389  data_time: 0.0024  memory: 4443  grad_norm: 12.0358  loss: 1.8223  loss_cls: 0.7964  loss_bbox: 0.8885  loss_dir: 0.1374
2025/12/06 16:33:33 - mmengine - INFO - Epoch(train) [1][180/596]  lr: 4.2285e-04  eta: 0:04:27  time: 0.6383  data_time: 0.0023  memory: 4455  grad_norm: 12.3769  loss: 1.8431  loss_cls: 0.8023  loss_bbox: 0.9035  loss_dir: 0.1373
2025/12/06 16:33:40 - mmengine - INFO - Epoch(train) [1][190/596]  lr: 4.4088e-04  eta: 0:04:20  time: 0.6390  data_time: 0.0023  memory: 4456  grad_norm: 12.2369  loss: 1.8293  loss_cls: 0.8046  loss_bbox: 0.8883  loss_dir: 0.1364
2025/12/06 16:33:46 - mmengine - INFO - Epoch(train) [1][200/596]  lr: 4.5892e-04  eta: 0:04:14  time: 0.6399  data_time: 0.0023  memory: 4456  grad_norm: 12.0853  loss: 1.8531  loss_cls: 0.8043  loss_bbox: 0.9129  loss_dir: 0.1359
2025/12/06 16:33:52 - mmengine - INFO - Epoch(train) [1][210/596]  lr: 4.7695e-04  eta: 0:04:07  time: 0.6396  data_time: 0.0023  memory: 4453  grad_norm: 11.7922  loss: 1.8464  loss_cls: 0.7932  loss_bbox: 0.9161  loss_dir: 0.1371
2025/12/06 16:33:59 - mmengine - INFO - Epoch(train) [1][220/596]  lr: 4.9499e-04  eta: 0:04:01  time: 0.6400  data_time: 0.0023  memory: 4456  grad_norm: 12.2174  loss: 1.8570  loss_cls: 0.8086  loss_bbox: 0.9138  loss_dir: 0.1346
2025/12/06 16:34:05 - mmengine - INFO - Epoch(train) [1][230/596]  lr: 5.1303e-04  eta: 0:03:54  time: 0.6403  data_time: 0.0023  memory: 4456  grad_norm: 11.8373  loss: 1.8506  loss_cls: 0.8006  loss_bbox: 0.9145  loss_dir: 0.1354
2025/12/06 16:34:12 - mmengine - INFO - Epoch(train) [1][240/596]  lr: 5.3106e-04  eta: 0:03:48  time: 0.6404  data_time: 0.0023  memory: 4447  grad_norm: 11.6294  loss: 1.8342  loss_cls: 0.7774  loss_bbox: 0.9203  loss_dir: 0.1364
2025/12/06 16:34:18 - mmengine - INFO - Epoch(train) [1][250/596]  lr: 5.4910e-04  eta: 0:03:42  time: 0.6404  data_time: 0.0023  memory: 4456  grad_norm: 11.7128  loss: 1.8370  loss_cls: 0.7703  loss_bbox: 0.9307  loss_dir: 0.1361
2025/12/06 16:34:24 - mmengine - INFO - Epoch(train) [1][260/596]  lr: 5.6713e-04  eta: 0:03:35  time: 0.6415  data_time: 0.0023  memory: 4456  grad_norm: 11.7822  loss: 1.8563  loss_cls: 0.7782  loss_bbox: 0.9434  loss_dir: 0.1347
2025/12/06 16:34:31 - mmengine - INFO - Epoch(train) [1][270/596]  lr: 5.8517e-04  eta: 0:03:29  time: 0.6408  data_time: 0.0023  memory: 4456  grad_norm: 11.5929  loss: 1.8380  loss_cls: 0.7663  loss_bbox: 0.9363  loss_dir: 0.1355
2025/12/06 16:34:37 - mmengine - INFO - Epoch(train) [1][280/596]  lr: 6.0321e-04  eta: 0:03:22  time: 0.6405  data_time: 0.0023  memory: 4456  grad_norm: 11.8125  loss: 1.8407  loss_cls: 0.7608  loss_bbox: 0.9444  loss_dir: 0.1355
2025/12/06 16:34:44 - mmengine - INFO - Epoch(train) [1][290/596]  lr: 6.2124e-04  eta: 0:03:16  time: 0.6401  data_time: 0.0023  memory: 4456  grad_norm: 12.4505  loss: 1.8657  loss_cls: 0.7707  loss_bbox: 0.9603  loss_dir: 0.1346
2025/12/06 16:34:50 - mmengine - INFO - Epoch(train) [1][300/596]  lr: 6.3928e-04  eta: 0:03:09  time: 0.6389  data_time: 0.0023  memory: 4456  grad_norm: 12.8028  loss: 1.8776  loss_cls: 0.7814  loss_bbox: 0.9615  loss_dir: 0.1347
2025/12/06 16:34:56 - mmengine - INFO - Epoch(train) [1][310/596]  lr: 6.5731e-04  eta: 0:03:03  time: 0.6381  data_time: 0.0023  memory: 4405  grad_norm: 12.4019  loss: 1.8414  loss_cls: 0.7742  loss_bbox: 0.9311  loss_dir: 0.1361
2025/12/06 16:35:03 - mmengine - INFO - Epoch(train) [1][320/596]  lr: 6.7535e-04  eta: 0:02:56  time: 0.6383  data_time: 0.0024  memory: 4456  grad_norm: 12.1753  loss: 1.8300  loss_cls: 0.7751  loss_bbox: 0.9195  loss_dir: 0.1353
2025/12/06 16:35:09 - mmengine - INFO - Epoch(train) [1][330/596]  lr: 6.9339e-04  eta: 0:02:50  time: 0.6389  data_time: 0.0024  memory: 4454  grad_norm: 12.0325  loss: 1.8179  loss_cls: 0.7809  loss_bbox: 0.9022  loss_dir: 0.1349
2025/12/06 16:35:15 - mmengine - INFO - Epoch(train) [1][340/596]  lr: 7.1142e-04  eta: 0:02:44  time: 0.6368  data_time: 0.0024  memory: 4439  grad_norm: 11.5387  loss: 1.8115  loss_cls: 0.7804  loss_bbox: 0.8997  loss_dir: 0.1314
2025/12/06 16:35:22 - mmengine - INFO - Epoch(train) [1][350/596]  lr: 7.2946e-04  eta: 0:02:37  time: 0.6361  data_time: 0.0024  memory: 4433  grad_norm: 11.0288  loss: 1.7936  loss_cls: 0.7713  loss_bbox: 0.8906  loss_dir: 0.1317
2025/12/06 16:35:28 - mmengine - INFO - Epoch(train) [1][360/596]  lr: 7.4749e-04  eta: 0:02:31  time: 0.6361  data_time: 0.0024  memory: 4456  grad_norm: 11.0178  loss: 1.8193  loss_cls: 0.7715  loss_bbox: 0.9167  loss_dir: 0.1311
2025/12/06 16:35:35 - mmengine - INFO - Epoch(train) [1][370/596]  lr: 7.6553e-04  eta: 0:02:24  time: 0.6366  data_time: 0.0023  memory: 4456  grad_norm: 10.8913  loss: 1.8008  loss_cls: 0.7613  loss_bbox: 0.9093  loss_dir: 0.1303
2025/12/06 16:35:41 - mmengine - INFO - Epoch(train) [1][380/596]  lr: 7.8357e-04  eta: 0:02:18  time: 0.6358  data_time: 0.0023  memory: 4455  grad_norm: 10.8876  loss: 1.8268  loss_cls: 0.7613  loss_bbox: 0.9338  loss_dir: 0.1318
2025/12/06 16:35:47 - mmengine - INFO - Epoch(train) [1][390/596]  lr: 8.0160e-04  eta: 0:02:11  time: 0.6382  data_time: 0.0023  memory: 4446  grad_norm: 10.1616  loss: 1.8021  loss_cls: 0.7476  loss_bbox: 0.9195  loss_dir: 0.1350
2025/12/06 16:35:54 - mmengine - INFO - Epoch(train) [1][400/596]  lr: 8.1964e-04  eta: 0:02:05  time: 0.6394  data_time: 0.0023  memory: 4439  grad_norm: 10.0083  loss: 1.7579  loss_cls: 0.7368  loss_bbox: 0.8871  loss_dir: 0.1339
2025/12/06 16:36:00 - mmengine - INFO - Epoch(train) [1][410/596]  lr: 8.3768e-04  eta: 0:01:59  time: 0.6400  data_time: 0.0023  memory: 4434  grad_norm: 10.0069  loss: 1.7327  loss_cls: 0.7215  loss_bbox: 0.8783  loss_dir: 0.1329
2025/12/06 16:36:07 - mmengine - INFO - Epoch(train) [1][420/596]  lr: 8.5571e-04  eta: 0:01:52  time: 0.6388  data_time: 0.0023  memory: 4448  grad_norm: 10.1133  loss: 1.8121  loss_cls: 0.7242  loss_bbox: 0.9557  loss_dir: 0.1321
2025/12/06 16:36:13 - mmengine - INFO - Epoch(train) [1][430/596]  lr: 8.7375e-04  eta: 0:01:46  time: 0.6395  data_time: 0.0023  memory: 4456  grad_norm: 10.2360  loss: 1.7864  loss_cls: 0.7132  loss_bbox: 0.9438  loss_dir: 0.1295
2025/12/06 16:36:19 - mmengine - INFO - Epoch(train) [1][440/596]  lr: 8.9178e-04  eta: 0:01:39  time: 0.6383  data_time: 0.0024  memory: 4456  grad_norm: 11.1112  loss: 1.8209  loss_cls: 0.7255  loss_bbox: 0.9657  loss_dir: 0.1298
2025/12/06 16:36:26 - mmengine - INFO - Epoch(train) [1][450/596]  lr: 9.0982e-04  eta: 0:01:33  time: 0.6384  data_time: 0.0025  memory: 4447  grad_norm: 11.1338  loss: 1.8686  loss_cls: 0.7376  loss_bbox: 1.0002  loss_dir: 0.1308
2025/12/06 16:36:32 - mmengine - INFO - Epoch(train) [1][460/596]  lr: 9.2786e-04  eta: 0:01:27  time: 0.6375  data_time: 0.0025  memory: 4456  grad_norm: 10.8785  loss: 1.8927  loss_cls: 0.7429  loss_bbox: 1.0152  loss_dir: 0.1347
2025/12/06 16:36:38 - mmengine - INFO - Epoch(train) [1][470/596]  lr: 9.4589e-04  eta: 0:01:20  time: 0.6382  data_time: 0.0024  memory: 4456  grad_norm: 11.0437  loss: 1.8531  loss_cls: 0.7372  loss_bbox: 0.9796  loss_dir: 0.1362
2025/12/06 16:36:45 - mmengine - INFO - Epoch(train) [1][480/596]  lr: 9.6393e-04  eta: 0:01:14  time: 0.6382  data_time: 0.0024  memory: 4456  grad_norm: 10.7629  loss: 1.8660  loss_cls: 0.7416  loss_bbox: 0.9823  loss_dir: 0.1421
2025/12/06 16:36:51 - mmengine - INFO - Epoch(train) [1][490/596]  lr: 9.8196e-04  eta: 0:01:07  time: 0.6389  data_time: 0.0024  memory: 4456  grad_norm: 10.1298  loss: 1.8241  loss_cls: 0.7323  loss_bbox: 0.9498  loss_dir: 0.1419
2025/12/06 16:36:58 - mmengine - INFO - Epoch(train) [1][500/596]  lr: 1.0000e-03  eta: 0:01:01  time: 0.6392  data_time: 0.0023  memory: 4456  grad_norm: 10.0703  loss: 1.8308  loss_cls: 0.7362  loss_bbox: 0.9517  loss_dir: 0.1429
2025/12/06 16:37:04 - mmengine - INFO - Epoch(train) [1][510/596]  lr: 1.0000e-03  eta: 0:00:55  time: 0.6401  data_time: 0.0023  memory: 4456  grad_norm: 9.9474  loss: 1.7950  loss_cls: 0.7368  loss_bbox: 0.9195  loss_dir: 0.1387
2025/12/06 16:37:10 - mmengine - INFO - Epoch(train) [1][520/596]  lr: 1.0000e-03  eta: 0:00:48  time: 0.6410  data_time: 0.0023  memory: 4456  grad_norm: 9.4020  loss: 1.7598  loss_cls: 0.7457  loss_bbox: 0.8766  loss_dir: 0.1375
2025/12/06 16:37:17 - mmengine - INFO - Epoch(train) [1][530/596]  lr: 1.0000e-03  eta: 0:00:42  time: 0.6410  data_time: 0.0023  memory: 4456  grad_norm: 9.3339  loss: 1.7238  loss_cls: 0.7448  loss_bbox: 0.8483  loss_dir: 0.1308
2025/12/06 16:37:23 - mmengine - INFO - Epoch(train) [1][540/596]  lr: 1.0000e-03  eta: 0:00:35  time: 0.6413  data_time: 0.0023  memory: 4456  grad_norm: 9.4016  loss: 1.7095  loss_cls: 0.7301  loss_bbox: 0.8488  loss_dir: 0.1305
2025/12/06 16:37:30 - mmengine - INFO - Epoch(train) [1][550/596]  lr: 1.0000e-03  eta: 0:00:29  time: 0.6413  data_time: 0.0023  memory: 4441  grad_norm: 9.4042  loss: 1.6690  loss_cls: 0.7066  loss_bbox: 0.8338  loss_dir: 0.1286
2025/12/06 16:37:36 - mmengine - INFO - Epoch(train) [1][560/596]  lr: 1.0000e-03  eta: 0:00:23  time: 0.6410  data_time: 0.0023  memory: 4456  grad_norm: 9.5862  loss: 1.6731  loss_cls: 0.6973  loss_bbox: 0.8462  loss_dir: 0.1295
2025/12/06 16:37:43 - mmengine - INFO - Epoch(train) [1][570/596]  lr: 1.0000e-03  eta: 0:00:16  time: 0.6409  data_time: 0.0023  memory: 4456  grad_norm: 9.6998  loss: 1.6754  loss_cls: 0.6849  loss_bbox: 0.8615  loss_dir: 0.1290
2025/12/06 16:37:49 - mmengine - INFO - Epoch(train) [1][580/596]  lr: 1.0000e-03  eta: 0:00:10  time: 0.6404  data_time: 0.0023  memory: 4456  grad_norm: 9.8113  loss: 1.7075  loss_cls: 0.6856  loss_bbox: 0.8929  loss_dir: 0.1291
2025/12/06 16:37:55 - mmengine - INFO - Epoch(train) [1][590/596]  lr: 1.0000e-03  eta: 0:00:03  time: 0.6398  data_time: 0.0023  memory: 4448  grad_norm: 9.4032  loss: 1.7081  loss_cls: 0.6950  loss_bbox: 0.8873  loss_dir: 0.1257
2025/12/06 16:37:59 - mmengine - INFO - Exp name: exp1_baseline_20251206_163131
2025/12/06 16:37:59 - mmengine - INFO - Saving checkpoint at 1 epochs
2025/12/06 16:38:01 - mmengine - INFO - Epoch(val) [1][ 10/198]    eta: 0:00:27  time: 0.1449  data_time: 0.0124  memory: 4456  
2025/12/06 16:38:03 - mmengine - INFO - Epoch(val) [1][ 20/198]    eta: 0:00:24  time: 0.1387  data_time: 0.0068  memory: 601  
2025/12/06 16:38:04 - mmengine - INFO - Epoch(val) [1][ 30/198]    eta: 0:00:22  time: 0.1364  data_time: 0.0049  memory: 601  
2025/12/06 16:38:05 - mmengine - INFO - Epoch(val) [1][ 40/198]    eta: 0:00:21  time: 0.1349  data_time: 0.0039  memory: 601  
2025/12/06 16:38:07 - mmengine - INFO - Epoch(val) [1][ 50/198]    eta: 0:00:19  time: 0.1343  data_time: 0.0034  memory: 601  
2025/12/06 16:38:08 - mmengine - INFO - Epoch(val) [1][ 60/198]    eta: 0:00:18  time: 0.1317  data_time: 0.0011  memory: 601  
2025/12/06 16:38:09 - mmengine - INFO - Epoch(val) [1][ 70/198]    eta: 0:00:17  time: 0.1313  data_time: 0.0011  memory: 598  
2025/12/06 16:38:11 - mmengine - INFO - Epoch(val) [1][ 80/198]    eta: 0:00:15  time: 0.1314  data_time: 0.0011  memory: 601  
2025/12/06 16:38:12 - mmengine - INFO - Epoch(val) [1][ 90/198]    eta: 0:00:14  time: 0.1295  data_time: 0.0012  memory: 481  
2025/12/06 16:38:13 - mmengine - INFO - Epoch(val) [1][100/198]    eta: 0:00:12  time: 0.1275  data_time: 0.0012  memory: 481  
2025/12/06 16:38:14 - mmengine - INFO - Epoch(val) [1][110/198]    eta: 0:00:11  time: 0.1259  data_time: 0.0012  memory: 482  
2025/12/06 16:38:15 - mmengine - INFO - Epoch(val) [1][120/198]    eta: 0:00:10  time: 0.1248  data_time: 0.0012  memory: 601  
2025/12/06 16:38:17 - mmengine - INFO - Epoch(val) [1][130/198]    eta: 0:00:08  time: 0.1249  data_time: 0.0013  memory: 601  
2025/12/06 16:38:18 - mmengine - INFO - Epoch(val) [1][140/198]    eta: 0:00:07  time: 0.1269  data_time: 0.0013  memory: 601  
2025/12/06 16:38:19 - mmengine - INFO - Epoch(val) [1][150/198]    eta: 0:00:06  time: 0.1285  data_time: 0.0013  memory: 601  
2025/12/06 16:38:21 - mmengine - INFO - Epoch(val) [1][160/198]    eta: 0:00:04  time: 0.1285  data_time: 0.0013  memory: 545  
2025/12/06 16:38:22 - mmengine - INFO - Epoch(val) [1][170/198]    eta: 0:00:03  time: 0.1286  data_time: 0.0013  memory: 553  
2025/12/06 16:38:23 - mmengine - INFO - Epoch(val) [1][180/198]    eta: 0:00:02  time: 0.1267  data_time: 0.0014  memory: 481  
2025/12/06 16:38:24 - mmengine - INFO - Epoch(val) [1][190/198]    eta: 0:00:01  time: 0.1253  data_time: 0.0015  memory: 481  
