2025/12/07 04:44:13 - mmengine - INFO - 
------------------------------------------------------------
System environment:
    sys.platform: linux
    Python: 3.8.20 (default, Oct  3 2024, 15:24:27) [GCC 11.2.0]
    CUDA available: True
    MUSA available: False
    numpy_random_seed: 1111699631
    GPU 0: NVIDIA GeForce GTX 1060 6GB
    CUDA_HOME: /usr/local/cuda
    NVCC: Cuda compilation tools, release 12.9, V12.9.86
    GCC: gcc (Ubuntu 13.3.0-6ubuntu2~24.04) 13.3.0
    PyTorch: 1.13.1
    PyTorch compiling details: PyTorch built with:
  - GCC 9.3
  - C++ Version: 201402
  - Intel(R) oneAPI Math Kernel Library Version 2023.1-Product Build 20230303 for Intel(R) 64 architecture applications
  - Intel(R) MKL-DNN v2.6.0 (Git Hash 52b5f107dd9cf10910aaa19cb47f3abf9b349815)
  - OpenMP 201511 (a.k.a. OpenMP 4.5)
  - LAPACK is enabled (usually provided by MKL)
  - NNPACK is enabled
  - CPU capability usage: AVX2
  - CUDA Runtime 11.7
  - NVCC architecture flags: -gencode;arch=compute_37,code=sm_37;-gencode;arch=compute_50,code=sm_50;-gencode;arch=compute_60,code=sm_60;-gencode;arch=compute_61,code=sm_61;-gencode;arch=compute_70,code=sm_70;-gencode;arch=compute_75,code=sm_75;-gencode;arch=compute_80,code=sm_80;-gencode;arch=compute_86,code=sm_86;-gencode;arch=compute_37,code=compute_37
  - CuDNN 8.5
  - Magma 2.6.1
  - Build settings: BLAS_INFO=mkl, BUILD_TYPE=Release, CUDA_VERSION=11.7, CUDNN_VERSION=8.5.0, CXX_COMPILER=/opt/rh/devtoolset-9/root/usr/bin/c++, CXX_FLAGS= -fabi-version=11 -Wno-deprecated -fvisibility-inlines-hidden -DUSE_PTHREADPOOL -fopenmp -DNDEBUG -DUSE_KINETO -DUSE_FBGEMM -DUSE_QNNPACK -DUSE_PYTORCH_QNNPACK -DUSE_XNNPACK -DSYMBOLICATE_MOBILE_DEBUG_HANDLE -DEDGE_PROFILER_USE_KINETO -O2 -fPIC -Wno-narrowing -Wall -Wextra -Werror=return-type -Werror=non-virtual-dtor -Wno-missing-field-initializers -Wno-type-limits -Wno-array-bounds -Wno-unknown-pragmas -Wunused-local-typedefs -Wno-unused-parameter -Wno-unused-function -Wno-unused-result -Wno-strict-overflow -Wno-strict-aliasing -Wno-error=deprecated-declarations -Wno-stringop-overflow -Wno-psabi -Wno-error=pedantic -Wno-error=redundant-decls -Wno-error=old-style-cast -fdiagnostics-color=always -faligned-new -Wno-unused-but-set-variable -Wno-maybe-uninitialized -fno-math-errno -fno-trapping-math -Werror=format -Werror=cast-function-type -Wno-stringop-overflow, LAPACK_INFO=mkl, PERF_WITH_AVX=1, PERF_WITH_AVX2=1, PERF_WITH_AVX512=1, TORCH_VERSION=1.13.1, USE_CUDA=ON, USE_CUDNN=ON, USE_EXCEPTION_PTR=1, USE_GFLAGS=OFF, USE_GLOG=OFF, USE_MKL=ON, USE_MKLDNN=ON, USE_MPI=OFF, USE_NCCL=ON, USE_NNPACK=ON, USE_OPENMP=ON, USE_ROCM=OFF, 

    TorchVision: 0.14.1
    OpenCV: 4.12.0
    MMEngine: 0.10.7

Runtime environment:
    cudnn_benchmark: False
    mp_cfg: {'mp_start_method': 'fork', 'opencv_num_threads': 0}
    dist_cfg: {'backend': 'nccl'}
    seed: 1111699631
    Distributed launcher: none
    Distributed training: False
    GPU number: 1
------------------------------------------------------------

2025/12/07 04:44:14 - mmengine - INFO - Config:
backend_args = None
base_train_dataloader = dict(
    batch_size=2,
    dataset=dict(
        ann_file='custom_infos_small_train.pkl',
        backend_args=None,
        box_type_3d='LiDAR',
        data_prefix=dict(img='', pts='samples/LIDAR_TOP', sweeps=''),
        data_root='data/nuscenes/',
        metainfo=dict(classes=('car', )),
        modality=dict(use_camera=False, use_lidar=True),
        pipeline=[
            dict(
                backend_args=None,
                coord_type='LIDAR',
                load_dim=5,
                type='LoadPointsFromFile',
                use_dim=5),
            dict(
                type='LoadAnnotations3D',
                with_bbox_3d=True,
                with_label_3d=True),
            dict(
                point_cloud_range=[
                    -51.2,
                    -51.2,
                    -5.0,
                    51.2,
                    51.2,
                    3.0,
                ],
                type='PointsRangeFilter'),
            dict(
                point_cloud_range=[
                    -51.2,
                    -51.2,
                    -5.0,
                    51.2,
                    51.2,
                    3.0,
                ],
                type='ObjectRangeFilter'),
            dict(classes=('car', ), type='ObjectNameFilter'),
            dict(type='PointShuffle'),
            dict(
                keys=[
                    'points',
                    'gt_bboxes_3d',
                    'gt_labels_3d',
                ],
                type='Pack3DDetInputs'),
        ],
        type='NuScenesDataset'),
    num_workers=2,
    persistent_workers=True,
    sampler=dict(shuffle=True, type='DefaultSampler'))
class_names = ('car', )
data_prefix = dict(img='', pts='samples/LIDAR_TOP', sweeps='')
data_root = 'data/nuscenes/'
db_info_path = data / nuscenes / custom_dbinfos_train.pkl
default_hooks = dict(
    checkpoint=dict(
        interval=1,
        max_keep_ckpts=5,
        rule='greater',
        save_best='NDS',
        type='CheckpointHook'),
    logger=dict(interval=10, type='LoggerHook'))
default_scope = 'mmdet3d'
env_cfg = dict(
    cudnn_benchmark=False,
    dist_cfg=dict(backend='nccl'),
    mp_cfg=dict(mp_start_method='fork', opencv_num_threads=0))
input_modality = dict(use_camera=False, use_lidar=True)
launcher = 'none'
load_from = None
log_level = 'INFO'
log_processor = dict(by_epoch=True, type='LogProcessor', window_size=50)
max_epochs = 10
metainfo = dict(classes=('car', ))
model = dict(
    data_preprocessor=dict(
        type='Det3DDataPreprocessor',
        voxel=True,
        voxel_layer=dict(
            max_num_points=32,
            max_voxels=(
                12000,
                12000,
            ),
            point_cloud_range=[
                -51.2,
                -51.2,
                -5.0,
                51.2,
                51.2,
                3.0,
            ],
            voxel_size=[
                0.16,
                0.16,
                0.2,
            ])),
    pts_backbone=dict(
        in_channels=64,
        layer_nums=[
            3,
            5,
            5,
        ],
        layer_strides=[
            2,
            2,
            2,
        ],
        norm_cfg=dict(eps=0.001, momentum=0.01, type='naiveSyncBN2d'),
        out_channels=[
            64,
            128,
            256,
        ],
        type='SECOND'),
    pts_bbox_head=dict(
        anchor_generator=dict(
            custom_values=[
                0,
                0,
            ],
            ranges=[
                [
                    -51.2,
                    -51.2,
                    -1.78,
                    51.2,
                    51.2,
                    -1.78,
                ],
            ],
            reshape_out=True,
            rotations=[
                0,
                1.57,
            ],
            scales=[
                1,
                2,
                4,
            ],
            sizes=[
                [
                    4.63,
                    1.97,
                    1.73,
                ],
            ],
            type='AlignedAnchor3DRangeGenerator'),
        assigner_per_size=False,
        bbox_coder=dict(code_size=9, type='DeltaXYZWLHRBBoxCoder'),
        diff_rad_by_sin=True,
        dir_offset=-0.7854,
        feat_channels=256,
        in_channels=256,
        loss_bbox=dict(
            beta=0.1111111111111111,
            loss_weight=1.0,
            type='mmdet.SmoothL1Loss'),
        loss_cls=dict(
            alpha=0.25,
            gamma=2.0,
            loss_weight=1.0,
            type='mmdet.FocalLoss',
            use_sigmoid=True),
        loss_dir=dict(
            loss_weight=0.2, type='mmdet.CrossEntropyLoss', use_sigmoid=False),
        num_classes=1,
        type='Anchor3DHead',
        use_direction_classifier=True),
    pts_middle_encoder=dict(
        in_channels=64, output_shape=[
            640,
            640,
        ], type='PointPillarsScatter'),
    pts_neck=dict(
        act_cfg=dict(type='ReLU'),
        in_channels=[
            64,
            128,
            256,
        ],
        norm_cfg=dict(eps=0.001, momentum=0.01, type='naiveSyncBN2d'),
        num_outs=3,
        out_channels=256,
        start_level=0,
        type='mmdet.FPN'),
    pts_voxel_encoder=dict(
        feat_channels=[
            64,
            64,
        ],
        in_channels=5,
        norm_cfg=dict(eps=0.001, momentum=0.01, type='naiveSyncBN1d'),
        point_cloud_range=[
            -51.2,
            -51.2,
            -5.0,
            51.2,
            51.2,
            3.0,
        ],
        type='HardVFE',
        voxel_size=[
            0.16,
            0.16,
            0.2,
        ],
        with_cluster_center=True,
        with_distance=False,
        with_voxel_center=True),
    test_cfg=dict(
        pts=dict(
            max_num=500,
            min_bbox_size=0,
            nms_across_levels=False,
            nms_pre=1000,
            nms_thr=0.2,
            score_thr=0.05,
            use_rotate_nms=True)),
    train_cfg=dict(
        pts=dict(
            allowed_border=0,
            assigner=dict(
                ignore_iof_thr=-1,
                iou_calculator=dict(type='BboxOverlapsNearest3D'),
                min_pos_iou=0.3,
                neg_iou_thr=0.3,
                pos_iou_thr=0.6,
                type='Max3DIoUAssigner'),
            code_weight=[
                1.0,
                1.0,
                1.0,
                1.0,
                1.0,
                1.0,
                1.0,
                0.2,
                0.2,
            ],
            debug=False,
            pos_weight=-1)),
    type='MVXFasterRCNN')
optim_wrapper = dict(
    clip_grad=dict(max_norm=10, norm_type=2),
    optimizer=dict(lr=0.001, type='AdamW', weight_decay=0.01),
    type='OptimWrapper')
param_scheduler = [
    dict(begin=0, by_epoch=False, end=500, start_factor=0.1, type='LinearLR'),
    dict(
        T_max=10,
        begin=0,
        by_epoch=True,
        end=10,
        eta_min=1e-05,
        type='CosineAnnealingLR'),
]
point_cloud_range = [
    -51.2,
    -51.2,
    -5.0,
    51.2,
    51.2,
    3.0,
]
resume = False
run_suffix = '20251207-044413'
test_cfg = dict(type='TestLoop')
test_dataloader = dict(
    batch_size=1,
    dataset=dict(
        ann_file='custom_infos_val.pkl',
        backend_args=None,
        box_type_3d='LiDAR',
        data_prefix=dict(img='', pts='samples/LIDAR_TOP', sweeps=''),
        data_root='data/nuscenes/',
        metainfo=dict(classes=('car', )),
        modality=dict(use_camera=False, use_lidar=True),
        pipeline=[
            dict(
                backend_args=None,
                coord_type='LIDAR',
                load_dim=5,
                type='LoadPointsFromFile',
                use_dim=5),
            dict(
                point_cloud_range=[
                    -51.2,
                    -51.2,
                    -5.0,
                    51.2,
                    51.2,
                    3.0,
                ],
                type='PointsRangeFilter'),
            dict(keys=[
                'points',
            ], type='Pack3DDetInputs'),
        ],
        test_mode=True,
        type='NuScenesDataset'),
    num_workers=2,
    persistent_workers=True,
    sampler=dict(shuffle=False, type='DefaultSampler'))
test_evaluator = dict(
    ann_file='data/nuscenes/custom_infos_val.pkl',
    backend_args=None,
    classes=('car', ),
    data_root='data/nuscenes/',
    metric='bbox',
    type='NuScenesMetric')
test_pipeline = [
    dict(
        backend_args=None,
        coord_type='LIDAR',
        load_dim=5,
        type='LoadPointsFromFile',
        use_dim=5),
    dict(
        point_cloud_range=[
            -51.2,
            -51.2,
            -5.0,
            51.2,
            51.2,
            3.0,
        ],
        type='PointsRangeFilter'),
    dict(keys=[
        'points',
    ], type='Pack3DDetInputs'),
]
train_cfg = dict(max_epochs=1, type='EpochBasedTrainLoop', val_interval=1)
train_dataloader = dict(
    batch_size=2,
    dataset=dict(
        ann_file='custom_infos_small_train.pkl',
        backend_args=None,
        box_type_3d='LiDAR',
        data_prefix=dict(img='', pts='samples/LIDAR_TOP', sweeps=''),
        data_root='data/nuscenes/',
        metainfo=dict(classes=('car', )),
        modality=dict(use_camera=False, use_lidar=True),
        pipeline=[
            dict(
                backend_args=None,
                coord_type='LIDAR',
                load_dim=5,
                type='LoadPointsFromFile',
                use_dim=5),
            dict(
                type='LoadAnnotations3D',
                with_bbox_3d=True,
                with_label_3d=True),
            dict(
                point_cloud_range=[
                    -51.2,
                    -51.2,
                    -5.0,
                    51.2,
                    51.2,
                    3.0,
                ],
                type='PointsRangeFilter'),
            dict(
                point_cloud_range=[
                    -51.2,
                    -51.2,
                    -5.0,
                    51.2,
                    51.2,
                    3.0,
                ],
                type='ObjectRangeFilter'),
            dict(classes=('car', ), type='ObjectNameFilter'),
            dict(type='PointShuffle'),
            dict(
                keys=[
                    'points',
                    'gt_bboxes_3d',
                    'gt_labels_3d',
                ],
                type='Pack3DDetInputs'),
        ],
        type='NuScenesDataset'),
    num_workers=2,
    persistent_workers=True,
    sampler=dict(shuffle=True, type='DefaultSampler'))
train_pipeline = [
    dict(
        backend_args=None,
        coord_type='LIDAR',
        load_dim=5,
        type='LoadPointsFromFile',
        use_dim=5),
    dict(type='LoadAnnotations3D', with_bbox_3d=True, with_label_3d=True),
    dict(
        point_cloud_range=[
            -51.2,
            -51.2,
            -5.0,
            51.2,
            51.2,
            3.0,
        ],
        type='PointsRangeFilter'),
    dict(
        point_cloud_range=[
            -51.2,
            -51.2,
            -5.0,
            51.2,
            51.2,
            3.0,
        ],
        type='ObjectRangeFilter'),
    dict(classes=('car', ), type='ObjectNameFilter'),
    dict(type='PointShuffle'),
    dict(
        keys=[
            'points',
            'gt_bboxes_3d',
            'gt_labels_3d',
        ],
        type='Pack3DDetInputs'),
]
val_cfg = dict(type='ValLoop')
val_dataloader = dict(
    batch_size=1,
    dataset=dict(
        ann_file='custom_infos_val.pkl',
        backend_args=None,
        box_type_3d='LiDAR',
        data_prefix=dict(img='', pts='samples/LIDAR_TOP', sweeps=''),
        data_root='data/nuscenes/',
        metainfo=dict(classes=('car', )),
        modality=dict(use_camera=False, use_lidar=True),
        pipeline=[
            dict(
                backend_args=None,
                coord_type='LIDAR',
                load_dim=5,
                type='LoadPointsFromFile',
                use_dim=5),
            dict(
                point_cloud_range=[
                    -51.2,
                    -51.2,
                    -5.0,
                    51.2,
                    51.2,
                    3.0,
                ],
                type='PointsRangeFilter'),
            dict(keys=[
                'points',
            ], type='Pack3DDetInputs'),
        ],
        test_mode=True,
        type='NuScenesDataset'),
    num_workers=2,
    persistent_workers=True,
    sampler=dict(shuffle=False, type='DefaultSampler'))
val_evaluator = dict(
    ann_file='data/nuscenes/custom_infos_val.pkl',
    backend_args=None,
    classes=('car', ),
    data_root='data/nuscenes/',
    metric='bbox',
    type='NuScenesMetric')
voxel_size = [
    0.16,
    0.16,
    0.2,
]
work_dir = 'outputs/mmdet/exp1_baseline/20251207-044413'

2025/12/07 04:44:16 - mmengine - INFO - Distributed training is not used, all SyncBatchNorm (SyncBN) layers in the model will be automatically reverted to BatchNormXd layers if they are used.
2025/12/07 04:44:16 - mmengine - INFO - Hooks will be executed in the following order:
before_run:
(VERY_HIGH   ) RuntimeInfoHook                    
(BELOW_NORMAL) LoggerHook                         
 -------------------- 
before_train:
(VERY_HIGH   ) RuntimeInfoHook                    
(NORMAL      ) IterTimerHook                      
(VERY_LOW    ) CheckpointHook                     
 -------------------- 
before_train_epoch:
(VERY_HIGH   ) RuntimeInfoHook                    
(NORMAL      ) IterTimerHook                      
(NORMAL      ) DistSamplerSeedHook                
 -------------------- 
before_train_iter:
(VERY_HIGH   ) RuntimeInfoHook                    
(NORMAL      ) IterTimerHook                      
 -------------------- 
after_train_iter:
(VERY_HIGH   ) RuntimeInfoHook                    
(NORMAL      ) IterTimerHook                      
(BELOW_NORMAL) LoggerHook                         
(LOW         ) ParamSchedulerHook                 
(VERY_LOW    ) CheckpointHook                     
 -------------------- 
after_train_epoch:
(NORMAL      ) IterTimerHook                      
(LOW         ) ParamSchedulerHook                 
(VERY_LOW    ) CheckpointHook                     
 -------------------- 
before_val:
(VERY_HIGH   ) RuntimeInfoHook                    
 -------------------- 
before_val_epoch:
(NORMAL      ) IterTimerHook                      
 -------------------- 
before_val_iter:
(NORMAL      ) IterTimerHook                      
 -------------------- 
after_val_iter:
(NORMAL      ) IterTimerHook                      
(BELOW_NORMAL) LoggerHook                         
 -------------------- 
after_val_epoch:
(VERY_HIGH   ) RuntimeInfoHook                    
(NORMAL      ) IterTimerHook                      
(BELOW_NORMAL) LoggerHook                         
(LOW         ) ParamSchedulerHook                 
(VERY_LOW    ) CheckpointHook                     
 -------------------- 
after_val:
(VERY_HIGH   ) RuntimeInfoHook                    
 -------------------- 
after_train:
(VERY_HIGH   ) RuntimeInfoHook                    
(VERY_LOW    ) CheckpointHook                     
 -------------------- 
before_test:
(VERY_HIGH   ) RuntimeInfoHook                    
 -------------------- 
before_test_epoch:
(NORMAL      ) IterTimerHook                      
 -------------------- 
before_test_iter:
(NORMAL      ) IterTimerHook                      
 -------------------- 
after_test_iter:
(NORMAL      ) IterTimerHook                      
(BELOW_NORMAL) LoggerHook                         
 -------------------- 
after_test_epoch:
(VERY_HIGH   ) RuntimeInfoHook                    
(NORMAL      ) IterTimerHook                      
(BELOW_NORMAL) LoggerHook                         
 -------------------- 
after_test:
(VERY_HIGH   ) RuntimeInfoHook                    
 -------------------- 
after_run:
(BELOW_NORMAL) LoggerHook                         
 -------------------- 
2025/12/07 04:44:16 - mmengine - INFO - Loading legacy nuScenes infos format.
2025/12/07 04:44:18 - mmengine - INFO - ------------------------------
2025/12/07 04:44:18 - mmengine - INFO - The length of training dataset: 1192
2025/12/07 04:44:18 - mmengine - INFO - The number of instances per category in the dataset:
+----------+--------+
| category | number |
+----------+--------+
| car      | 14206  |
+----------+--------+
2025/12/07 04:44:18 - mmengine - INFO - Loading legacy nuScenes infos format.
2025/12/07 04:44:18 - mmengine - INFO - ------------------------------
2025/12/07 04:44:18 - mmengine - INFO - The length of test dataset: 198
2025/12/07 04:44:18 - mmengine - INFO - The number of instances per category in the dataset:
+----------+--------+
| category | number |
+----------+--------+
| car      | 3508   |
+----------+--------+
Name of parameter - Initialization information

pts_voxel_encoder.vfe_layers.0.norm.weight - torch.Size([64]): 
The value is the same before and after calling `init_weights` of MVXFasterRCNN  

pts_voxel_encoder.vfe_layers.0.norm.bias - torch.Size([64]): 
The value is the same before and after calling `init_weights` of MVXFasterRCNN  

pts_voxel_encoder.vfe_layers.0.linear.weight - torch.Size([64, 11]): 
The value is the same before and after calling `init_weights` of MVXFasterRCNN  

pts_voxel_encoder.vfe_layers.1.norm.weight - torch.Size([64]): 
The value is the same before and after calling `init_weights` of MVXFasterRCNN  

pts_voxel_encoder.vfe_layers.1.norm.bias - torch.Size([64]): 
The value is the same before and after calling `init_weights` of MVXFasterRCNN  

pts_voxel_encoder.vfe_layers.1.linear.weight - torch.Size([64, 128]): 
The value is the same before and after calling `init_weights` of MVXFasterRCNN  

pts_backbone.blocks.0.0.weight - torch.Size([64, 64, 3, 3]): 
KaimingInit: a=0, mode=fan_out, nonlinearity=relu, distribution =normal, bias=0 

pts_backbone.blocks.0.1.weight - torch.Size([64]): 
The value is the same before and after calling `init_weights` of MVXFasterRCNN  

pts_backbone.blocks.0.1.bias - torch.Size([64]): 
The value is the same before and after calling `init_weights` of MVXFasterRCNN  

pts_backbone.blocks.0.3.weight - torch.Size([64, 64, 3, 3]): 
KaimingInit: a=0, mode=fan_out, nonlinearity=relu, distribution =normal, bias=0 

pts_backbone.blocks.0.4.weight - torch.Size([64]): 
The value is the same before and after calling `init_weights` of MVXFasterRCNN  

pts_backbone.blocks.0.4.bias - torch.Size([64]): 
The value is the same before and after calling `init_weights` of MVXFasterRCNN  

pts_backbone.blocks.0.6.weight - torch.Size([64, 64, 3, 3]): 
KaimingInit: a=0, mode=fan_out, nonlinearity=relu, distribution =normal, bias=0 

pts_backbone.blocks.0.7.weight - torch.Size([64]): 
The value is the same before and after calling `init_weights` of MVXFasterRCNN  

pts_backbone.blocks.0.7.bias - torch.Size([64]): 
The value is the same before and after calling `init_weights` of MVXFasterRCNN  

pts_backbone.blocks.0.9.weight - torch.Size([64, 64, 3, 3]): 
KaimingInit: a=0, mode=fan_out, nonlinearity=relu, distribution =normal, bias=0 

pts_backbone.blocks.0.10.weight - torch.Size([64]): 
The value is the same before and after calling `init_weights` of MVXFasterRCNN  

pts_backbone.blocks.0.10.bias - torch.Size([64]): 
The value is the same before and after calling `init_weights` of MVXFasterRCNN  

pts_backbone.blocks.1.0.weight - torch.Size([128, 64, 3, 3]): 
KaimingInit: a=0, mode=fan_out, nonlinearity=relu, distribution =normal, bias=0 

pts_backbone.blocks.1.1.weight - torch.Size([128]): 
The value is the same before and after calling `init_weights` of MVXFasterRCNN  

pts_backbone.blocks.1.1.bias - torch.Size([128]): 
The value is the same before and after calling `init_weights` of MVXFasterRCNN  

pts_backbone.blocks.1.3.weight - torch.Size([128, 128, 3, 3]): 
KaimingInit: a=0, mode=fan_out, nonlinearity=relu, distribution =normal, bias=0 

pts_backbone.blocks.1.4.weight - torch.Size([128]): 
The value is the same before and after calling `init_weights` of MVXFasterRCNN  

pts_backbone.blocks.1.4.bias - torch.Size([128]): 
The value is the same before and after calling `init_weights` of MVXFasterRCNN  

pts_backbone.blocks.1.6.weight - torch.Size([128, 128, 3, 3]): 
KaimingInit: a=0, mode=fan_out, nonlinearity=relu, distribution =normal, bias=0 

pts_backbone.blocks.1.7.weight - torch.Size([128]): 
The value is the same before and after calling `init_weights` of MVXFasterRCNN  

pts_backbone.blocks.1.7.bias - torch.Size([128]): 
The value is the same before and after calling `init_weights` of MVXFasterRCNN  

pts_backbone.blocks.1.9.weight - torch.Size([128, 128, 3, 3]): 
KaimingInit: a=0, mode=fan_out, nonlinearity=relu, distribution =normal, bias=0 

pts_backbone.blocks.1.10.weight - torch.Size([128]): 
The value is the same before and after calling `init_weights` of MVXFasterRCNN  

pts_backbone.blocks.1.10.bias - torch.Size([128]): 
The value is the same before and after calling `init_weights` of MVXFasterRCNN  

pts_backbone.blocks.1.12.weight - torch.Size([128, 128, 3, 3]): 
KaimingInit: a=0, mode=fan_out, nonlinearity=relu, distribution =normal, bias=0 

pts_backbone.blocks.1.13.weight - torch.Size([128]): 
The value is the same before and after calling `init_weights` of MVXFasterRCNN  

pts_backbone.blocks.1.13.bias - torch.Size([128]): 
The value is the same before and after calling `init_weights` of MVXFasterRCNN  

pts_backbone.blocks.1.15.weight - torch.Size([128, 128, 3, 3]): 
KaimingInit: a=0, mode=fan_out, nonlinearity=relu, distribution =normal, bias=0 

pts_backbone.blocks.1.16.weight - torch.Size([128]): 
The value is the same before and after calling `init_weights` of MVXFasterRCNN  

pts_backbone.blocks.1.16.bias - torch.Size([128]): 
The value is the same before and after calling `init_weights` of MVXFasterRCNN  

pts_backbone.blocks.2.0.weight - torch.Size([256, 128, 3, 3]): 
KaimingInit: a=0, mode=fan_out, nonlinearity=relu, distribution =normal, bias=0 

pts_backbone.blocks.2.1.weight - torch.Size([256]): 
The value is the same before and after calling `init_weights` of MVXFasterRCNN  

pts_backbone.blocks.2.1.bias - torch.Size([256]): 
The value is the same before and after calling `init_weights` of MVXFasterRCNN  

pts_backbone.blocks.2.3.weight - torch.Size([256, 256, 3, 3]): 
KaimingInit: a=0, mode=fan_out, nonlinearity=relu, distribution =normal, bias=0 

pts_backbone.blocks.2.4.weight - torch.Size([256]): 
The value is the same before and after calling `init_weights` of MVXFasterRCNN  

pts_backbone.blocks.2.4.bias - torch.Size([256]): 
The value is the same before and after calling `init_weights` of MVXFasterRCNN  

pts_backbone.blocks.2.6.weight - torch.Size([256, 256, 3, 3]): 
KaimingInit: a=0, mode=fan_out, nonlinearity=relu, distribution =normal, bias=0 

pts_backbone.blocks.2.7.weight - torch.Size([256]): 
The value is the same before and after calling `init_weights` of MVXFasterRCNN  

pts_backbone.blocks.2.7.bias - torch.Size([256]): 
The value is the same before and after calling `init_weights` of MVXFasterRCNN  

pts_backbone.blocks.2.9.weight - torch.Size([256, 256, 3, 3]): 
KaimingInit: a=0, mode=fan_out, nonlinearity=relu, distribution =normal, bias=0 

pts_backbone.blocks.2.10.weight - torch.Size([256]): 
The value is the same before and after calling `init_weights` of MVXFasterRCNN  

pts_backbone.blocks.2.10.bias - torch.Size([256]): 
The value is the same before and after calling `init_weights` of MVXFasterRCNN  

pts_backbone.blocks.2.12.weight - torch.Size([256, 256, 3, 3]): 
KaimingInit: a=0, mode=fan_out, nonlinearity=relu, distribution =normal, bias=0 

pts_backbone.blocks.2.13.weight - torch.Size([256]): 
The value is the same before and after calling `init_weights` of MVXFasterRCNN  

pts_backbone.blocks.2.13.bias - torch.Size([256]): 
The value is the same before and after calling `init_weights` of MVXFasterRCNN  

pts_backbone.blocks.2.15.weight - torch.Size([256, 256, 3, 3]): 
KaimingInit: a=0, mode=fan_out, nonlinearity=relu, distribution =normal, bias=0 

pts_backbone.blocks.2.16.weight - torch.Size([256]): 
The value is the same before and after calling `init_weights` of MVXFasterRCNN  

pts_backbone.blocks.2.16.bias - torch.Size([256]): 
The value is the same before and after calling `init_weights` of MVXFasterRCNN  

pts_neck.lateral_convs.0.conv.weight - torch.Size([256, 64, 1, 1]): 
XavierInit: gain=1, distribution=uniform, bias=0 

pts_neck.lateral_convs.0.bn.weight - torch.Size([256]): 
The value is the same before and after calling `init_weights` of MVXFasterRCNN  

pts_neck.lateral_convs.0.bn.bias - torch.Size([256]): 
The value is the same before and after calling `init_weights` of MVXFasterRCNN  

pts_neck.lateral_convs.1.conv.weight - torch.Size([256, 128, 1, 1]): 
XavierInit: gain=1, distribution=uniform, bias=0 

pts_neck.lateral_convs.1.bn.weight - torch.Size([256]): 
The value is the same before and after calling `init_weights` of MVXFasterRCNN  

pts_neck.lateral_convs.1.bn.bias - torch.Size([256]): 
The value is the same before and after calling `init_weights` of MVXFasterRCNN  

pts_neck.lateral_convs.2.conv.weight - torch.Size([256, 256, 1, 1]): 
XavierInit: gain=1, distribution=uniform, bias=0 

pts_neck.lateral_convs.2.bn.weight - torch.Size([256]): 
The value is the same before and after calling `init_weights` of MVXFasterRCNN  

pts_neck.lateral_convs.2.bn.bias - torch.Size([256]): 
The value is the same before and after calling `init_weights` of MVXFasterRCNN  

pts_neck.fpn_convs.0.conv.weight - torch.Size([256, 256, 3, 3]): 
XavierInit: gain=1, distribution=uniform, bias=0 

pts_neck.fpn_convs.0.bn.weight - torch.Size([256]): 
The value is the same before and after calling `init_weights` of MVXFasterRCNN  

pts_neck.fpn_convs.0.bn.bias - torch.Size([256]): 
The value is the same before and after calling `init_weights` of MVXFasterRCNN  

pts_neck.fpn_convs.1.conv.weight - torch.Size([256, 256, 3, 3]): 
XavierInit: gain=1, distribution=uniform, bias=0 

pts_neck.fpn_convs.1.bn.weight - torch.Size([256]): 
The value is the same before and after calling `init_weights` of MVXFasterRCNN  

pts_neck.fpn_convs.1.bn.bias - torch.Size([256]): 
The value is the same before and after calling `init_weights` of MVXFasterRCNN  

pts_neck.fpn_convs.2.conv.weight - torch.Size([256, 256, 3, 3]): 
XavierInit: gain=1, distribution=uniform, bias=0 

pts_neck.fpn_convs.2.bn.weight - torch.Size([256]): 
The value is the same before and after calling `init_weights` of MVXFasterRCNN  

pts_neck.fpn_convs.2.bn.bias - torch.Size([256]): 
The value is the same before and after calling `init_weights` of MVXFasterRCNN  

pts_bbox_head.conv_cls.weight - torch.Size([2, 256, 1, 1]): 
NormalInit: mean=0, std=0.01, bias=-4.59511985013459 

pts_bbox_head.conv_cls.bias - torch.Size([2]): 
NormalInit: mean=0, std=0.01, bias=-4.59511985013459 

pts_bbox_head.conv_reg.weight - torch.Size([18, 256, 1, 1]): 
NormalInit: mean=0, std=0.01, bias=0 

pts_bbox_head.conv_reg.bias - torch.Size([18]): 
NormalInit: mean=0, std=0.01, bias=0 

pts_bbox_head.conv_dir_cls.weight - torch.Size([4, 256, 1, 1]): 
NormalInit: mean=0, std=0.01, bias=0 

pts_bbox_head.conv_dir_cls.bias - torch.Size([4]): 
NormalInit: mean=0, std=0.01, bias=0 
2025/12/07 04:44:19 - mmengine - WARNING - "FileClient" will be deprecated in future. Please use io functions in https://mmengine.readthedocs.io/en/latest/api/fileio.html#file-io
2025/12/07 04:44:19 - mmengine - WARNING - "HardDiskBackend" is the alias of "LocalBackend" and the former will be deprecated in future.
2025/12/07 04:44:19 - mmengine - INFO - Checkpoints will be saved to /home/ziqi/Projects/CS5330/final_project/experiments/outputs/mmdet/exp1_baseline/20251207-044413.
2025/12/07 04:44:26 - mmengine - INFO - Epoch(train) [1][ 10/596]  lr: 1.1623e-04  eta: 0:06:47  time: 0.6962  data_time: 0.0113  memory: 4421  grad_norm: 27.4348  loss: 4.2378  loss_cls: 1.1128  loss_bbox: 2.9847  loss_dir: 0.1402
2025/12/07 04:44:32 - mmengine - INFO - Epoch(train) [1][ 20/596]  lr: 1.3427e-04  eta: 0:06:23  time: 0.6662  data_time: 0.0069  memory: 4456  grad_norm: 24.8574  loss: 3.9268  loss_cls: 1.0901  loss_bbox: 2.6970  loss_dir: 0.1397
2025/12/07 04:44:39 - mmengine - INFO - Epoch(train) [1][ 30/596]  lr: 1.5230e-04  eta: 0:06:11  time: 0.6555  data_time: 0.0055  memory: 4451  grad_norm: 23.3848  loss: 3.6387  loss_cls: 1.0689  loss_bbox: 2.4301  loss_dir: 0.1397
2025/12/07 04:44:45 - mmengine - INFO - Epoch(train) [1][ 40/596]  lr: 1.7034e-04  eta: 0:06:02  time: 0.6512  data_time: 0.0047  memory: 4453  grad_norm: 22.3216  loss: 3.4323  loss_cls: 1.0484  loss_bbox: 2.2443  loss_dir: 0.1395
2025/12/07 04:44:51 - mmengine - INFO - Epoch(train) [1][ 50/596]  lr: 1.8838e-04  eta: 0:05:54  time: 0.6486  data_time: 0.0043  memory: 4456  grad_norm: 21.8254  loss: 3.2152  loss_cls: 1.0239  loss_bbox: 2.0519  loss_dir: 0.1394
2025/12/07 04:44:58 - mmengine - INFO - Epoch(train) [1][ 60/596]  lr: 2.0641e-04  eta: 0:05:46  time: 0.6376  data_time: 0.0025  memory: 4456  grad_norm: 19.9154  loss: 2.8190  loss_cls: 0.9715  loss_bbox: 1.7082  loss_dir: 0.1393
2025/12/07 04:45:04 - mmengine - INFO - Epoch(train) [1][ 70/596]  lr: 2.2445e-04  eta: 0:05:39  time: 0.6379  data_time: 0.0024  memory: 4434  grad_norm: 18.6682  loss: 2.4697  loss_cls: 0.9219  loss_bbox: 1.4087  loss_dir: 0.1390
2025/12/07 04:45:10 - mmengine - INFO - Epoch(train) [1][ 80/596]  lr: 2.4248e-04  eta: 0:05:32  time: 0.6382  data_time: 0.0024  memory: 4456  grad_norm: 19.0852  loss: 2.2817  loss_cls: 0.8982  loss_bbox: 1.2433  loss_dir: 0.1401
2025/12/07 04:45:17 - mmengine - INFO - Epoch(train) [1][ 90/596]  lr: 2.6052e-04  eta: 0:05:25  time: 0.6386  data_time: 0.0024  memory: 4447  grad_norm: 17.8648  loss: 2.1375  loss_cls: 0.8576  loss_bbox: 1.1405  loss_dir: 0.1394
2025/12/07 04:45:23 - mmengine - INFO - Epoch(train) [1][100/596]  lr: 2.7856e-04  eta: 0:05:19  time: 0.6383  data_time: 0.0024  memory: 4456  grad_norm: 16.3902  loss: 2.0460  loss_cls: 0.8288  loss_bbox: 1.0772  loss_dir: 0.1400
2025/12/07 04:45:30 - mmengine - INFO - Epoch(train) [1][110/596]  lr: 2.9659e-04  eta: 0:05:12  time: 0.6381  data_time: 0.0023  memory: 4438  grad_norm: 15.5799  loss: 2.0002  loss_cls: 0.8207  loss_bbox: 1.0394  loss_dir: 0.1401
2025/12/07 04:45:36 - mmengine - INFO - Epoch(train) [1][120/596]  lr: 3.1463e-04  eta: 0:05:06  time: 0.6385  data_time: 0.0023  memory: 4456  grad_norm: 15.1269  loss: 2.0612  loss_cls: 0.8298  loss_bbox: 1.0907  loss_dir: 0.1408
2025/12/07 04:45:42 - mmengine - INFO - Epoch(train) [1][130/596]  lr: 3.3267e-04  eta: 0:04:59  time: 0.6381  data_time: 0.0023  memory: 4456  grad_norm: 13.3095  loss: 2.0188  loss_cls: 0.8052  loss_bbox: 1.0741  loss_dir: 0.1395
2025/12/07 04:45:49 - mmengine - INFO - Epoch(train) [1][140/596]  lr: 3.5070e-04  eta: 0:04:52  time: 0.6383  data_time: 0.0023  memory: 4443  grad_norm: 12.4850  loss: 1.9604  loss_cls: 0.8042  loss_bbox: 1.0163  loss_dir: 0.1399
2025/12/07 04:45:55 - mmengine - INFO - Epoch(train) [1][150/596]  lr: 3.6874e-04  eta: 0:04:46  time: 0.6390  data_time: 0.0023  memory: 4452  grad_norm: 12.1180  loss: 1.9758  loss_cls: 0.8080  loss_bbox: 1.0304  loss_dir: 0.1374
2025/12/07 04:46:02 - mmengine - INFO - Epoch(train) [1][160/596]  lr: 3.8677e-04  eta: 0:04:39  time: 0.6390  data_time: 0.0023  memory: 4456  grad_norm: 11.5340  loss: 1.9380  loss_cls: 0.8113  loss_bbox: 0.9898  loss_dir: 0.1369
2025/12/07 04:46:08 - mmengine - INFO - Epoch(train) [1][170/596]  lr: 4.0481e-04  eta: 0:04:33  time: 0.6392  data_time: 0.0023  memory: 4444  grad_norm: 10.7763  loss: 1.8394  loss_cls: 0.7876  loss_bbox: 0.9149  loss_dir: 0.1370
2025/12/07 04:46:14 - mmengine - INFO - Epoch(train) [1][180/596]  lr: 4.2285e-04  eta: 0:04:26  time: 0.6401  data_time: 0.0023  memory: 4435  grad_norm: 10.2098  loss: 1.8556  loss_cls: 0.7899  loss_bbox: 0.9284  loss_dir: 0.1373
2025/12/07 04:46:21 - mmengine - INFO - Epoch(train) [1][190/596]  lr: 4.4088e-04  eta: 0:04:20  time: 0.6398  data_time: 0.0023  memory: 4436  grad_norm: 10.5075  loss: 1.8397  loss_cls: 0.7874  loss_bbox: 0.9155  loss_dir: 0.1369
2025/12/07 04:46:27 - mmengine - INFO - Epoch(train) [1][200/596]  lr: 4.5892e-04  eta: 0:04:13  time: 0.6395  data_time: 0.0023  memory: 4456  grad_norm: 11.1138  loss: 1.8205  loss_cls: 0.8002  loss_bbox: 0.8826  loss_dir: 0.1376
2025/12/07 04:46:34 - mmengine - INFO - Epoch(train) [1][210/596]  lr: 4.7695e-04  eta: 0:04:07  time: 0.6388  data_time: 0.0023  memory: 4435  grad_norm: 10.7237  loss: 1.7805  loss_cls: 0.7887  loss_bbox: 0.8541  loss_dir: 0.1377
2025/12/07 04:46:40 - mmengine - INFO - Epoch(train) [1][220/596]  lr: 4.9499e-04  eta: 0:04:01  time: 0.6394  data_time: 0.0023  memory: 4456  grad_norm: 11.1140  loss: 1.8329  loss_cls: 0.7984  loss_bbox: 0.8986  loss_dir: 0.1359
2025/12/07 04:46:46 - mmengine - INFO - Epoch(train) [1][230/596]  lr: 5.1303e-04  eta: 0:03:54  time: 0.6392  data_time: 0.0023  memory: 4456  grad_norm: 11.4394  loss: 1.8474  loss_cls: 0.8030  loss_bbox: 0.9093  loss_dir: 0.1351
2025/12/07 04:46:53 - mmengine - INFO - Epoch(train) [1][240/596]  lr: 5.3106e-04  eta: 0:03:48  time: 0.6390  data_time: 0.0023  memory: 4444  grad_norm: 11.7315  loss: 1.9362  loss_cls: 0.8203  loss_bbox: 0.9792  loss_dir: 0.1368
2025/12/07 04:46:59 - mmengine - INFO - Epoch(train) [1][250/596]  lr: 5.4910e-04  eta: 0:03:41  time: 0.6388  data_time: 0.0024  memory: 4435  grad_norm: 10.9198  loss: 1.9277  loss_cls: 0.8096  loss_bbox: 0.9808  loss_dir: 0.1373
2025/12/07 04:47:05 - mmengine - INFO - Epoch(train) [1][260/596]  lr: 5.6713e-04  eta: 0:03:35  time: 0.6388  data_time: 0.0023  memory: 4456  grad_norm: 11.1907  loss: 1.9598  loss_cls: 0.8097  loss_bbox: 1.0133  loss_dir: 0.1368
2025/12/07 04:47:12 - mmengine - INFO - Epoch(train) [1][270/596]  lr: 5.8517e-04  eta: 0:03:28  time: 0.6379  data_time: 0.0023  memory: 4456  grad_norm: 11.2532  loss: 1.9232  loss_cls: 0.8068  loss_bbox: 0.9793  loss_dir: 0.1372
2025/12/07 04:47:18 - mmengine - INFO - Epoch(train) [1][280/596]  lr: 6.0321e-04  eta: 0:03:22  time: 0.6382  data_time: 0.0024  memory: 4453  grad_norm: 10.9686  loss: 1.8465  loss_cls: 0.8019  loss_bbox: 0.9073  loss_dir: 0.1373
2025/12/07 04:47:25 - mmengine - INFO - Epoch(train) [1][290/596]  lr: 6.2124e-04  eta: 0:03:16  time: 0.6385  data_time: 0.0024  memory: 4450  grad_norm: 11.1063  loss: 1.7833  loss_cls: 0.7943  loss_bbox: 0.8542  loss_dir: 0.1348
2025/12/07 04:47:31 - mmengine - INFO - Epoch(train) [1][300/596]  lr: 6.3928e-04  eta: 0:03:09  time: 0.6386  data_time: 0.0023  memory: 4456  grad_norm: 11.3257  loss: 1.7839  loss_cls: 0.7855  loss_bbox: 0.8647  loss_dir: 0.1338
2025/12/07 04:47:37 - mmengine - INFO - Epoch(train) [1][310/596]  lr: 6.5731e-04  eta: 0:03:03  time: 0.6393  data_time: 0.0024  memory: 4456  grad_norm: 11.6619  loss: 1.7744  loss_cls: 0.7838  loss_bbox: 0.8582  loss_dir: 0.1324
2025/12/07 04:47:44 - mmengine - INFO - Epoch(train) [1][320/596]  lr: 6.7535e-04  eta: 0:02:56  time: 0.6398  data_time: 0.0024  memory: 4456  grad_norm: 11.1052  loss: 1.7931  loss_cls: 0.7765  loss_bbox: 0.8851  loss_dir: 0.1315
2025/12/07 04:47:50 - mmengine - INFO - Epoch(train) [1][330/596]  lr: 6.9339e-04  eta: 0:02:50  time: 0.6390  data_time: 0.0024  memory: 4428  grad_norm: 11.1385  loss: 1.8327  loss_cls: 0.7684  loss_bbox: 0.9325  loss_dir: 0.1318
2025/12/07 04:47:57 - mmengine - INFO - Epoch(train) [1][340/596]  lr: 7.1142e-04  eta: 0:02:43  time: 0.6396  data_time: 0.0024  memory: 4456  grad_norm: 10.6527  loss: 1.8393  loss_cls: 0.7654  loss_bbox: 0.9406  loss_dir: 0.1332
2025/12/07 04:48:03 - mmengine - INFO - Epoch(train) [1][350/596]  lr: 7.2946e-04  eta: 0:02:37  time: 0.6399  data_time: 0.0024  memory: 4438  grad_norm: 10.2449  loss: 1.8404  loss_cls: 0.7636  loss_bbox: 0.9429  loss_dir: 0.1339
2025/12/07 04:48:09 - mmengine - INFO - Epoch(train) [1][360/596]  lr: 7.4749e-04  eta: 0:02:31  time: 0.6402  data_time: 0.0023  memory: 4446  grad_norm: 9.9323  loss: 1.8521  loss_cls: 0.7815  loss_bbox: 0.9347  loss_dir: 0.1358
2025/12/07 04:48:16 - mmengine - INFO - Epoch(train) [1][370/596]  lr: 7.6553e-04  eta: 0:02:24  time: 0.6392  data_time: 0.0023  memory: 4452  grad_norm: 10.0668  loss: 1.8766  loss_cls: 0.7875  loss_bbox: 0.9524  loss_dir: 0.1367
2025/12/07 04:48:22 - mmengine - INFO - Epoch(train) [1][380/596]  lr: 7.8357e-04  eta: 0:02:18  time: 0.6400  data_time: 0.0023  memory: 4456  grad_norm: 9.8586  loss: 1.8816  loss_cls: 0.7916  loss_bbox: 0.9543  loss_dir: 0.1357
2025/12/07 04:48:29 - mmengine - INFO - Epoch(train) [1][390/596]  lr: 8.0160e-04  eta: 0:02:11  time: 0.6391  data_time: 0.0023  memory: 4456  grad_norm: 9.6302  loss: 1.8741  loss_cls: 0.7934  loss_bbox: 0.9452  loss_dir: 0.1354
2025/12/07 04:48:35 - mmengine - INFO - Epoch(train) [1][400/596]  lr: 8.1964e-04  eta: 0:02:05  time: 0.6390  data_time: 0.0023  memory: 4456  grad_norm: 10.0784  loss: 1.8635  loss_cls: 0.8015  loss_bbox: 0.9271  loss_dir: 0.1349
2025/12/07 04:48:41 - mmengine - INFO - Epoch(train) [1][410/596]  lr: 8.3768e-04  eta: 0:01:59  time: 0.6383  data_time: 0.0023  memory: 4449  grad_norm: 9.7968  loss: 1.8777  loss_cls: 0.7773  loss_bbox: 0.9674  loss_dir: 0.1330
2025/12/07 04:48:48 - mmengine - INFO - Epoch(train) [1][420/596]  lr: 8.5571e-04  eta: 0:01:52  time: 0.6386  data_time: 0.0023  memory: 4452  grad_norm: 9.9133  loss: 1.8805  loss_cls: 0.7866  loss_bbox: 0.9609  loss_dir: 0.1331
2025/12/07 04:48:54 - mmengine - INFO - Epoch(train) [1][430/596]  lr: 8.7375e-04  eta: 0:01:46  time: 0.6391  data_time: 0.0023  memory: 4453  grad_norm: 9.6807  loss: 1.8619  loss_cls: 0.7825  loss_bbox: 0.9483  loss_dir: 0.1311
2025/12/07 04:49:01 - mmengine - INFO - Epoch(train) [1][440/596]  lr: 8.9178e-04  eta: 0:01:39  time: 0.6393  data_time: 0.0023  memory: 4434  grad_norm: 9.6530  loss: 1.8394  loss_cls: 0.7656  loss_bbox: 0.9428  loss_dir: 0.1311
2025/12/07 04:49:07 - mmengine - INFO - Epoch(train) [1][450/596]  lr: 9.0982e-04  eta: 0:01:33  time: 0.6387  data_time: 0.0023  memory: 4448  grad_norm: 9.4092  loss: 1.8164  loss_cls: 0.7615  loss_bbox: 0.9250  loss_dir: 0.1299
2025/12/07 04:49:13 - mmengine - INFO - Epoch(train) [1][460/596]  lr: 9.2786e-04  eta: 0:01:27  time: 0.6394  data_time: 0.0023  memory: 4456  grad_norm: 9.5739  loss: 1.7664  loss_cls: 0.7616  loss_bbox: 0.8756  loss_dir: 0.1291
2025/12/07 04:49:20 - mmengine - INFO - Epoch(train) [1][470/596]  lr: 9.4589e-04  eta: 0:01:20  time: 0.6395  data_time: 0.0023  memory: 4456  grad_norm: 9.3595  loss: 1.6920  loss_cls: 0.7389  loss_bbox: 0.8248  loss_dir: 0.1282
2025/12/07 04:49:26 - mmengine - INFO - Epoch(train) [1][480/596]  lr: 9.6393e-04  eta: 0:01:14  time: 0.6390  data_time: 0.0023  memory: 4456  grad_norm: 9.4331  loss: 1.6636  loss_cls: 0.7282  loss_bbox: 0.8046  loss_dir: 0.1308
2025/12/07 04:49:33 - mmengine - INFO - Epoch(train) [1][490/596]  lr: 9.8196e-04  eta: 0:01:07  time: 0.6396  data_time: 0.0023  memory: 4456  grad_norm: 9.9702  loss: 1.6823  loss_cls: 0.7369  loss_bbox: 0.8147  loss_dir: 0.1306
2025/12/07 04:49:39 - mmengine - INFO - Epoch(train) [1][500/596]  lr: 1.0000e-03  eta: 0:01:01  time: 0.6403  data_time: 0.0023  memory: 4450  grad_norm: 9.9978  loss: 1.7014  loss_cls: 0.7281  loss_bbox: 0.8423  loss_dir: 0.1309
2025/12/07 04:49:45 - mmengine - INFO - Epoch(train) [1][510/596]  lr: 1.0000e-03  eta: 0:00:55  time: 0.6402  data_time: 0.0023  memory: 4439  grad_norm: 9.6104  loss: 1.7059  loss_cls: 0.7261  loss_bbox: 0.8472  loss_dir: 0.1326
2025/12/07 04:49:52 - mmengine - INFO - Epoch(train) [1][520/596]  lr: 1.0000e-03  eta: 0:00:48  time: 0.6400  data_time: 0.0024  memory: 4442  grad_norm: 9.8235  loss: 1.7380  loss_cls: 0.7344  loss_bbox: 0.8704  loss_dir: 0.1332
2025/12/07 04:49:58 - mmengine - INFO - Epoch(train) [1][530/596]  lr: 1.0000e-03  eta: 0:00:42  time: 0.6399  data_time: 0.0024  memory: 4428  grad_norm: 9.9555  loss: 1.7706  loss_cls: 0.7383  loss_bbox: 0.9019  loss_dir: 0.1304
2025/12/07 04:50:04 - mmengine - INFO - Epoch(train) [1][540/596]  lr: 1.0000e-03  eta: 0:00:35  time: 0.6389  data_time: 0.0024  memory: 4456  grad_norm: 9.5111  loss: 1.7622  loss_cls: 0.7350  loss_bbox: 0.8983  loss_dir: 0.1288
2025/12/07 04:50:11 - mmengine - INFO - Epoch(train) [1][550/596]  lr: 1.0000e-03  eta: 0:00:29  time: 0.6381  data_time: 0.0024  memory: 4456  grad_norm: 9.1489  loss: 1.7561  loss_cls: 0.7302  loss_bbox: 0.8972  loss_dir: 0.1288
2025/12/07 04:50:17 - mmengine - INFO - Epoch(train) [1][560/596]  lr: 1.0000e-03  eta: 0:00:23  time: 0.6380  data_time: 0.0024  memory: 4456  grad_norm: 9.6884  loss: 1.7785  loss_cls: 0.7375  loss_bbox: 0.9173  loss_dir: 0.1237
2025/12/07 04:50:24 - mmengine - INFO - Epoch(train) [1][570/596]  lr: 1.0000e-03  eta: 0:00:16  time: 0.6384  data_time: 0.0023  memory: 4427  grad_norm: 9.3488  loss: 1.7666  loss_cls: 0.7288  loss_bbox: 0.9146  loss_dir: 0.1232
2025/12/07 04:50:30 - mmengine - INFO - Epoch(train) [1][580/596]  lr: 1.0000e-03  eta: 0:00:10  time: 0.6396  data_time: 0.0023  memory: 4456  grad_norm: 9.1906  loss: 1.7042  loss_cls: 0.7245  loss_bbox: 0.8574  loss_dir: 0.1223
2025/12/07 04:50:36 - mmengine - INFO - Epoch(train) [1][590/596]  lr: 1.0000e-03  eta: 0:00:03  time: 0.6396  data_time: 0.0023  memory: 4456  grad_norm: 8.8984  loss: 1.7380  loss_cls: 0.7159  loss_bbox: 0.8958  loss_dir: 0.1263
2025/12/07 04:50:40 - mmengine - INFO - Exp name: exp1_baseline_20251207_044413
2025/12/07 04:50:40 - mmengine - INFO - Saving checkpoint at 1 epochs
2025/12/07 04:50:42 - mmengine - INFO - Epoch(val) [1][ 10/198]    eta: 0:00:25  time: 0.1357  data_time: 0.0122  memory: 4456  
2025/12/07 04:50:44 - mmengine - INFO - Epoch(val) [1][ 20/198]    eta: 0:00:23  time: 0.1311  data_time: 0.0067  memory: 602  
2025/12/07 04:50:45 - mmengine - INFO - Epoch(val) [1][ 30/198]    eta: 0:00:21  time: 0.1291  data_time: 0.0048  memory: 602  
2025/12/07 04:50:46 - mmengine - INFO - Epoch(val) [1][ 40/198]    eta: 0:00:20  time: 0.1278  data_time: 0.0039  memory: 602  
2025/12/07 04:50:47 - mmengine - INFO - Epoch(val) [1][ 50/198]    eta: 0:00:18  time: 0.1272  data_time: 0.0034  memory: 602  
2025/12/07 04:50:49 - mmengine - INFO - Epoch(val) [1][ 60/198]    eta: 0:00:17  time: 0.1250  data_time: 0.0011  memory: 602  
2025/12/07 04:50:50 - mmengine - INFO - Epoch(val) [1][ 70/198]    eta: 0:00:16  time: 0.1242  data_time: 0.0011  memory: 599  
2025/12/07 04:50:51 - mmengine - INFO - Epoch(val) [1][ 80/198]    eta: 0:00:14  time: 0.1243  data_time: 0.0011  memory: 602  
2025/12/07 04:50:52 - mmengine - INFO - Epoch(val) [1][ 90/198]    eta: 0:00:13  time: 0.1223  data_time: 0.0012  memory: 481  
2025/12/07 04:50:53 - mmengine - INFO - Epoch(val) [1][100/198]    eta: 0:00:12  time: 0.1204  data_time: 0.0013  memory: 481  
2025/12/07 04:50:55 - mmengine - INFO - Epoch(val) [1][110/198]    eta: 0:00:10  time: 0.1187  data_time: 0.0013  memory: 483  
2025/12/07 04:50:56 - mmengine - INFO - Epoch(val) [1][120/198]    eta: 0:00:09  time: 0.1177  data_time: 0.0013  memory: 602  
2025/12/07 04:50:57 - mmengine - INFO - Epoch(val) [1][130/198]    eta: 0:00:08  time: 0.1177  data_time: 0.0013  memory: 602  
2025/12/07 04:50:58 - mmengine - INFO - Epoch(val) [1][140/198]    eta: 0:00:07  time: 0.1193  data_time: 0.0014  memory: 602  
2025/12/07 04:50:59 - mmengine - INFO - Epoch(val) [1][150/198]    eta: 0:00:05  time: 0.1206  data_time: 0.0013  memory: 602  
2025/12/07 04:51:01 - mmengine - INFO - Epoch(val) [1][160/198]    eta: 0:00:04  time: 0.1206  data_time: 0.0013  memory: 545  
2025/12/07 04:51:02 - mmengine - INFO - Epoch(val) [1][170/198]    eta: 0:00:03  time: 0.1207  data_time: 0.0014  memory: 553  
2025/12/07 04:51:03 - mmengine - INFO - Epoch(val) [1][180/198]    eta: 0:00:02  time: 0.1189  data_time: 0.0014  memory: 481  
2025/12/07 04:51:04 - mmengine - INFO - Epoch(val) [1][190/198]    eta: 0:00:00  time: 0.1176  data_time: 0.0014  memory: 481  
2025/12/07 04:51:47 - mmengine - INFO - Epoch(val) [1][198/198]    NuScenes metric/pred_instances_3d_NuScenes/car_AP_dist_0.5: 0.0000  NuScenes metric/pred_instances_3d_NuScenes/car_AP_dist_1.0: 0.0000  NuScenes metric/pred_instances_3d_NuScenes/car_AP_dist_2.0: 0.0000  NuScenes metric/pred_instances_3d_NuScenes/car_AP_dist_4.0: 0.0000  NuScenes metric/pred_instances_3d_NuScenes/car_trans_err: 0.8481  NuScenes metric/pred_instances_3d_NuScenes/car_scale_err: 0.7545  NuScenes metric/pred_instances_3d_NuScenes/car_orient_err: 1.4979  NuScenes metric/pred_instances_3d_NuScenes/car_vel_err: 2.2702  NuScenes metric/pred_instances_3d_NuScenes/car_attr_err: 0.4123  NuScenes metric/pred_instances_3d_NuScenes/mATE: 0.9848  NuScenes metric/pred_instances_3d_NuScenes/mASE: 0.9754  NuScenes metric/pred_instances_3d_NuScenes/mAOE: 1.0553  NuScenes metric/pred_instances_3d_NuScenes/mAVE: 1.1588  NuScenes metric/pred_instances_3d_NuScenes/mAAE: 0.9265  NuScenes metric/pred_instances_3d_NuScenes/NDS: 0.0113  NuScenes metric/pred_instances_3d_NuScenes/mAP: 0.0000  data_time: 0.0018  time: 0.1212
