2025/12/07 04:52:54 - mmengine - INFO - 
------------------------------------------------------------
System environment:
    sys.platform: linux
    Python: 3.8.20 (default, Oct  3 2024, 15:24:27) [GCC 11.2.0]
    CUDA available: True
    MUSA available: False
    numpy_random_seed: 81921331
    GPU 0: NVIDIA GeForce GTX 1060 6GB
    CUDA_HOME: /usr/local/cuda
    NVCC: Cuda compilation tools, release 12.9, V12.9.86
    GCC: gcc (Ubuntu 13.3.0-6ubuntu2~24.04) 13.3.0
    PyTorch: 1.13.1
    PyTorch compiling details: PyTorch built with:
  - GCC 9.3
  - C++ Version: 201402
  - Intel(R) oneAPI Math Kernel Library Version 2023.1-Product Build 20230303 for Intel(R) 64 architecture applications
  - Intel(R) MKL-DNN v2.6.0 (Git Hash 52b5f107dd9cf10910aaa19cb47f3abf9b349815)
  - OpenMP 201511 (a.k.a. OpenMP 4.5)
  - LAPACK is enabled (usually provided by MKL)
  - NNPACK is enabled
  - CPU capability usage: AVX2
  - CUDA Runtime 11.7
  - NVCC architecture flags: -gencode;arch=compute_37,code=sm_37;-gencode;arch=compute_50,code=sm_50;-gencode;arch=compute_60,code=sm_60;-gencode;arch=compute_61,code=sm_61;-gencode;arch=compute_70,code=sm_70;-gencode;arch=compute_75,code=sm_75;-gencode;arch=compute_80,code=sm_80;-gencode;arch=compute_86,code=sm_86;-gencode;arch=compute_37,code=compute_37
  - CuDNN 8.5
  - Magma 2.6.1
  - Build settings: BLAS_INFO=mkl, BUILD_TYPE=Release, CUDA_VERSION=11.7, CUDNN_VERSION=8.5.0, CXX_COMPILER=/opt/rh/devtoolset-9/root/usr/bin/c++, CXX_FLAGS= -fabi-version=11 -Wno-deprecated -fvisibility-inlines-hidden -DUSE_PTHREADPOOL -fopenmp -DNDEBUG -DUSE_KINETO -DUSE_FBGEMM -DUSE_QNNPACK -DUSE_PYTORCH_QNNPACK -DUSE_XNNPACK -DSYMBOLICATE_MOBILE_DEBUG_HANDLE -DEDGE_PROFILER_USE_KINETO -O2 -fPIC -Wno-narrowing -Wall -Wextra -Werror=return-type -Werror=non-virtual-dtor -Wno-missing-field-initializers -Wno-type-limits -Wno-array-bounds -Wno-unknown-pragmas -Wunused-local-typedefs -Wno-unused-parameter -Wno-unused-function -Wno-unused-result -Wno-strict-overflow -Wno-strict-aliasing -Wno-error=deprecated-declarations -Wno-stringop-overflow -Wno-psabi -Wno-error=pedantic -Wno-error=redundant-decls -Wno-error=old-style-cast -fdiagnostics-color=always -faligned-new -Wno-unused-but-set-variable -Wno-maybe-uninitialized -fno-math-errno -fno-trapping-math -Werror=format -Werror=cast-function-type -Wno-stringop-overflow, LAPACK_INFO=mkl, PERF_WITH_AVX=1, PERF_WITH_AVX2=1, PERF_WITH_AVX512=1, TORCH_VERSION=1.13.1, USE_CUDA=ON, USE_CUDNN=ON, USE_EXCEPTION_PTR=1, USE_GFLAGS=OFF, USE_GLOG=OFF, USE_MKL=ON, USE_MKLDNN=ON, USE_MPI=OFF, USE_NCCL=ON, USE_NNPACK=ON, USE_OPENMP=ON, USE_ROCM=OFF, 

    TorchVision: 0.14.1
    OpenCV: 4.12.0
    MMEngine: 0.10.7

Runtime environment:
    cudnn_benchmark: False
    mp_cfg: {'mp_start_method': 'fork', 'opencv_num_threads': 0}
    dist_cfg: {'backend': 'nccl'}
    seed: 81921331
    Distributed launcher: none
    Distributed training: False
    GPU number: 1
------------------------------------------------------------

2025/12/07 04:52:54 - mmengine - INFO - Config:
backend_args = None
base_train_dataloader = dict(
    batch_size=2,
    dataset=dict(
        ann_file='custom_infos_small_train.pkl',
        backend_args=None,
        box_type_3d='LiDAR',
        data_prefix=dict(img='', pts='samples/LIDAR_TOP', sweeps=''),
        data_root='data/nuscenes/',
        metainfo=dict(classes=('car', )),
        modality=dict(use_camera=False, use_lidar=True),
        pipeline=[
            dict(
                backend_args=None,
                coord_type='LIDAR',
                load_dim=5,
                type='LoadPointsFromFile',
                use_dim=5),
            dict(
                type='LoadAnnotations3D',
                with_bbox_3d=True,
                with_label_3d=True),
            dict(
                point_cloud_range=[
                    -51.2,
                    -51.2,
                    -5.0,
                    51.2,
                    51.2,
                    3.0,
                ],
                type='PointsRangeFilter'),
            dict(
                point_cloud_range=[
                    -51.2,
                    -51.2,
                    -5.0,
                    51.2,
                    51.2,
                    3.0,
                ],
                type='ObjectRangeFilter'),
            dict(classes=('car', ), type='ObjectNameFilter'),
            dict(type='PointShuffle'),
            dict(
                keys=[
                    'points',
                    'gt_bboxes_3d',
                    'gt_labels_3d',
                ],
                type='Pack3DDetInputs'),
        ],
        type='NuScenesDataset'),
    num_workers=2,
    persistent_workers=True,
    sampler=dict(shuffle=True, type='DefaultSampler'))
class_names = ('car', )
data_prefix = dict(img='', pts='samples/LIDAR_TOP', sweeps='')
data_root = 'data/nuscenes/'
db_info_path = data / nuscenes / custom_dbinfos_train.pkl
default_hooks = dict(
    checkpoint=dict(
        interval=1,
        max_keep_ckpts=5,
        rule='greater',
        save_best='auto',
        type='CheckpointHook'),
    logger=dict(interval=50, type='LoggerHook'),
    param_scheduler=dict(type='ParamSchedulerHook'),
    sampler_seed=dict(type='DistSamplerSeedHook'),
    timer=dict(type='IterTimerHook'),
    visualization=dict(type='Det3DVisualizationHook'))
default_scope = 'mmdet3d'
env_cfg = dict(
    cudnn_benchmark=False,
    dist_cfg=dict(backend='nccl'),
    mp_cfg=dict(mp_start_method='fork', opencv_num_threads=0))
input_modality = dict(use_camera=False, use_lidar=True)
launcher = 'none'
load_from = None
log_level = 'INFO'
log_processor = dict(by_epoch=True, type='LogProcessor', window_size=50)
max_epochs = 10
metainfo = dict(classes=('car', ))
model = dict(
    data_preprocessor=dict(
        type='Det3DDataPreprocessor',
        voxel=True,
        voxel_layer=dict(
            max_num_points=32,
            max_voxels=(
                12000,
                12000,
            ),
            point_cloud_range=[
                -51.2,
                -51.2,
                -5.0,
                51.2,
                51.2,
                3.0,
            ],
            voxel_size=[
                0.16,
                0.16,
                0.2,
            ])),
    pts_backbone=dict(
        in_channels=64,
        layer_nums=[
            3,
            5,
            5,
        ],
        layer_strides=[
            2,
            2,
            2,
        ],
        norm_cfg=dict(eps=0.001, momentum=0.01, type='naiveSyncBN2d'),
        out_channels=[
            64,
            128,
            256,
        ],
        type='SECOND'),
    pts_bbox_head=dict(
        anchor_generator=dict(
            custom_values=[
                0,
                0,
            ],
            ranges=[
                [
                    -51.2,
                    -51.2,
                    -1.78,
                    51.2,
                    51.2,
                    -1.78,
                ],
            ],
            reshape_out=True,
            rotations=[
                0,
                1.57,
            ],
            scales=[
                1,
                2,
                4,
            ],
            sizes=[
                [
                    4.63,
                    1.97,
                    1.73,
                ],
            ],
            type='AlignedAnchor3DRangeGenerator'),
        assigner_per_size=False,
        bbox_coder=dict(code_size=9, type='DeltaXYZWLHRBBoxCoder'),
        diff_rad_by_sin=True,
        dir_offset=-0.7854,
        feat_channels=256,
        in_channels=256,
        loss_bbox=dict(
            beta=0.1111111111111111,
            loss_weight=1.0,
            type='mmdet.SmoothL1Loss'),
        loss_cls=dict(
            alpha=0.25,
            gamma=2.0,
            loss_weight=1.0,
            type='mmdet.FocalLoss',
            use_sigmoid=True),
        loss_dir=dict(
            loss_weight=0.2, type='mmdet.CrossEntropyLoss', use_sigmoid=False),
        num_classes=1,
        type='Anchor3DHead',
        use_direction_classifier=True),
    pts_middle_encoder=dict(
        in_channels=64, output_shape=[
            640,
            640,
        ], type='PointPillarsScatter'),
    pts_neck=dict(
        act_cfg=dict(type='ReLU'),
        in_channels=[
            64,
            128,
            256,
        ],
        norm_cfg=dict(eps=0.001, momentum=0.01, type='naiveSyncBN2d'),
        num_outs=3,
        out_channels=256,
        start_level=0,
        type='mmdet.FPN'),
    pts_voxel_encoder=dict(
        feat_channels=[
            64,
            64,
        ],
        in_channels=5,
        norm_cfg=dict(eps=0.001, momentum=0.01, type='naiveSyncBN1d'),
        point_cloud_range=[
            -51.2,
            -51.2,
            -5.0,
            51.2,
            51.2,
            3.0,
        ],
        type='HardVFE',
        voxel_size=[
            0.16,
            0.16,
            0.2,
        ],
        with_cluster_center=True,
        with_distance=False,
        with_voxel_center=True),
    test_cfg=dict(
        pts=dict(
            max_num=500,
            min_bbox_size=0,
            nms_across_levels=False,
            nms_pre=1000,
            nms_thr=0.2,
            score_thr=0.05,
            use_rotate_nms=True)),
    train_cfg=dict(
        pts=dict(
            allowed_border=0,
            assigner=dict(
                ignore_iof_thr=-1,
                iou_calculator=dict(type='BboxOverlapsNearest3D'),
                min_pos_iou=0.3,
                neg_iou_thr=0.3,
                pos_iou_thr=0.6,
                type='Max3DIoUAssigner'),
            code_weight=[
                1.0,
                1.0,
                1.0,
                1.0,
                1.0,
                1.0,
                1.0,
                0.2,
                0.2,
            ],
            debug=False,
            pos_weight=-1)),
    type='MVXFasterRCNN')
optim_wrapper = dict(
    clip_grad=dict(max_norm=10, norm_type=2),
    optimizer=dict(lr=0.001, type='AdamW', weight_decay=0.01),
    type='OptimWrapper')
param_scheduler = [
    dict(begin=0, by_epoch=False, end=500, start_factor=0.1, type='LinearLR'),
    dict(
        T_max=10,
        begin=0,
        by_epoch=True,
        end=10,
        eta_min=1e-05,
        type='CosineAnnealingLR'),
]
point_cloud_range = [
    -51.2,
    -51.2,
    -5.0,
    51.2,
    51.2,
    3.0,
]
resume = False
run_suffix = 'exp1_baseline_20251207-045251'
test_cfg = dict(type='TestLoop')
test_dataloader = dict(
    batch_size=1,
    dataset=dict(
        ann_file='custom_infos_val.pkl',
        backend_args=None,
        box_type_3d='LiDAR',
        data_prefix=dict(img='', pts='samples/LIDAR_TOP', sweeps=''),
        data_root='data/nuscenes/',
        metainfo=dict(classes=('car', )),
        modality=dict(use_camera=False, use_lidar=True),
        pipeline=[
            dict(
                backend_args=None,
                coord_type='LIDAR',
                load_dim=5,
                type='LoadPointsFromFile',
                use_dim=5),
            dict(
                point_cloud_range=[
                    -51.2,
                    -51.2,
                    -5.0,
                    51.2,
                    51.2,
                    3.0,
                ],
                type='PointsRangeFilter'),
            dict(keys=[
                'points',
            ], type='Pack3DDetInputs'),
        ],
        test_mode=True,
        type='NuScenesDataset'),
    num_workers=2,
    persistent_workers=True,
    sampler=dict(shuffle=False, type='DefaultSampler'))
test_evaluator = dict(
    ann_file='data/nuscenes/custom_infos_val.pkl',
    backend_args=None,
    classes=('car', ),
    data_root='data/nuscenes/',
    metric='bbox',
    type='NuScenesMetric')
test_pipeline = [
    dict(
        backend_args=None,
        coord_type='LIDAR',
        load_dim=5,
        type='LoadPointsFromFile',
        use_dim=5),
    dict(
        point_cloud_range=[
            -51.2,
            -51.2,
            -5.0,
            51.2,
            51.2,
            3.0,
        ],
        type='PointsRangeFilter'),
    dict(keys=[
        'points',
    ], type='Pack3DDetInputs'),
]
train_cfg = dict(max_epochs=10, type='EpochBasedTrainLoop', val_interval=1)
train_dataloader = dict(
    batch_size=2,
    dataset=dict(
        ann_file='custom_infos_small_train.pkl',
        backend_args=None,
        box_type_3d='LiDAR',
        data_prefix=dict(img='', pts='samples/LIDAR_TOP', sweeps=''),
        data_root='data/nuscenes/',
        metainfo=dict(classes=('car', )),
        modality=dict(use_camera=False, use_lidar=True),
        pipeline=[
            dict(
                backend_args=None,
                coord_type='LIDAR',
                load_dim=5,
                type='LoadPointsFromFile',
                use_dim=5),
            dict(
                type='LoadAnnotations3D',
                with_bbox_3d=True,
                with_label_3d=True),
            dict(
                point_cloud_range=[
                    -51.2,
                    -51.2,
                    -5.0,
                    51.2,
                    51.2,
                    3.0,
                ],
                type='PointsRangeFilter'),
            dict(
                point_cloud_range=[
                    -51.2,
                    -51.2,
                    -5.0,
                    51.2,
                    51.2,
                    3.0,
                ],
                type='ObjectRangeFilter'),
            dict(classes=('car', ), type='ObjectNameFilter'),
            dict(type='PointShuffle'),
            dict(
                keys=[
                    'points',
                    'gt_bboxes_3d',
                    'gt_labels_3d',
                ],
                type='Pack3DDetInputs'),
        ],
        type='NuScenesDataset'),
    num_workers=2,
    persistent_workers=True,
    sampler=dict(shuffle=True, type='DefaultSampler'))
train_pipeline = [
    dict(
        backend_args=None,
        coord_type='LIDAR',
        load_dim=5,
        type='LoadPointsFromFile',
        use_dim=5),
    dict(type='LoadAnnotations3D', with_bbox_3d=True, with_label_3d=True),
    dict(
        point_cloud_range=[
            -51.2,
            -51.2,
            -5.0,
            51.2,
            51.2,
            3.0,
        ],
        type='PointsRangeFilter'),
    dict(
        point_cloud_range=[
            -51.2,
            -51.2,
            -5.0,
            51.2,
            51.2,
            3.0,
        ],
        type='ObjectRangeFilter'),
    dict(classes=('car', ), type='ObjectNameFilter'),
    dict(type='PointShuffle'),
    dict(
        keys=[
            'points',
            'gt_bboxes_3d',
            'gt_labels_3d',
        ],
        type='Pack3DDetInputs'),
]
val_cfg = dict(type='ValLoop')
val_dataloader = dict(
    batch_size=1,
    dataset=dict(
        ann_file='custom_infos_val.pkl',
        backend_args=None,
        box_type_3d='LiDAR',
        data_prefix=dict(img='', pts='samples/LIDAR_TOP', sweeps=''),
        data_root='data/nuscenes/',
        metainfo=dict(classes=('car', )),
        modality=dict(use_camera=False, use_lidar=True),
        pipeline=[
            dict(
                backend_args=None,
                coord_type='LIDAR',
                load_dim=5,
                type='LoadPointsFromFile',
                use_dim=5),
            dict(
                point_cloud_range=[
                    -51.2,
                    -51.2,
                    -5.0,
                    51.2,
                    51.2,
                    3.0,
                ],
                type='PointsRangeFilter'),
            dict(keys=[
                'points',
            ], type='Pack3DDetInputs'),
        ],
        test_mode=True,
        type='NuScenesDataset'),
    num_workers=2,
    persistent_workers=True,
    sampler=dict(shuffle=False, type='DefaultSampler'))
val_evaluator = dict(
    ann_file='data/nuscenes/custom_infos_val.pkl',
    backend_args=None,
    classes=('car', ),
    data_root='data/nuscenes/',
    metric='bbox',
    type='NuScenesMetric')
voxel_size = [
    0.16,
    0.16,
    0.2,
]
work_dir = 'outputs/mmdet/exp1_baseline/exp1_baseline_20251207-045251'

2025/12/07 04:52:56 - mmengine - INFO - Distributed training is not used, all SyncBatchNorm (SyncBN) layers in the model will be automatically reverted to BatchNormXd layers if they are used.
2025/12/07 04:52:56 - mmengine - INFO - Hooks will be executed in the following order:
before_run:
(VERY_HIGH   ) RuntimeInfoHook                    
(BELOW_NORMAL) LoggerHook                         
 -------------------- 
before_train:
(VERY_HIGH   ) RuntimeInfoHook                    
(NORMAL      ) IterTimerHook                      
(VERY_LOW    ) CheckpointHook                     
 -------------------- 
before_train_epoch:
(VERY_HIGH   ) RuntimeInfoHook                    
(NORMAL      ) IterTimerHook                      
(NORMAL      ) DistSamplerSeedHook                
 -------------------- 
before_train_iter:
(VERY_HIGH   ) RuntimeInfoHook                    
(NORMAL      ) IterTimerHook                      
 -------------------- 
after_train_iter:
(VERY_HIGH   ) RuntimeInfoHook                    
(NORMAL      ) IterTimerHook                      
(BELOW_NORMAL) LoggerHook                         
(LOW         ) ParamSchedulerHook                 
(VERY_LOW    ) CheckpointHook                     
 -------------------- 
after_train_epoch:
(NORMAL      ) IterTimerHook                      
(LOW         ) ParamSchedulerHook                 
(VERY_LOW    ) CheckpointHook                     
 -------------------- 
before_val:
(VERY_HIGH   ) RuntimeInfoHook                    
 -------------------- 
before_val_epoch:
(NORMAL      ) IterTimerHook                      
 -------------------- 
before_val_iter:
(NORMAL      ) IterTimerHook                      
 -------------------- 
after_val_iter:
(NORMAL      ) IterTimerHook                      
(NORMAL      ) Det3DVisualizationHook             
(BELOW_NORMAL) LoggerHook                         
 -------------------- 
after_val_epoch:
(VERY_HIGH   ) RuntimeInfoHook                    
(NORMAL      ) IterTimerHook                      
(BELOW_NORMAL) LoggerHook                         
(LOW         ) ParamSchedulerHook                 
(VERY_LOW    ) CheckpointHook                     
 -------------------- 
after_val:
(VERY_HIGH   ) RuntimeInfoHook                    
 -------------------- 
after_train:
(VERY_HIGH   ) RuntimeInfoHook                    
(VERY_LOW    ) CheckpointHook                     
 -------------------- 
before_test:
(VERY_HIGH   ) RuntimeInfoHook                    
 -------------------- 
before_test_epoch:
(NORMAL      ) IterTimerHook                      
 -------------------- 
before_test_iter:
(NORMAL      ) IterTimerHook                      
 -------------------- 
after_test_iter:
(NORMAL      ) IterTimerHook                      
(NORMAL      ) Det3DVisualizationHook             
(BELOW_NORMAL) LoggerHook                         
 -------------------- 
after_test_epoch:
(VERY_HIGH   ) RuntimeInfoHook                    
(NORMAL      ) IterTimerHook                      
(BELOW_NORMAL) LoggerHook                         
 -------------------- 
after_test:
(VERY_HIGH   ) RuntimeInfoHook                    
 -------------------- 
after_run:
(BELOW_NORMAL) LoggerHook                         
 -------------------- 
2025/12/07 04:52:57 - mmengine - INFO - Loading legacy nuScenes infos format.
2025/12/07 04:52:59 - mmengine - INFO - ------------------------------
2025/12/07 04:52:59 - mmengine - INFO - The length of training dataset: 1192
2025/12/07 04:52:59 - mmengine - INFO - The number of instances per category in the dataset:
+----------+--------+
| category | number |
+----------+--------+
| car      | 14206  |
+----------+--------+
2025/12/07 04:52:59 - mmengine - INFO - Loading legacy nuScenes infos format.
2025/12/07 04:52:59 - mmengine - INFO - ------------------------------
2025/12/07 04:52:59 - mmengine - INFO - The length of test dataset: 198
2025/12/07 04:52:59 - mmengine - INFO - The number of instances per category in the dataset:
+----------+--------+
| category | number |
+----------+--------+
| car      | 3508   |
+----------+--------+
Name of parameter - Initialization information

pts_voxel_encoder.vfe_layers.0.norm.weight - torch.Size([64]): 
The value is the same before and after calling `init_weights` of MVXFasterRCNN  

pts_voxel_encoder.vfe_layers.0.norm.bias - torch.Size([64]): 
The value is the same before and after calling `init_weights` of MVXFasterRCNN  

pts_voxel_encoder.vfe_layers.0.linear.weight - torch.Size([64, 11]): 
The value is the same before and after calling `init_weights` of MVXFasterRCNN  

pts_voxel_encoder.vfe_layers.1.norm.weight - torch.Size([64]): 
The value is the same before and after calling `init_weights` of MVXFasterRCNN  

pts_voxel_encoder.vfe_layers.1.norm.bias - torch.Size([64]): 
The value is the same before and after calling `init_weights` of MVXFasterRCNN  

pts_voxel_encoder.vfe_layers.1.linear.weight - torch.Size([64, 128]): 
The value is the same before and after calling `init_weights` of MVXFasterRCNN  

pts_backbone.blocks.0.0.weight - torch.Size([64, 64, 3, 3]): 
KaimingInit: a=0, mode=fan_out, nonlinearity=relu, distribution =normal, bias=0 

pts_backbone.blocks.0.1.weight - torch.Size([64]): 
The value is the same before and after calling `init_weights` of MVXFasterRCNN  

pts_backbone.blocks.0.1.bias - torch.Size([64]): 
The value is the same before and after calling `init_weights` of MVXFasterRCNN  

pts_backbone.blocks.0.3.weight - torch.Size([64, 64, 3, 3]): 
KaimingInit: a=0, mode=fan_out, nonlinearity=relu, distribution =normal, bias=0 

pts_backbone.blocks.0.4.weight - torch.Size([64]): 
The value is the same before and after calling `init_weights` of MVXFasterRCNN  

pts_backbone.blocks.0.4.bias - torch.Size([64]): 
The value is the same before and after calling `init_weights` of MVXFasterRCNN  

pts_backbone.blocks.0.6.weight - torch.Size([64, 64, 3, 3]): 
KaimingInit: a=0, mode=fan_out, nonlinearity=relu, distribution =normal, bias=0 

pts_backbone.blocks.0.7.weight - torch.Size([64]): 
The value is the same before and after calling `init_weights` of MVXFasterRCNN  

pts_backbone.blocks.0.7.bias - torch.Size([64]): 
The value is the same before and after calling `init_weights` of MVXFasterRCNN  

pts_backbone.blocks.0.9.weight - torch.Size([64, 64, 3, 3]): 
KaimingInit: a=0, mode=fan_out, nonlinearity=relu, distribution =normal, bias=0 

pts_backbone.blocks.0.10.weight - torch.Size([64]): 
The value is the same before and after calling `init_weights` of MVXFasterRCNN  

pts_backbone.blocks.0.10.bias - torch.Size([64]): 
The value is the same before and after calling `init_weights` of MVXFasterRCNN  

pts_backbone.blocks.1.0.weight - torch.Size([128, 64, 3, 3]): 
KaimingInit: a=0, mode=fan_out, nonlinearity=relu, distribution =normal, bias=0 

pts_backbone.blocks.1.1.weight - torch.Size([128]): 
The value is the same before and after calling `init_weights` of MVXFasterRCNN  

pts_backbone.blocks.1.1.bias - torch.Size([128]): 
The value is the same before and after calling `init_weights` of MVXFasterRCNN  

pts_backbone.blocks.1.3.weight - torch.Size([128, 128, 3, 3]): 
KaimingInit: a=0, mode=fan_out, nonlinearity=relu, distribution =normal, bias=0 

pts_backbone.blocks.1.4.weight - torch.Size([128]): 
The value is the same before and after calling `init_weights` of MVXFasterRCNN  

pts_backbone.blocks.1.4.bias - torch.Size([128]): 
The value is the same before and after calling `init_weights` of MVXFasterRCNN  

pts_backbone.blocks.1.6.weight - torch.Size([128, 128, 3, 3]): 
KaimingInit: a=0, mode=fan_out, nonlinearity=relu, distribution =normal, bias=0 

pts_backbone.blocks.1.7.weight - torch.Size([128]): 
The value is the same before and after calling `init_weights` of MVXFasterRCNN  

pts_backbone.blocks.1.7.bias - torch.Size([128]): 
The value is the same before and after calling `init_weights` of MVXFasterRCNN  

pts_backbone.blocks.1.9.weight - torch.Size([128, 128, 3, 3]): 
KaimingInit: a=0, mode=fan_out, nonlinearity=relu, distribution =normal, bias=0 

pts_backbone.blocks.1.10.weight - torch.Size([128]): 
The value is the same before and after calling `init_weights` of MVXFasterRCNN  

pts_backbone.blocks.1.10.bias - torch.Size([128]): 
The value is the same before and after calling `init_weights` of MVXFasterRCNN  

pts_backbone.blocks.1.12.weight - torch.Size([128, 128, 3, 3]): 
KaimingInit: a=0, mode=fan_out, nonlinearity=relu, distribution =normal, bias=0 

pts_backbone.blocks.1.13.weight - torch.Size([128]): 
The value is the same before and after calling `init_weights` of MVXFasterRCNN  

pts_backbone.blocks.1.13.bias - torch.Size([128]): 
The value is the same before and after calling `init_weights` of MVXFasterRCNN  

pts_backbone.blocks.1.15.weight - torch.Size([128, 128, 3, 3]): 
KaimingInit: a=0, mode=fan_out, nonlinearity=relu, distribution =normal, bias=0 

pts_backbone.blocks.1.16.weight - torch.Size([128]): 
The value is the same before and after calling `init_weights` of MVXFasterRCNN  

pts_backbone.blocks.1.16.bias - torch.Size([128]): 
The value is the same before and after calling `init_weights` of MVXFasterRCNN  

pts_backbone.blocks.2.0.weight - torch.Size([256, 128, 3, 3]): 
KaimingInit: a=0, mode=fan_out, nonlinearity=relu, distribution =normal, bias=0 

pts_backbone.blocks.2.1.weight - torch.Size([256]): 
The value is the same before and after calling `init_weights` of MVXFasterRCNN  

pts_backbone.blocks.2.1.bias - torch.Size([256]): 
The value is the same before and after calling `init_weights` of MVXFasterRCNN  

pts_backbone.blocks.2.3.weight - torch.Size([256, 256, 3, 3]): 
KaimingInit: a=0, mode=fan_out, nonlinearity=relu, distribution =normal, bias=0 

pts_backbone.blocks.2.4.weight - torch.Size([256]): 
The value is the same before and after calling `init_weights` of MVXFasterRCNN  

pts_backbone.blocks.2.4.bias - torch.Size([256]): 
The value is the same before and after calling `init_weights` of MVXFasterRCNN  

pts_backbone.blocks.2.6.weight - torch.Size([256, 256, 3, 3]): 
KaimingInit: a=0, mode=fan_out, nonlinearity=relu, distribution =normal, bias=0 

pts_backbone.blocks.2.7.weight - torch.Size([256]): 
The value is the same before and after calling `init_weights` of MVXFasterRCNN  

pts_backbone.blocks.2.7.bias - torch.Size([256]): 
The value is the same before and after calling `init_weights` of MVXFasterRCNN  

pts_backbone.blocks.2.9.weight - torch.Size([256, 256, 3, 3]): 
KaimingInit: a=0, mode=fan_out, nonlinearity=relu, distribution =normal, bias=0 

pts_backbone.blocks.2.10.weight - torch.Size([256]): 
The value is the same before and after calling `init_weights` of MVXFasterRCNN  

pts_backbone.blocks.2.10.bias - torch.Size([256]): 
The value is the same before and after calling `init_weights` of MVXFasterRCNN  

pts_backbone.blocks.2.12.weight - torch.Size([256, 256, 3, 3]): 
KaimingInit: a=0, mode=fan_out, nonlinearity=relu, distribution =normal, bias=0 

pts_backbone.blocks.2.13.weight - torch.Size([256]): 
The value is the same before and after calling `init_weights` of MVXFasterRCNN  

pts_backbone.blocks.2.13.bias - torch.Size([256]): 
The value is the same before and after calling `init_weights` of MVXFasterRCNN  

pts_backbone.blocks.2.15.weight - torch.Size([256, 256, 3, 3]): 
KaimingInit: a=0, mode=fan_out, nonlinearity=relu, distribution =normal, bias=0 

pts_backbone.blocks.2.16.weight - torch.Size([256]): 
The value is the same before and after calling `init_weights` of MVXFasterRCNN  

pts_backbone.blocks.2.16.bias - torch.Size([256]): 
The value is the same before and after calling `init_weights` of MVXFasterRCNN  

pts_neck.lateral_convs.0.conv.weight - torch.Size([256, 64, 1, 1]): 
XavierInit: gain=1, distribution=uniform, bias=0 

pts_neck.lateral_convs.0.bn.weight - torch.Size([256]): 
The value is the same before and after calling `init_weights` of MVXFasterRCNN  

pts_neck.lateral_convs.0.bn.bias - torch.Size([256]): 
The value is the same before and after calling `init_weights` of MVXFasterRCNN  

pts_neck.lateral_convs.1.conv.weight - torch.Size([256, 128, 1, 1]): 
XavierInit: gain=1, distribution=uniform, bias=0 

pts_neck.lateral_convs.1.bn.weight - torch.Size([256]): 
The value is the same before and after calling `init_weights` of MVXFasterRCNN  

pts_neck.lateral_convs.1.bn.bias - torch.Size([256]): 
The value is the same before and after calling `init_weights` of MVXFasterRCNN  

pts_neck.lateral_convs.2.conv.weight - torch.Size([256, 256, 1, 1]): 
XavierInit: gain=1, distribution=uniform, bias=0 

pts_neck.lateral_convs.2.bn.weight - torch.Size([256]): 
The value is the same before and after calling `init_weights` of MVXFasterRCNN  

pts_neck.lateral_convs.2.bn.bias - torch.Size([256]): 
The value is the same before and after calling `init_weights` of MVXFasterRCNN  

pts_neck.fpn_convs.0.conv.weight - torch.Size([256, 256, 3, 3]): 
XavierInit: gain=1, distribution=uniform, bias=0 

pts_neck.fpn_convs.0.bn.weight - torch.Size([256]): 
The value is the same before and after calling `init_weights` of MVXFasterRCNN  

pts_neck.fpn_convs.0.bn.bias - torch.Size([256]): 
The value is the same before and after calling `init_weights` of MVXFasterRCNN  

pts_neck.fpn_convs.1.conv.weight - torch.Size([256, 256, 3, 3]): 
XavierInit: gain=1, distribution=uniform, bias=0 

pts_neck.fpn_convs.1.bn.weight - torch.Size([256]): 
The value is the same before and after calling `init_weights` of MVXFasterRCNN  

pts_neck.fpn_convs.1.bn.bias - torch.Size([256]): 
The value is the same before and after calling `init_weights` of MVXFasterRCNN  

pts_neck.fpn_convs.2.conv.weight - torch.Size([256, 256, 3, 3]): 
XavierInit: gain=1, distribution=uniform, bias=0 

pts_neck.fpn_convs.2.bn.weight - torch.Size([256]): 
The value is the same before and after calling `init_weights` of MVXFasterRCNN  

pts_neck.fpn_convs.2.bn.bias - torch.Size([256]): 
The value is the same before and after calling `init_weights` of MVXFasterRCNN  

pts_bbox_head.conv_cls.weight - torch.Size([2, 256, 1, 1]): 
NormalInit: mean=0, std=0.01, bias=-4.59511985013459 

pts_bbox_head.conv_cls.bias - torch.Size([2]): 
NormalInit: mean=0, std=0.01, bias=-4.59511985013459 

pts_bbox_head.conv_reg.weight - torch.Size([18, 256, 1, 1]): 
NormalInit: mean=0, std=0.01, bias=0 

pts_bbox_head.conv_reg.bias - torch.Size([18]): 
NormalInit: mean=0, std=0.01, bias=0 

pts_bbox_head.conv_dir_cls.weight - torch.Size([4, 256, 1, 1]): 
NormalInit: mean=0, std=0.01, bias=0 

pts_bbox_head.conv_dir_cls.bias - torch.Size([4]): 
NormalInit: mean=0, std=0.01, bias=0 
2025/12/07 04:53:00 - mmengine - WARNING - "FileClient" will be deprecated in future. Please use io functions in https://mmengine.readthedocs.io/en/latest/api/fileio.html#file-io
2025/12/07 04:53:00 - mmengine - WARNING - "HardDiskBackend" is the alias of "LocalBackend" and the former will be deprecated in future.
2025/12/07 04:53:00 - mmengine - INFO - Checkpoints will be saved to /home/ziqi/Projects/CS5330/final_project/experiments/outputs/mmdet/exp1_baseline/exp1_baseline_20251207-045251.
2025/12/07 04:53:32 - mmengine - INFO - Epoch(train)  [1][ 50/596]  lr: 1.8838e-04  eta: 1:04:03  time: 0.6503  data_time: 0.0040  memory: 4456  grad_norm: 19.6115  loss: 3.3057  loss_cls: 1.0059  loss_bbox: 2.1612  loss_dir: 0.1385
2025/12/07 04:54:04 - mmengine - INFO - Epoch(train)  [1][100/596]  lr: 2.7856e-04  eta: 1:02:58  time: 0.6392  data_time: 0.0023  memory: 4456  grad_norm: 16.2604  loss: 2.1140  loss_cls: 0.8396  loss_bbox: 1.1365  loss_dir: 0.1378
2025/12/07 04:54:36 - mmengine - INFO - Epoch(train)  [1][150/596]  lr: 3.6874e-04  eta: 1:02:16  time: 0.6397  data_time: 0.0023  memory: 4456  grad_norm: 12.3748  loss: 2.0329  loss_cls: 0.8328  loss_bbox: 1.0626  loss_dir: 0.1375
2025/12/07 04:55:08 - mmengine - INFO - Epoch(train)  [1][200/596]  lr: 4.5892e-04  eta: 1:01:38  time: 0.6395  data_time: 0.0023  memory: 4456  grad_norm: 10.6119  loss: 1.7716  loss_cls: 0.7868  loss_bbox: 0.8476  loss_dir: 0.1373
2025/12/07 04:55:40 - mmengine - INFO - Epoch(train)  [1][250/596]  lr: 5.4910e-04  eta: 1:01:02  time: 0.6388  data_time: 0.0023  memory: 4456  grad_norm: 10.4167  loss: 1.8482  loss_cls: 0.7694  loss_bbox: 0.9450  loss_dir: 0.1337
2025/12/07 04:56:12 - mmengine - INFO - Epoch(train)  [1][300/596]  lr: 6.3928e-04  eta: 1:00:28  time: 0.6385  data_time: 0.0022  memory: 4456  grad_norm: 9.6200  loss: 1.7643  loss_cls: 0.7649  loss_bbox: 0.8707  loss_dir: 0.1286
2025/12/07 04:56:44 - mmengine - INFO - Epoch(train)  [1][350/596]  lr: 7.2946e-04  eta: 0:59:55  time: 0.6408  data_time: 0.0023  memory: 4456  grad_norm: 10.8683  loss: 1.8145  loss_cls: 0.7915  loss_bbox: 0.8942  loss_dir: 0.1288
2025/12/07 04:57:16 - mmengine - INFO - Epoch(train)  [1][400/596]  lr: 8.1964e-04  eta: 0:59:22  time: 0.6387  data_time: 0.0023  memory: 4456  grad_norm: 10.4475  loss: 1.7739  loss_cls: 0.7845  loss_bbox: 0.8606  loss_dir: 0.1289
2025/12/07 04:57:48 - mmengine - INFO - Epoch(train)  [1][450/596]  lr: 9.0982e-04  eta: 0:58:48  time: 0.6384  data_time: 0.0023  memory: 4456  grad_norm: 10.0546  loss: 1.8294  loss_cls: 0.7827  loss_bbox: 0.9196  loss_dir: 0.1270
2025/12/07 04:58:20 - mmengine - INFO - Epoch(train)  [1][500/596]  lr: 1.0000e-03  eta: 0:58:14  time: 0.6369  data_time: 0.0022  memory: 4456  grad_norm: 10.5141  loss: 1.8287  loss_cls: 0.7489  loss_bbox: 0.9482  loss_dir: 0.1316
2025/12/07 04:58:52 - mmengine - INFO - Epoch(train)  [1][550/596]  lr: 1.0000e-03  eta: 0:57:42  time: 0.6390  data_time: 0.0023  memory: 4456  grad_norm: 8.8830  loss: 1.7487  loss_cls: 0.7493  loss_bbox: 0.8699  loss_dir: 0.1296
2025/12/07 04:59:21 - mmengine - INFO - Exp name: exp1_baseline_20251207_045253
2025/12/07 04:59:21 - mmengine - INFO - Saving checkpoint at 1 epochs
2025/12/07 04:59:28 - mmengine - INFO - Epoch(val)  [1][ 50/198]    eta: 0:00:18  time: 0.1246  data_time: 0.0033  memory: 4456  
2025/12/07 04:59:34 - mmengine - INFO - Epoch(val)  [1][100/198]    eta: 0:00:11  time: 0.1189  data_time: 0.0012  memory: 602  
2025/12/07 04:59:40 - mmengine - INFO - Epoch(val)  [1][150/198]    eta: 0:00:05  time: 0.1196  data_time: 0.0013  memory: 602  
2025/12/07 05:00:20 - mmengine - INFO - Epoch(val) [1][198/198]    NuScenes metric/pred_instances_3d_NuScenes/car_AP_dist_0.5: 0.0000  NuScenes metric/pred_instances_3d_NuScenes/car_AP_dist_1.0: 0.0005  NuScenes metric/pred_instances_3d_NuScenes/car_AP_dist_2.0: 0.0074  NuScenes metric/pred_instances_3d_NuScenes/car_AP_dist_4.0: 0.0228  NuScenes metric/pred_instances_3d_NuScenes/car_trans_err: 0.7748  NuScenes metric/pred_instances_3d_NuScenes/car_scale_err: 0.6984  NuScenes metric/pred_instances_3d_NuScenes/car_orient_err: 1.6345  NuScenes metric/pred_instances_3d_NuScenes/car_vel_err: 3.0136  NuScenes metric/pred_instances_3d_NuScenes/car_attr_err: 0.5815  NuScenes metric/pred_instances_3d_NuScenes/mATE: 0.9775  NuScenes metric/pred_instances_3d_NuScenes/mASE: 0.9698  NuScenes metric/pred_instances_3d_NuScenes/mAOE: 1.0705  NuScenes metric/pred_instances_3d_NuScenes/mAVE: 1.2517  NuScenes metric/pred_instances_3d_NuScenes/mAAE: 0.9477  NuScenes metric/pred_instances_3d_NuScenes/NDS: 0.0109  NuScenes metric/pred_instances_3d_NuScenes/mAP: 0.0008  data_time: 0.0018  time: 0.1197
2025/12/07 05:00:21 - mmengine - INFO - The best checkpoint with 0.0000 NuScenes metric/pred_instances_3d_NuScenes/car_AP_dist_0.5 at 1 epoch is saved to best_NuScenes metric_pred_instances_3d_NuScenes_car_AP_dist_0.5_epoch_1.pth.
2025/12/07 05:00:54 - mmengine - INFO - Epoch(train)  [2][ 50/596]  lr: 9.7577e-04  eta: 0:56:40  time: 0.6400  data_time: 0.0026  memory: 4456  grad_norm: 8.7932  loss: 1.6152  loss_cls: 0.6839  loss_bbox: 0.8055  loss_dir: 0.1258
2025/12/07 05:01:26 - mmengine - INFO - Epoch(train)  [2][100/596]  lr: 9.7577e-04  eta: 0:56:08  time: 0.6401  data_time: 0.0023  memory: 4456  grad_norm: 7.9092  loss: 1.6105  loss_cls: 0.6607  loss_bbox: 0.8258  loss_dir: 0.1241
2025/12/07 05:01:58 - mmengine - INFO - Epoch(train)  [2][150/596]  lr: 9.7577e-04  eta: 0:55:36  time: 0.6394  data_time: 0.0024  memory: 4456  grad_norm: 8.5287  loss: 1.5878  loss_cls: 0.6745  loss_bbox: 0.7893  loss_dir: 0.1240
2025/12/07 05:02:30 - mmengine - INFO - Epoch(train)  [2][200/596]  lr: 9.7577e-04  eta: 0:55:04  time: 0.6396  data_time: 0.0024  memory: 4456  grad_norm: 8.7102  loss: 1.7382  loss_cls: 0.6884  loss_bbox: 0.9233  loss_dir: 0.1265
2025/12/07 05:03:02 - mmengine - INFO - Epoch(train)  [2][250/596]  lr: 9.7577e-04  eta: 0:54:32  time: 0.6406  data_time: 0.0024  memory: 4456  grad_norm: 7.8797  loss: 1.5429  loss_cls: 0.6528  loss_bbox: 0.7662  loss_dir: 0.1239
2025/12/07 05:03:34 - mmengine - INFO - Epoch(train)  [2][300/596]  lr: 9.7577e-04  eta: 0:53:59  time: 0.6377  data_time: 0.0024  memory: 4456  grad_norm: 7.8973  loss: 1.5676  loss_cls: 0.6020  loss_bbox: 0.8442  loss_dir: 0.1215
2025/12/07 05:04:06 - mmengine - INFO - Epoch(train)  [2][350/596]  lr: 9.7577e-04  eta: 0:53:27  time: 0.6400  data_time: 0.0024  memory: 4456  grad_norm: 8.1006  loss: 1.5792  loss_cls: 0.6038  loss_bbox: 0.8580  loss_dir: 0.1174
2025/12/07 05:04:37 - mmengine - INFO - Epoch(train)  [2][400/596]  lr: 9.7577e-04  eta: 0:52:55  time: 0.6369  data_time: 0.0023  memory: 4456  grad_norm: 8.2827  loss: 1.5284  loss_cls: 0.5860  loss_bbox: 0.8127  loss_dir: 0.1297
2025/12/07 05:04:40 - mmengine - INFO - Exp name: exp1_baseline_20251207_045253
2025/12/07 05:05:09 - mmengine - INFO - Epoch(train)  [2][450/596]  lr: 9.7577e-04  eta: 0:52:23  time: 0.6399  data_time: 0.0023  memory: 4456  grad_norm: 8.0016  loss: 1.3630  loss_cls: 0.5460  loss_bbox: 0.6976  loss_dir: 0.1194
2025/12/07 05:05:41 - mmengine - INFO - Epoch(train)  [2][500/596]  lr: 9.7577e-04  eta: 0:51:50  time: 0.6377  data_time: 0.0023  memory: 4456  grad_norm: 8.1944  loss: 1.4066  loss_cls: 0.5426  loss_bbox: 0.7423  loss_dir: 0.1217
2025/12/07 05:06:13 - mmengine - INFO - Epoch(train)  [2][550/596]  lr: 9.7577e-04  eta: 0:51:18  time: 0.6400  data_time: 0.0023  memory: 4456  grad_norm: 7.5146  loss: 1.3655  loss_cls: 0.5464  loss_bbox: 0.7006  loss_dir: 0.1186
2025/12/07 05:06:43 - mmengine - INFO - Exp name: exp1_baseline_20251207_045253
2025/12/07 05:06:43 - mmengine - INFO - Saving checkpoint at 2 epochs
2025/12/07 05:06:50 - mmengine - INFO - Epoch(val)  [2][ 50/198]    eta: 0:00:18  time: 0.1255  data_time: 0.0012  memory: 4456  
2025/12/07 05:06:56 - mmengine - INFO - Epoch(val)  [2][100/198]    eta: 0:00:12  time: 0.1218  data_time: 0.0012  memory: 602  
2025/12/07 05:07:02 - mmengine - INFO - Epoch(val)  [2][150/198]    eta: 0:00:05  time: 0.1222  data_time: 0.0013  memory: 602  
2025/12/07 05:07:50 - mmengine - INFO - Epoch(val) [2][198/198]    NuScenes metric/pred_instances_3d_NuScenes/car_AP_dist_0.5: 0.0060  NuScenes metric/pred_instances_3d_NuScenes/car_AP_dist_1.0: 0.0140  NuScenes metric/pred_instances_3d_NuScenes/car_AP_dist_2.0: 0.1099  NuScenes metric/pred_instances_3d_NuScenes/car_AP_dist_4.0: 0.1447  NuScenes metric/pred_instances_3d_NuScenes/car_trans_err: 0.8749  NuScenes metric/pred_instances_3d_NuScenes/car_scale_err: 0.7693  NuScenes metric/pred_instances_3d_NuScenes/car_orient_err: 1.3799  NuScenes metric/pred_instances_3d_NuScenes/car_vel_err: 2.1728  NuScenes metric/pred_instances_3d_NuScenes/car_attr_err: 0.3319  NuScenes metric/pred_instances_3d_NuScenes/mATE: 0.9875  NuScenes metric/pred_instances_3d_NuScenes/mASE: 0.9769  NuScenes metric/pred_instances_3d_NuScenes/mAOE: 1.0422  NuScenes metric/pred_instances_3d_NuScenes/mAVE: 1.1466  NuScenes metric/pred_instances_3d_NuScenes/mAAE: 0.9165  NuScenes metric/pred_instances_3d_NuScenes/NDS: 0.0153  NuScenes metric/pred_instances_3d_NuScenes/mAP: 0.0069  data_time: 0.0013  time: 0.1219
2025/12/07 05:07:50 - mmengine - INFO - The previous best checkpoint /home/ziqi/Projects/CS5330/final_project/experiments/outputs/mmdet/exp1_baseline/exp1_baseline_20251207-045251/best_NuScenes metric_pred_instances_3d_NuScenes_car_AP_dist_0.5_epoch_1.pth is removed
2025/12/07 05:07:51 - mmengine - INFO - The best checkpoint with 0.0060 NuScenes metric/pred_instances_3d_NuScenes/car_AP_dist_0.5 at 2 epoch is saved to best_NuScenes metric_pred_instances_3d_NuScenes_car_AP_dist_0.5_epoch_2.pth.
2025/12/07 05:08:24 - mmengine - INFO - Epoch(train)  [3][ 50/596]  lr: 9.0546e-04  eta: 0:50:17  time: 0.6405  data_time: 0.0028  memory: 4456  grad_norm: 7.8440  loss: 1.3177  loss_cls: 0.5211  loss_bbox: 0.6770  loss_dir: 0.1196
2025/12/07 05:08:56 - mmengine - INFO - Epoch(train)  [3][100/596]  lr: 9.0546e-04  eta: 0:49:45  time: 0.6379  data_time: 0.0023  memory: 4456  grad_norm: 8.5433  loss: 1.3338  loss_cls: 0.5102  loss_bbox: 0.7060  loss_dir: 0.1176
2025/12/07 05:09:28 - mmengine - INFO - Epoch(train)  [3][150/596]  lr: 9.0546e-04  eta: 0:49:13  time: 0.6401  data_time: 0.0023  memory: 4456  grad_norm: 8.3973  loss: 1.2900  loss_cls: 0.4892  loss_bbox: 0.6866  loss_dir: 0.1142
2025/12/07 05:10:00 - mmengine - INFO - Epoch(train)  [3][200/596]  lr: 9.0546e-04  eta: 0:48:40  time: 0.6372  data_time: 0.0024  memory: 4456  grad_norm: 7.6242  loss: 1.3632  loss_cls: 0.5055  loss_bbox: 0.7418  loss_dir: 0.1160
2025/12/07 05:10:32 - mmengine - INFO - Epoch(train)  [3][250/596]  lr: 9.0546e-04  eta: 0:48:08  time: 0.6400  data_time: 0.0023  memory: 4456  grad_norm: 8.1400  loss: 1.2454  loss_cls: 0.4901  loss_bbox: 0.6409  loss_dir: 0.1143
2025/12/07 05:11:04 - mmengine - INFO - Epoch(train)  [3][300/596]  lr: 9.0546e-04  eta: 0:47:36  time: 0.6390  data_time: 0.0024  memory: 4456  grad_norm: 8.0490  loss: 1.3003  loss_cls: 0.4961  loss_bbox: 0.6846  loss_dir: 0.1195
2025/12/07 05:11:36 - mmengine - INFO - Epoch(train)  [3][350/596]  lr: 9.0546e-04  eta: 0:47:04  time: 0.6390  data_time: 0.0024  memory: 4456  grad_norm: 8.5651  loss: 1.2142  loss_cls: 0.4909  loss_bbox: 0.6113  loss_dir: 0.1120
2025/12/07 05:12:08 - mmengine - INFO - Epoch(train)  [3][400/596]  lr: 9.0546e-04  eta: 0:46:32  time: 0.6378  data_time: 0.0024  memory: 4456  grad_norm: 9.1150  loss: 1.3055  loss_cls: 0.4764  loss_bbox: 0.7160  loss_dir: 0.1130
2025/12/07 05:12:40 - mmengine - INFO - Epoch(train)  [3][450/596]  lr: 9.0546e-04  eta: 0:46:00  time: 0.6382  data_time: 0.0023  memory: 4456  grad_norm: 7.5057  loss: 1.1914  loss_cls: 0.4365  loss_bbox: 0.6465  loss_dir: 0.1084
2025/12/07 05:13:12 - mmengine - INFO - Epoch(train)  [3][500/596]  lr: 9.0546e-04  eta: 0:45:28  time: 0.6395  data_time: 0.0023  memory: 4456  grad_norm: 8.3690  loss: 1.3040  loss_cls: 0.4670  loss_bbox: 0.7303  loss_dir: 0.1067
2025/12/07 05:13:44 - mmengine - INFO - Epoch(train)  [3][550/596]  lr: 9.0546e-04  eta: 0:44:56  time: 0.6388  data_time: 0.0023  memory: 4456  grad_norm: 7.4574  loss: 1.2799  loss_cls: 0.4809  loss_bbox: 0.6918  loss_dir: 0.1072
2025/12/07 05:14:13 - mmengine - INFO - Exp name: exp1_baseline_20251207_045253
2025/12/07 05:14:13 - mmengine - INFO - Saving checkpoint at 3 epochs
2025/12/07 05:14:20 - mmengine - INFO - Epoch(val)  [3][ 50/198]    eta: 0:00:18  time: 0.1257  data_time: 0.0012  memory: 4456  
2025/12/07 05:14:26 - mmengine - INFO - Epoch(val)  [3][100/198]    eta: 0:00:12  time: 0.1217  data_time: 0.0012  memory: 602  
2025/12/07 05:14:32 - mmengine - INFO - Epoch(val)  [3][150/198]    eta: 0:00:05  time: 0.1220  data_time: 0.0013  memory: 602  
2025/12/07 05:15:20 - mmengine - INFO - Epoch(val) [3][198/198]    NuScenes metric/pred_instances_3d_NuScenes/car_AP_dist_0.5: 0.1003  NuScenes metric/pred_instances_3d_NuScenes/car_AP_dist_1.0: 0.1635  NuScenes metric/pred_instances_3d_NuScenes/car_AP_dist_2.0: 0.1905  NuScenes metric/pred_instances_3d_NuScenes/car_AP_dist_4.0: 0.2088  NuScenes metric/pred_instances_3d_NuScenes/car_trans_err: 0.4073  NuScenes metric/pred_instances_3d_NuScenes/car_scale_err: 0.7440  NuScenes metric/pred_instances_3d_NuScenes/car_orient_err: 1.4790  NuScenes metric/pred_instances_3d_NuScenes/car_vel_err: 2.7783  NuScenes metric/pred_instances_3d_NuScenes/car_attr_err: 0.3489  NuScenes metric/pred_instances_3d_NuScenes/mATE: 0.9407  NuScenes metric/pred_instances_3d_NuScenes/mASE: 0.9744  NuScenes metric/pred_instances_3d_NuScenes/mAOE: 1.0532  NuScenes metric/pred_instances_3d_NuScenes/mAVE: 1.2223  NuScenes metric/pred_instances_3d_NuScenes/mAAE: 0.9186  NuScenes metric/pred_instances_3d_NuScenes/NDS: 0.0249  NuScenes metric/pred_instances_3d_NuScenes/mAP: 0.0166  data_time: 0.0013  time: 0.1219
2025/12/07 05:15:20 - mmengine - INFO - The previous best checkpoint /home/ziqi/Projects/CS5330/final_project/experiments/outputs/mmdet/exp1_baseline/exp1_baseline_20251207-045251/best_NuScenes metric_pred_instances_3d_NuScenes_car_AP_dist_0.5_epoch_2.pth is removed
2025/12/07 05:15:21 - mmengine - INFO - The best checkpoint with 0.1003 NuScenes metric/pred_instances_3d_NuScenes/car_AP_dist_0.5 at 3 epoch is saved to best_NuScenes metric_pred_instances_3d_NuScenes_car_AP_dist_0.5_epoch_3.pth.
2025/12/07 05:15:54 - mmengine - INFO - Epoch(train)  [4][ 50/596]  lr: 7.9595e-04  eta: 0:43:55  time: 0.6403  data_time: 0.0027  memory: 4456  grad_norm: 7.4364  loss: 1.1716  loss_cls: 0.4313  loss_bbox: 0.6363  loss_dir: 0.1040
2025/12/07 05:16:26 - mmengine - INFO - Epoch(train)  [4][100/596]  lr: 7.9595e-04  eta: 0:43:23  time: 0.6389  data_time: 0.0023  memory: 4456  grad_norm: 8.6756  loss: 1.2594  loss_cls: 0.4664  loss_bbox: 0.6883  loss_dir: 0.1046
2025/12/07 05:16:58 - mmengine - INFO - Epoch(train)  [4][150/596]  lr: 7.9595e-04  eta: 0:42:51  time: 0.6386  data_time: 0.0023  memory: 4456  grad_norm: 7.4809  loss: 1.1779  loss_cls: 0.4302  loss_bbox: 0.6420  loss_dir: 0.1057
2025/12/07 05:17:30 - mmengine - INFO - Epoch(train)  [4][200/596]  lr: 7.9595e-04  eta: 0:42:19  time: 0.6406  data_time: 0.0024  memory: 4456  grad_norm: 7.6316  loss: 1.0681  loss_cls: 0.4128  loss_bbox: 0.5592  loss_dir: 0.0961
2025/12/07 05:17:38 - mmengine - INFO - Exp name: exp1_baseline_20251207_045253
2025/12/07 05:18:02 - mmengine - INFO - Epoch(train)  [4][250/596]  lr: 7.9595e-04  eta: 0:41:47  time: 0.6397  data_time: 0.0025  memory: 4456  grad_norm: 7.4934  loss: 1.2179  loss_cls: 0.4573  loss_bbox: 0.6584  loss_dir: 0.1021
2025/12/07 05:18:34 - mmengine - INFO - Epoch(train)  [4][300/596]  lr: 7.9595e-04  eta: 0:41:15  time: 0.6393  data_time: 0.0024  memory: 4456  grad_norm: 7.1750  loss: 1.1219  loss_cls: 0.4281  loss_bbox: 0.5906  loss_dir: 0.1032
2025/12/07 05:19:06 - mmengine - INFO - Epoch(train)  [4][350/596]  lr: 7.9595e-04  eta: 0:40:43  time: 0.6385  data_time: 0.0024  memory: 4456  grad_norm: 7.5676  loss: 1.1704  loss_cls: 0.4205  loss_bbox: 0.6428  loss_dir: 0.1072
2025/12/07 05:19:38 - mmengine - INFO - Epoch(train)  [4][400/596]  lr: 7.9595e-04  eta: 0:40:11  time: 0.6377  data_time: 0.0023  memory: 4456  grad_norm: 7.5193  loss: 1.0893  loss_cls: 0.3991  loss_bbox: 0.5877  loss_dir: 0.1025
2025/12/07 05:20:10 - mmengine - INFO - Epoch(train)  [4][450/596]  lr: 7.9595e-04  eta: 0:39:39  time: 0.6398  data_time: 0.0024  memory: 4456  grad_norm: 8.2192  loss: 1.1565  loss_cls: 0.4149  loss_bbox: 0.6421  loss_dir: 0.0996
2025/12/07 05:20:42 - mmengine - INFO - Epoch(train)  [4][500/596]  lr: 7.9595e-04  eta: 0:39:07  time: 0.6390  data_time: 0.0024  memory: 4456  grad_norm: 7.9482  loss: 1.0612  loss_cls: 0.3932  loss_bbox: 0.5698  loss_dir: 0.0981
2025/12/07 05:21:14 - mmengine - INFO - Epoch(train)  [4][550/596]  lr: 7.9595e-04  eta: 0:38:35  time: 0.6397  data_time: 0.0023  memory: 4456  grad_norm: 7.4173  loss: 1.0516  loss_cls: 0.3815  loss_bbox: 0.5696  loss_dir: 0.1005
2025/12/07 05:21:43 - mmengine - INFO - Exp name: exp1_baseline_20251207_045253
2025/12/07 05:21:43 - mmengine - INFO - Saving checkpoint at 4 epochs
2025/12/07 05:21:50 - mmengine - INFO - Epoch(val)  [4][ 50/198]    eta: 0:00:18  time: 0.1255  data_time: 0.0012  memory: 4456  
2025/12/07 05:21:56 - mmengine - INFO - Epoch(val)  [4][100/198]    eta: 0:00:12  time: 0.1224  data_time: 0.0013  memory: 602  
2025/12/07 05:22:03 - mmengine - INFO - Epoch(val)  [4][150/198]    eta: 0:00:05  time: 0.1228  data_time: 0.0014  memory: 602  
2025/12/07 05:22:51 - mmengine - INFO - Epoch(val) [4][198/198]    NuScenes metric/pred_instances_3d_NuScenes/car_AP_dist_0.5: 0.1682  NuScenes metric/pred_instances_3d_NuScenes/car_AP_dist_1.0: 0.2751  NuScenes metric/pred_instances_3d_NuScenes/car_AP_dist_2.0: 0.3815  NuScenes metric/pred_instances_3d_NuScenes/car_AP_dist_4.0: 0.4243  NuScenes metric/pred_instances_3d_NuScenes/car_trans_err: 0.4690  NuScenes metric/pred_instances_3d_NuScenes/car_scale_err: 0.7650  NuScenes metric/pred_instances_3d_NuScenes/car_orient_err: 1.6462  NuScenes metric/pred_instances_3d_NuScenes/car_vel_err: 2.8653  NuScenes metric/pred_instances_3d_NuScenes/car_attr_err: 0.3059  NuScenes metric/pred_instances_3d_NuScenes/mATE: 0.9469  NuScenes metric/pred_instances_3d_NuScenes/mASE: 0.9765  NuScenes metric/pred_instances_3d_NuScenes/mAOE: 1.0718  NuScenes metric/pred_instances_3d_NuScenes/mAVE: 1.2332  NuScenes metric/pred_instances_3d_NuScenes/mAAE: 0.9132  NuScenes metric/pred_instances_3d_NuScenes/NDS: 0.0320  NuScenes metric/pred_instances_3d_NuScenes/mAP: 0.0312  data_time: 0.0013  time: 0.1223
2025/12/07 05:22:51 - mmengine - INFO - The previous best checkpoint /home/ziqi/Projects/CS5330/final_project/experiments/outputs/mmdet/exp1_baseline/exp1_baseline_20251207-045251/best_NuScenes metric_pred_instances_3d_NuScenes_car_AP_dist_0.5_epoch_3.pth is removed
2025/12/07 05:22:51 - mmengine - INFO - The best checkpoint with 0.1682 NuScenes metric/pred_instances_3d_NuScenes/car_AP_dist_0.5 at 4 epoch is saved to best_NuScenes metric_pred_instances_3d_NuScenes_car_AP_dist_0.5_epoch_4.pth.
2025/12/07 05:23:24 - mmengine - INFO - Epoch(train)  [5][ 50/596]  lr: 6.5796e-04  eta: 0:37:34  time: 0.6409  data_time: 0.0028  memory: 4456  grad_norm: 7.7548  loss: 1.0974  loss_cls: 0.4038  loss_bbox: 0.6002  loss_dir: 0.0934
2025/12/07 05:23:56 - mmengine - INFO - Epoch(train)  [5][100/596]  lr: 6.5796e-04  eta: 0:37:02  time: 0.6392  data_time: 0.0023  memory: 4456  grad_norm: 8.5352  loss: 1.0566  loss_cls: 0.3601  loss_bbox: 0.6048  loss_dir: 0.0917
2025/12/07 05:24:28 - mmengine - INFO - Epoch(train)  [5][150/596]  lr: 6.5796e-04  eta: 0:36:30  time: 0.6383  data_time: 0.0023  memory: 4456  grad_norm: 7.2015  loss: 1.0207  loss_cls: 0.3639  loss_bbox: 0.5598  loss_dir: 0.0970
2025/12/07 05:25:00 - mmengine - INFO - Epoch(train)  [5][200/596]  lr: 6.5796e-04  eta: 0:35:58  time: 0.6401  data_time: 0.0023  memory: 4456  grad_norm: 7.9815  loss: 1.0520  loss_cls: 0.3714  loss_bbox: 0.5910  loss_dir: 0.0896
2025/12/07 05:25:32 - mmengine - INFO - Epoch(train)  [5][250/596]  lr: 6.5796e-04  eta: 0:35:26  time: 0.6398  data_time: 0.0024  memory: 4456  grad_norm: 7.6747  loss: 1.0017  loss_cls: 0.3752  loss_bbox: 0.5375  loss_dir: 0.0890
2025/12/07 05:26:04 - mmengine - INFO - Epoch(train)  [5][300/596]  lr: 6.5796e-04  eta: 0:34:54  time: 0.6393  data_time: 0.0024  memory: 4456  grad_norm: 8.4232  loss: 1.0468  loss_cls: 0.3863  loss_bbox: 0.5772  loss_dir: 0.0833
2025/12/07 05:26:36 - mmengine - INFO - Epoch(train)  [5][350/596]  lr: 6.5796e-04  eta: 0:34:22  time: 0.6391  data_time: 0.0024  memory: 4456  grad_norm: 6.9443  loss: 1.0026  loss_cls: 0.3583  loss_bbox: 0.5514  loss_dir: 0.0928
2025/12/07 05:27:08 - mmengine - INFO - Epoch(train)  [5][400/596]  lr: 6.5796e-04  eta: 0:33:50  time: 0.6388  data_time: 0.0023  memory: 4456  grad_norm: 7.3395  loss: 0.9482  loss_cls: 0.3232  loss_bbox: 0.5269  loss_dir: 0.0981
2025/12/07 05:27:40 - mmengine - INFO - Epoch(train)  [5][450/596]  lr: 6.5796e-04  eta: 0:33:18  time: 0.6385  data_time: 0.0024  memory: 4456  grad_norm: 7.7767  loss: 1.0208  loss_cls: 0.3500  loss_bbox: 0.5831  loss_dir: 0.0877
2025/12/07 05:28:12 - mmengine - INFO - Epoch(train)  [5][500/596]  lr: 6.5796e-04  eta: 0:32:46  time: 0.6401  data_time: 0.0023  memory: 4456  grad_norm: 7.2199  loss: 1.0369  loss_cls: 0.3569  loss_bbox: 0.5920  loss_dir: 0.0880
2025/12/07 05:28:44 - mmengine - INFO - Epoch(train)  [5][550/596]  lr: 6.5796e-04  eta: 0:32:14  time: 0.6399  data_time: 0.0023  memory: 4456  grad_norm: 7.6924  loss: 1.0170  loss_cls: 0.3661  loss_bbox: 0.5679  loss_dir: 0.0831
2025/12/07 05:29:13 - mmengine - INFO - Exp name: exp1_baseline_20251207_045253
2025/12/07 05:29:13 - mmengine - INFO - Saving checkpoint at 5 epochs
2025/12/07 05:29:21 - mmengine - INFO - Epoch(val)  [5][ 50/198]    eta: 0:00:18  time: 0.1256  data_time: 0.0012  memory: 4456  
2025/12/07 05:29:27 - mmengine - INFO - Epoch(val)  [5][100/198]    eta: 0:00:12  time: 0.1220  data_time: 0.0012  memory: 602  
2025/12/07 05:29:33 - mmengine - INFO - Epoch(val)  [5][150/198]    eta: 0:00:05  time: 0.1225  data_time: 0.0013  memory: 602  
2025/12/07 05:30:20 - mmengine - INFO - Epoch(val) [5][198/198]    NuScenes metric/pred_instances_3d_NuScenes/car_AP_dist_0.5: 0.1399  NuScenes metric/pred_instances_3d_NuScenes/car_AP_dist_1.0: 0.2736  NuScenes metric/pred_instances_3d_NuScenes/car_AP_dist_2.0: 0.3413  NuScenes metric/pred_instances_3d_NuScenes/car_AP_dist_4.0: 0.3654  NuScenes metric/pred_instances_3d_NuScenes/car_trans_err: 0.4587  NuScenes metric/pred_instances_3d_NuScenes/car_scale_err: 0.7575  NuScenes metric/pred_instances_3d_NuScenes/car_orient_err: 1.4877  NuScenes metric/pred_instances_3d_NuScenes/car_vel_err: 2.8308  NuScenes metric/pred_instances_3d_NuScenes/car_attr_err: 0.4452  NuScenes metric/pred_instances_3d_NuScenes/mATE: 0.9459  NuScenes metric/pred_instances_3d_NuScenes/mASE: 0.9757  NuScenes metric/pred_instances_3d_NuScenes/mAOE: 1.0542  NuScenes metric/pred_instances_3d_NuScenes/mAVE: 1.2289  NuScenes metric/pred_instances_3d_NuScenes/mAAE: 0.9306  NuScenes metric/pred_instances_3d_NuScenes/NDS: 0.0288  NuScenes metric/pred_instances_3d_NuScenes/mAP: 0.0280  data_time: 0.0013  time: 0.1221
2025/12/07 05:30:33 - mmengine - INFO - Exp name: exp1_baseline_20251207_045253
2025/12/07 05:30:52 - mmengine - INFO - Epoch(train)  [6][ 50/596]  lr: 5.0500e-04  eta: 0:31:13  time: 0.6399  data_time: 0.0027  memory: 4456  grad_norm: 8.1541  loss: 0.9397  loss_cls: 0.3399  loss_bbox: 0.5184  loss_dir: 0.0814
2025/12/07 05:31:24 - mmengine - INFO - Epoch(train)  [6][100/596]  lr: 5.0500e-04  eta: 0:30:41  time: 0.6387  data_time: 0.0023  memory: 4456  grad_norm: 7.4674  loss: 0.9451  loss_cls: 0.3244  loss_bbox: 0.5390  loss_dir: 0.0817
2025/12/07 05:31:56 - mmengine - INFO - Epoch(train)  [6][150/596]  lr: 5.0500e-04  eta: 0:30:09  time: 0.6402  data_time: 0.0024  memory: 4456  grad_norm: 7.4495  loss: 0.9458  loss_cls: 0.3199  loss_bbox: 0.5458  loss_dir: 0.0802
2025/12/07 05:32:28 - mmengine - INFO - Epoch(train)  [6][200/596]  lr: 5.0500e-04  eta: 0:29:37  time: 0.6400  data_time: 0.0023  memory: 4456  grad_norm: 7.3560  loss: 0.9127  loss_cls: 0.3184  loss_bbox: 0.5195  loss_dir: 0.0748
2025/12/07 05:33:00 - mmengine - INFO - Epoch(train)  [6][250/596]  lr: 5.0500e-04  eta: 0:29:05  time: 0.6387  data_time: 0.0023  memory: 4456  grad_norm: 7.5393  loss: 0.9351  loss_cls: 0.3163  loss_bbox: 0.5383  loss_dir: 0.0805
2025/12/07 05:33:32 - mmengine - INFO - Epoch(train)  [6][300/596]  lr: 5.0500e-04  eta: 0:28:33  time: 0.6401  data_time: 0.0024  memory: 4453  grad_norm: 7.8900  loss: 0.8829  loss_cls: 0.3268  loss_bbox: 0.4816  loss_dir: 0.0745
2025/12/07 05:34:04 - mmengine - INFO - Epoch(train)  [6][350/596]  lr: 5.0500e-04  eta: 0:28:01  time: 0.6408  data_time: 0.0023  memory: 4456  grad_norm: 6.7883  loss: 0.9259  loss_cls: 0.3322  loss_bbox: 0.5087  loss_dir: 0.0850
2025/12/07 05:34:36 - mmengine - INFO - Epoch(train)  [6][400/596]  lr: 5.0500e-04  eta: 0:27:29  time: 0.6383  data_time: 0.0023  memory: 4456  grad_norm: 6.9533  loss: 0.8965  loss_cls: 0.3079  loss_bbox: 0.5096  loss_dir: 0.0790
2025/12/07 05:35:08 - mmengine - INFO - Epoch(train)  [6][450/596]  lr: 5.0500e-04  eta: 0:26:57  time: 0.6406  data_time: 0.0023  memory: 4456  grad_norm: 7.2938  loss: 0.9011  loss_cls: 0.3197  loss_bbox: 0.4962  loss_dir: 0.0853
2025/12/07 05:35:40 - mmengine - INFO - Epoch(train)  [6][500/596]  lr: 5.0500e-04  eta: 0:26:25  time: 0.6394  data_time: 0.0023  memory: 4456  grad_norm: 6.6460  loss: 0.7967  loss_cls: 0.2875  loss_bbox: 0.4262  loss_dir: 0.0830
2025/12/07 05:36:12 - mmengine - INFO - Epoch(train)  [6][550/596]  lr: 5.0500e-04  eta: 0:25:53  time: 0.6403  data_time: 0.0025  memory: 4456  grad_norm: 7.8765  loss: 0.9125  loss_cls: 0.3125  loss_bbox: 0.5316  loss_dir: 0.0684
2025/12/07 05:36:42 - mmengine - INFO - Exp name: exp1_baseline_20251207_045253
2025/12/07 05:36:42 - mmengine - INFO - Saving checkpoint at 6 epochs
2025/12/07 05:36:49 - mmengine - INFO - Epoch(val)  [6][ 50/198]    eta: 0:00:18  time: 0.1257  data_time: 0.0012  memory: 4456  
2025/12/07 05:36:55 - mmengine - INFO - Epoch(val)  [6][100/198]    eta: 0:00:12  time: 0.1220  data_time: 0.0012  memory: 602  
2025/12/07 05:37:01 - mmengine - INFO - Epoch(val)  [6][150/198]    eta: 0:00:05  time: 0.1223  data_time: 0.0013  memory: 602  
2025/12/07 05:37:50 - mmengine - INFO - Epoch(val) [6][198/198]    NuScenes metric/pred_instances_3d_NuScenes/car_AP_dist_0.5: 0.1848  NuScenes metric/pred_instances_3d_NuScenes/car_AP_dist_1.0: 0.2571  NuScenes metric/pred_instances_3d_NuScenes/car_AP_dist_2.0: 0.4353  NuScenes metric/pred_instances_3d_NuScenes/car_AP_dist_4.0: 0.4827  NuScenes metric/pred_instances_3d_NuScenes/car_trans_err: 0.5142  NuScenes metric/pred_instances_3d_NuScenes/car_scale_err: 0.7571  NuScenes metric/pred_instances_3d_NuScenes/car_orient_err: 1.2359  NuScenes metric/pred_instances_3d_NuScenes/car_vel_err: 2.6625  NuScenes metric/pred_instances_3d_NuScenes/car_attr_err: 0.4044  NuScenes metric/pred_instances_3d_NuScenes/mATE: 0.9514  NuScenes metric/pred_instances_3d_NuScenes/mASE: 0.9757  NuScenes metric/pred_instances_3d_NuScenes/mAOE: 1.0262  NuScenes metric/pred_instances_3d_NuScenes/mAVE: 1.2078  NuScenes metric/pred_instances_3d_NuScenes/mAAE: 0.9255  NuScenes metric/pred_instances_3d_NuScenes/NDS: 0.0317  NuScenes metric/pred_instances_3d_NuScenes/mAP: 0.0340  data_time: 0.0013  time: 0.1221
2025/12/07 05:37:50 - mmengine - INFO - The previous best checkpoint /home/ziqi/Projects/CS5330/final_project/experiments/outputs/mmdet/exp1_baseline/exp1_baseline_20251207-045251/best_NuScenes metric_pred_instances_3d_NuScenes_car_AP_dist_0.5_epoch_4.pth is removed
2025/12/07 05:37:50 - mmengine - INFO - The best checkpoint with 0.1848 NuScenes metric/pred_instances_3d_NuScenes/car_AP_dist_0.5 at 6 epoch is saved to best_NuScenes metric_pred_instances_3d_NuScenes_car_AP_dist_0.5_epoch_6.pth.
2025/12/07 05:38:23 - mmengine - INFO - Epoch(train)  [7][ 50/596]  lr: 3.5204e-04  eta: 0:24:52  time: 0.6388  data_time: 0.0026  memory: 4456  grad_norm: 7.6032  loss: 0.9019  loss_cls: 0.2928  loss_bbox: 0.5368  loss_dir: 0.0723
2025/12/07 05:38:55 - mmengine - INFO - Epoch(train)  [7][100/596]  lr: 3.5204e-04  eta: 0:24:20  time: 0.6389  data_time: 0.0023  memory: 4456  grad_norm: 7.4151  loss: 0.9581  loss_cls: 0.2961  loss_bbox: 0.5877  loss_dir: 0.0743
2025/12/07 05:39:27 - mmengine - INFO - Epoch(train)  [7][150/596]  lr: 3.5204e-04  eta: 0:23:48  time: 0.6399  data_time: 0.0024  memory: 4456  grad_norm: 6.9171  loss: 0.7692  loss_cls: 0.2660  loss_bbox: 0.4434  loss_dir: 0.0598
2025/12/07 05:39:59 - mmengine - INFO - Epoch(train)  [7][200/596]  lr: 3.5204e-04  eta: 0:23:16  time: 0.6391  data_time: 0.0025  memory: 4456  grad_norm: 7.0095  loss: 0.7585  loss_cls: 0.2713  loss_bbox: 0.4214  loss_dir: 0.0658
2025/12/07 05:40:31 - mmengine - INFO - Epoch(train)  [7][250/596]  lr: 3.5204e-04  eta: 0:22:44  time: 0.6391  data_time: 0.0024  memory: 4456  grad_norm: 7.0348  loss: 0.8012  loss_cls: 0.2728  loss_bbox: 0.4571  loss_dir: 0.0713
2025/12/07 05:41:03 - mmengine - INFO - Epoch(train)  [7][300/596]  lr: 3.5204e-04  eta: 0:22:12  time: 0.6405  data_time: 0.0024  memory: 4456  grad_norm: 7.1277  loss: 0.7210  loss_cls: 0.2433  loss_bbox: 0.4182  loss_dir: 0.0595
2025/12/07 05:41:35 - mmengine - INFO - Epoch(train)  [7][350/596]  lr: 3.5204e-04  eta: 0:21:40  time: 0.6391  data_time: 0.0023  memory: 4456  grad_norm: 7.8725  loss: 0.7975  loss_cls: 0.2505  loss_bbox: 0.4851  loss_dir: 0.0620
2025/12/07 05:42:07 - mmengine - INFO - Epoch(train)  [7][400/596]  lr: 3.5204e-04  eta: 0:21:08  time: 0.6393  data_time: 0.0023  memory: 4456  grad_norm: 7.1027  loss: 0.8301  loss_cls: 0.2771  loss_bbox: 0.4899  loss_dir: 0.0631
2025/12/07 05:42:22 - mmengine - INFO - Exp name: exp1_baseline_20251207_045253
2025/12/07 05:42:39 - mmengine - INFO - Epoch(train)  [7][450/596]  lr: 3.5204e-04  eta: 0:20:36  time: 0.6389  data_time: 0.0024  memory: 4456  grad_norm: 6.6206  loss: 0.7612  loss_cls: 0.2746  loss_bbox: 0.4205  loss_dir: 0.0662
2025/12/07 05:43:11 - mmengine - INFO - Epoch(train)  [7][500/596]  lr: 3.5204e-04  eta: 0:20:04  time: 0.6403  data_time: 0.0025  memory: 4456  grad_norm: 6.8296  loss: 0.7356  loss_cls: 0.2609  loss_bbox: 0.4047  loss_dir: 0.0699
2025/12/07 05:43:43 - mmengine - INFO - Epoch(train)  [7][550/596]  lr: 3.5204e-04  eta: 0:19:32  time: 0.6398  data_time: 0.0024  memory: 4456  grad_norm: 7.2183  loss: 0.8142  loss_cls: 0.2899  loss_bbox: 0.4624  loss_dir: 0.0620
2025/12/07 05:44:12 - mmengine - INFO - Exp name: exp1_baseline_20251207_045253
2025/12/07 05:44:12 - mmengine - INFO - Saving checkpoint at 7 epochs
2025/12/07 05:44:20 - mmengine - INFO - Epoch(val)  [7][ 50/198]    eta: 0:00:18  time: 0.1257  data_time: 0.0012  memory: 4456  
2025/12/07 05:44:26 - mmengine - INFO - Epoch(val)  [7][100/198]    eta: 0:00:12  time: 0.1220  data_time: 0.0012  memory: 602  
2025/12/07 05:44:32 - mmengine - INFO - Epoch(val)  [7][150/198]    eta: 0:00:05  time: 0.1224  data_time: 0.0014  memory: 602  
2025/12/07 05:45:20 - mmengine - INFO - Epoch(val) [7][198/198]    NuScenes metric/pred_instances_3d_NuScenes/car_AP_dist_0.5: 0.1666  NuScenes metric/pred_instances_3d_NuScenes/car_AP_dist_1.0: 0.3047  NuScenes metric/pred_instances_3d_NuScenes/car_AP_dist_2.0: 0.4435  NuScenes metric/pred_instances_3d_NuScenes/car_AP_dist_4.0: 0.4857  NuScenes metric/pred_instances_3d_NuScenes/car_trans_err: 0.4707  NuScenes metric/pred_instances_3d_NuScenes/car_scale_err: 0.7616  NuScenes metric/pred_instances_3d_NuScenes/car_orient_err: 1.3317  NuScenes metric/pred_instances_3d_NuScenes/car_vel_err: 2.9091  NuScenes metric/pred_instances_3d_NuScenes/car_attr_err: 0.3672  NuScenes metric/pred_instances_3d_NuScenes/mATE: 0.9471  NuScenes metric/pred_instances_3d_NuScenes/mASE: 0.9762  NuScenes metric/pred_instances_3d_NuScenes/mAOE: 1.0369  NuScenes metric/pred_instances_3d_NuScenes/mAVE: 1.2386  NuScenes metric/pred_instances_3d_NuScenes/mAAE: 0.9209  NuScenes metric/pred_instances_3d_NuScenes/NDS: 0.0331  NuScenes metric/pred_instances_3d_NuScenes/mAP: 0.0350  data_time: 0.0014  time: 0.1223
2025/12/07 05:45:52 - mmengine - INFO - Epoch(train)  [8][ 50/596]  lr: 2.1405e-04  eta: 0:18:31  time: 0.6406  data_time: 0.0026  memory: 4456  grad_norm: 5.2662  loss: 0.6685  loss_cls: 0.2303  loss_bbox: 0.3915  loss_dir: 0.0466
2025/12/07 05:46:24 - mmengine - INFO - Epoch(train)  [8][100/596]  lr: 2.1405e-04  eta: 0:17:59  time: 0.6389  data_time: 0.0023  memory: 4456  grad_norm: 6.5576  loss: 0.7378  loss_cls: 0.2528  loss_bbox: 0.4283  loss_dir: 0.0567
2025/12/07 05:46:56 - mmengine - INFO - Epoch(train)  [8][150/596]  lr: 2.1405e-04  eta: 0:17:27  time: 0.6377  data_time: 0.0025  memory: 4456  grad_norm: 6.9212  loss: 0.7633  loss_cls: 0.2470  loss_bbox: 0.4646  loss_dir: 0.0516
2025/12/07 05:47:28 - mmengine - INFO - Epoch(train)  [8][200/596]  lr: 2.1405e-04  eta: 0:16:55  time: 0.6390  data_time: 0.0023  memory: 4456  grad_norm: 6.5246  loss: 0.7002  loss_cls: 0.2426  loss_bbox: 0.3997  loss_dir: 0.0578
2025/12/07 05:48:00 - mmengine - INFO - Epoch(train)  [8][250/596]  lr: 2.1405e-04  eta: 0:16:23  time: 0.6396  data_time: 0.0024  memory: 4456  grad_norm: 6.5569  loss: 0.6808  loss_cls: 0.2319  loss_bbox: 0.3908  loss_dir: 0.0581
2025/12/07 05:48:32 - mmengine - INFO - Epoch(train)  [8][300/596]  lr: 2.1405e-04  eta: 0:15:51  time: 0.6406  data_time: 0.0026  memory: 4456  grad_norm: 6.7295  loss: 0.6879  loss_cls: 0.2025  loss_bbox: 0.4297  loss_dir: 0.0556
2025/12/07 05:49:04 - mmengine - INFO - Epoch(train)  [8][350/596]  lr: 2.1405e-04  eta: 0:15:19  time: 0.6394  data_time: 0.0024  memory: 4456  grad_norm: 6.4332  loss: 0.7270  loss_cls: 0.2102  loss_bbox: 0.4551  loss_dir: 0.0617
2025/12/07 05:49:36 - mmengine - INFO - Epoch(train)  [8][400/596]  lr: 2.1405e-04  eta: 0:14:47  time: 0.6407  data_time: 0.0024  memory: 4456  grad_norm: 6.7592  loss: 0.6855  loss_cls: 0.2271  loss_bbox: 0.4066  loss_dir: 0.0517
2025/12/07 05:50:08 - mmengine - INFO - Epoch(train)  [8][450/596]  lr: 2.1405e-04  eta: 0:14:15  time: 0.6395  data_time: 0.0023  memory: 4456  grad_norm: 6.3965  loss: 0.7189  loss_cls: 0.2358  loss_bbox: 0.4285  loss_dir: 0.0545
2025/12/07 05:50:40 - mmengine - INFO - Epoch(train)  [8][500/596]  lr: 2.1405e-04  eta: 0:13:43  time: 0.6397  data_time: 0.0025  memory: 4456  grad_norm: 6.9431  loss: 0.7931  loss_cls: 0.2377  loss_bbox: 0.4948  loss_dir: 0.0606
2025/12/07 05:51:12 - mmengine - INFO - Epoch(train)  [8][550/596]  lr: 2.1405e-04  eta: 0:13:11  time: 0.6388  data_time: 0.0023  memory: 4456  grad_norm: 6.5561  loss: 0.6775  loss_cls: 0.2345  loss_bbox: 0.3884  loss_dir: 0.0546
2025/12/07 05:51:41 - mmengine - INFO - Exp name: exp1_baseline_20251207_045253
2025/12/07 05:51:41 - mmengine - INFO - Saving checkpoint at 8 epochs
2025/12/07 05:51:49 - mmengine - INFO - Epoch(val)  [8][ 50/198]    eta: 0:00:18  time: 0.1257  data_time: 0.0012  memory: 4456  
2025/12/07 05:51:55 - mmengine - INFO - Epoch(val)  [8][100/198]    eta: 0:00:12  time: 0.1223  data_time: 0.0013  memory: 602  
2025/12/07 05:52:01 - mmengine - INFO - Epoch(val)  [8][150/198]    eta: 0:00:05  time: 0.1226  data_time: 0.0014  memory: 602  
2025/12/07 05:52:48 - mmengine - INFO - Epoch(val) [8][198/198]    NuScenes metric/pred_instances_3d_NuScenes/car_AP_dist_0.5: 0.1986  NuScenes metric/pred_instances_3d_NuScenes/car_AP_dist_1.0: 0.2861  NuScenes metric/pred_instances_3d_NuScenes/car_AP_dist_2.0: 0.4380  NuScenes metric/pred_instances_3d_NuScenes/car_AP_dist_4.0: 0.4940  NuScenes metric/pred_instances_3d_NuScenes/car_trans_err: 0.4597  NuScenes metric/pred_instances_3d_NuScenes/car_scale_err: 0.7593  NuScenes metric/pred_instances_3d_NuScenes/car_orient_err: 1.4292  NuScenes metric/pred_instances_3d_NuScenes/car_vel_err: 2.8755  NuScenes metric/pred_instances_3d_NuScenes/car_attr_err: 0.4367  NuScenes metric/pred_instances_3d_NuScenes/mATE: 0.9460  NuScenes metric/pred_instances_3d_NuScenes/mASE: 0.9759  NuScenes metric/pred_instances_3d_NuScenes/mAOE: 1.0477  NuScenes metric/pred_instances_3d_NuScenes/mAVE: 1.2344  NuScenes metric/pred_instances_3d_NuScenes/mAAE: 0.9296  NuScenes metric/pred_instances_3d_NuScenes/NDS: 0.0326  NuScenes metric/pred_instances_3d_NuScenes/mAP: 0.0354  data_time: 0.0013  time: 0.1223
2025/12/07 05:52:48 - mmengine - INFO - The previous best checkpoint /home/ziqi/Projects/CS5330/final_project/experiments/outputs/mmdet/exp1_baseline/exp1_baseline_20251207-045251/best_NuScenes metric_pred_instances_3d_NuScenes_car_AP_dist_0.5_epoch_6.pth is removed
2025/12/07 05:52:49 - mmengine - INFO - The best checkpoint with 0.1986 NuScenes metric/pred_instances_3d_NuScenes/car_AP_dist_0.5 at 8 epoch is saved to best_NuScenes metric_pred_instances_3d_NuScenes_car_AP_dist_0.5_epoch_8.pth.
2025/12/07 05:53:22 - mmengine - INFO - Epoch(train)  [9][ 50/596]  lr: 1.0454e-04  eta: 0:12:10  time: 0.6418  data_time: 0.0030  memory: 4456  grad_norm: 6.0922  loss: 0.6433  loss_cls: 0.2067  loss_bbox: 0.3903  loss_dir: 0.0463
2025/12/07 05:53:54 - mmengine - INFO - Epoch(train)  [9][100/596]  lr: 1.0454e-04  eta: 0:11:38  time: 0.6400  data_time: 0.0024  memory: 4456  grad_norm: 6.0333  loss: 0.6566  loss_cls: 0.2063  loss_bbox: 0.4040  loss_dir: 0.0463
2025/12/07 05:54:26 - mmengine - INFO - Epoch(train)  [9][150/596]  lr: 1.0454e-04  eta: 0:11:06  time: 0.6393  data_time: 0.0023  memory: 4456  grad_norm: 5.7882  loss: 0.6163  loss_cls: 0.1824  loss_bbox: 0.3838  loss_dir: 0.0500
2025/12/07 05:54:58 - mmengine - INFO - Epoch(train)  [9][200/596]  lr: 1.0454e-04  eta: 0:10:34  time: 0.6401  data_time: 0.0023  memory: 4456  grad_norm: 6.5556  loss: 0.6468  loss_cls: 0.1883  loss_bbox: 0.4086  loss_dir: 0.0498
2025/12/07 05:55:19 - mmengine - INFO - Exp name: exp1_baseline_20251207_045253
2025/12/07 05:55:30 - mmengine - INFO - Epoch(train)  [9][250/596]  lr: 1.0454e-04  eta: 0:10:02  time: 0.6392  data_time: 0.0023  memory: 4456  grad_norm: 6.2984  loss: 0.6145  loss_cls: 0.1793  loss_bbox: 0.4004  loss_dir: 0.0348
2025/12/07 05:56:02 - mmengine - INFO - Epoch(train)  [9][300/596]  lr: 1.0454e-04  eta: 0:09:30  time: 0.6394  data_time: 0.0024  memory: 4456  grad_norm: 6.4626  loss: 0.5981  loss_cls: 0.1885  loss_bbox: 0.3662  loss_dir: 0.0434
2025/12/07 05:56:34 - mmengine - INFO - Epoch(train)  [9][350/596]  lr: 1.0454e-04  eta: 0:08:58  time: 0.6382  data_time: 0.0024  memory: 4456  grad_norm: 7.0629  loss: 0.6059  loss_cls: 0.1847  loss_bbox: 0.3735  loss_dir: 0.0476
2025/12/07 05:57:06 - mmengine - INFO - Epoch(train)  [9][400/596]  lr: 1.0454e-04  eta: 0:08:26  time: 0.6389  data_time: 0.0023  memory: 4456  grad_norm: 6.2130  loss: 0.6206  loss_cls: 0.1745  loss_bbox: 0.4038  loss_dir: 0.0423
2025/12/07 05:57:38 - mmengine - INFO - Epoch(train)  [9][450/596]  lr: 1.0454e-04  eta: 0:07:54  time: 0.6385  data_time: 0.0025  memory: 4456  grad_norm: 6.7042  loss: 0.5878  loss_cls: 0.1871  loss_bbox: 0.3609  loss_dir: 0.0398
2025/12/07 05:58:10 - mmengine - INFO - Epoch(train)  [9][500/596]  lr: 1.0454e-04  eta: 0:07:22  time: 0.6399  data_time: 0.0024  memory: 4456  grad_norm: 6.7538  loss: 0.6411  loss_cls: 0.2019  loss_bbox: 0.3948  loss_dir: 0.0444
2025/12/07 05:58:42 - mmengine - INFO - Epoch(train)  [9][550/596]  lr: 1.0454e-04  eta: 0:06:50  time: 0.6396  data_time: 0.0023  memory: 4456  grad_norm: 6.6239  loss: 0.7280  loss_cls: 0.2069  loss_bbox: 0.4762  loss_dir: 0.0449
2025/12/07 05:59:11 - mmengine - INFO - Exp name: exp1_baseline_20251207_045253
2025/12/07 05:59:11 - mmengine - INFO - Saving checkpoint at 9 epochs
2025/12/07 05:59:18 - mmengine - INFO - Epoch(val)  [9][ 50/198]    eta: 0:00:18  time: 0.1255  data_time: 0.0013  memory: 4456  
2025/12/07 05:59:25 - mmengine - INFO - Epoch(val)  [9][100/198]    eta: 0:00:12  time: 0.1220  data_time: 0.0012  memory: 602  
2025/12/07 05:59:31 - mmengine - INFO - Epoch(val)  [9][150/198]    eta: 0:00:05  time: 0.1223  data_time: 0.0013  memory: 602  
2025/12/07 06:00:17 - mmengine - INFO - Epoch(val) [9][198/198]    NuScenes metric/pred_instances_3d_NuScenes/car_AP_dist_0.5: 0.1923  NuScenes metric/pred_instances_3d_NuScenes/car_AP_dist_1.0: 0.2729  NuScenes metric/pred_instances_3d_NuScenes/car_AP_dist_2.0: 0.4457  NuScenes metric/pred_instances_3d_NuScenes/car_AP_dist_4.0: 0.5029  NuScenes metric/pred_instances_3d_NuScenes/car_trans_err: 0.5006  NuScenes metric/pred_instances_3d_NuScenes/car_scale_err: 0.7523  NuScenes metric/pred_instances_3d_NuScenes/car_orient_err: 1.2425  NuScenes metric/pred_instances_3d_NuScenes/car_vel_err: 2.9079  NuScenes metric/pred_instances_3d_NuScenes/car_attr_err: 0.3557  NuScenes metric/pred_instances_3d_NuScenes/mATE: 0.9501  NuScenes metric/pred_instances_3d_NuScenes/mASE: 0.9752  NuScenes metric/pred_instances_3d_NuScenes/mAOE: 1.0269  NuScenes metric/pred_instances_3d_NuScenes/mAVE: 1.2385  NuScenes metric/pred_instances_3d_NuScenes/mAAE: 0.9195  NuScenes metric/pred_instances_3d_NuScenes/NDS: 0.0332  NuScenes metric/pred_instances_3d_NuScenes/mAP: 0.0353  data_time: 0.0013  time: 0.1220
2025/12/07 06:00:49 - mmengine - INFO - Epoch(train) [10][ 50/596]  lr: 3.4227e-05  eta: 0:05:49  time: 0.6383  data_time: 0.0027  memory: 4456  grad_norm: 5.9644  loss: 0.6191  loss_cls: 0.1809  loss_bbox: 0.3901  loss_dir: 0.0481
2025/12/07 06:01:21 - mmengine - INFO - Epoch(train) [10][100/596]  lr: 3.4227e-05  eta: 0:05:17  time: 0.6385  data_time: 0.0023  memory: 4456  grad_norm: 6.2881  loss: 0.5497  loss_cls: 0.1766  loss_bbox: 0.3413  loss_dir: 0.0318
2025/12/07 06:01:53 - mmengine - INFO - Epoch(train) [10][150/596]  lr: 3.4227e-05  eta: 0:04:45  time: 0.6387  data_time: 0.0023  memory: 4456  grad_norm: 5.9707  loss: 0.5273  loss_cls: 0.1617  loss_bbox: 0.3270  loss_dir: 0.0386
2025/12/07 06:02:25 - mmengine - INFO - Epoch(train) [10][200/596]  lr: 3.4227e-05  eta: 0:04:13  time: 0.6385  data_time: 0.0023  memory: 4456  grad_norm: 6.2455  loss: 0.6314  loss_cls: 0.1697  loss_bbox: 0.4244  loss_dir: 0.0373
2025/12/07 06:02:57 - mmengine - INFO - Epoch(train) [10][250/596]  lr: 3.4227e-05  eta: 0:03:41  time: 0.6398  data_time: 0.0023  memory: 4456  grad_norm: 5.9013  loss: 0.6003  loss_cls: 0.1905  loss_bbox: 0.3659  loss_dir: 0.0439
2025/12/07 06:03:29 - mmengine - INFO - Epoch(train) [10][300/596]  lr: 3.4227e-05  eta: 0:03:09  time: 0.6405  data_time: 0.0024  memory: 4456  grad_norm: 6.0606  loss: 0.5972  loss_cls: 0.1562  loss_bbox: 0.4091  loss_dir: 0.0319
2025/12/07 06:04:01 - mmengine - INFO - Epoch(train) [10][350/596]  lr: 3.4227e-05  eta: 0:02:37  time: 0.6408  data_time: 0.0024  memory: 4456  grad_norm: 5.9033  loss: 0.6162  loss_cls: 0.1841  loss_bbox: 0.3874  loss_dir: 0.0446
2025/12/07 06:04:33 - mmengine - INFO - Epoch(train) [10][400/596]  lr: 3.4227e-05  eta: 0:02:05  time: 0.6398  data_time: 0.0024  memory: 4456  grad_norm: 6.1794  loss: 0.5435  loss_cls: 0.1609  loss_bbox: 0.3485  loss_dir: 0.0340
2025/12/07 06:05:05 - mmengine - INFO - Epoch(train) [10][450/596]  lr: 3.4227e-05  eta: 0:01:33  time: 0.6404  data_time: 0.0024  memory: 4456  grad_norm: 5.9670  loss: 0.5795  loss_cls: 0.1714  loss_bbox: 0.3703  loss_dir: 0.0378
2025/12/07 06:05:37 - mmengine - INFO - Epoch(train) [10][500/596]  lr: 3.4227e-05  eta: 0:01:01  time: 0.6392  data_time: 0.0024  memory: 4456  grad_norm: 5.9406  loss: 0.6210  loss_cls: 0.1651  loss_bbox: 0.4190  loss_dir: 0.0369
2025/12/07 06:06:09 - mmengine - INFO - Epoch(train) [10][550/596]  lr: 3.4227e-05  eta: 0:00:29  time: 0.6396  data_time: 0.0023  memory: 4456  grad_norm: 6.1084  loss: 0.5225  loss_cls: 0.1622  loss_bbox: 0.3203  loss_dir: 0.0400
2025/12/07 06:06:39 - mmengine - INFO - Exp name: exp1_baseline_20251207_045253
2025/12/07 06:06:39 - mmengine - INFO - Saving checkpoint at 10 epochs
2025/12/07 06:06:46 - mmengine - INFO - Epoch(val) [10][ 50/198]    eta: 0:00:18  time: 0.1257  data_time: 0.0012  memory: 4456  
2025/12/07 06:06:52 - mmengine - INFO - Epoch(val) [10][100/198]    eta: 0:00:12  time: 0.1220  data_time: 0.0012  memory: 602  
2025/12/07 06:06:58 - mmengine - INFO - Epoch(val) [10][150/198]    eta: 0:00:05  time: 0.1223  data_time: 0.0013  memory: 602  
2025/12/07 06:07:45 - mmengine - INFO - Epoch(val) [10][198/198]    NuScenes metric/pred_instances_3d_NuScenes/car_AP_dist_0.5: 0.2182  NuScenes metric/pred_instances_3d_NuScenes/car_AP_dist_1.0: 0.3102  NuScenes metric/pred_instances_3d_NuScenes/car_AP_dist_2.0: 0.4614  NuScenes metric/pred_instances_3d_NuScenes/car_AP_dist_4.0: 0.5087  NuScenes metric/pred_instances_3d_NuScenes/car_trans_err: 0.4548  NuScenes metric/pred_instances_3d_NuScenes/car_scale_err: 0.7543  NuScenes metric/pred_instances_3d_NuScenes/car_orient_err: 1.3234  NuScenes metric/pred_instances_3d_NuScenes/car_vel_err: 2.9224  NuScenes metric/pred_instances_3d_NuScenes/car_attr_err: 0.4022  NuScenes metric/pred_instances_3d_NuScenes/mATE: 0.9455  NuScenes metric/pred_instances_3d_NuScenes/mASE: 0.9754  NuScenes metric/pred_instances_3d_NuScenes/mAOE: 1.0359  NuScenes metric/pred_instances_3d_NuScenes/mAVE: 1.2403  NuScenes metric/pred_instances_3d_NuScenes/mAAE: 0.9253  NuScenes metric/pred_instances_3d_NuScenes/NDS: 0.0341  NuScenes metric/pred_instances_3d_NuScenes/mAP: 0.0375  data_time: 0.0013  time: 0.1221
2025/12/07 06:07:45 - mmengine - INFO - The previous best checkpoint /home/ziqi/Projects/CS5330/final_project/experiments/outputs/mmdet/exp1_baseline/exp1_baseline_20251207-045251/best_NuScenes metric_pred_instances_3d_NuScenes_car_AP_dist_0.5_epoch_8.pth is removed
2025/12/07 06:07:46 - mmengine - INFO - The best checkpoint with 0.2182 NuScenes metric/pred_instances_3d_NuScenes/car_AP_dist_0.5 at 10 epoch is saved to best_NuScenes metric_pred_instances_3d_NuScenes_car_AP_dist_0.5_epoch_10.pth.
